{"total": {"lines":{"total":22128,"covered":0,"skipped":0,"pct":0},"statements":{"total":22128,"covered":0,"skipped":0,"pct":0},"functions":{"total":47,"covered":0,"skipped":0,"pct":0},"branches":{"total":47,"covered":0,"skipped":0,"pct":0},"branchesTrue":{"total":0,"covered":0,"skipped":0,"pct":100}}
,"/Users/theophilusogieva/Desktop/NexusTradeAI/services/trading-engine/src/app.js": {"lines":{"total":219,"covered":0,"skipped":0,"pct":0},"functions":{"total":1,"covered":0,"skipped":0,"pct":0},"statements":{"total":219,"covered":0,"skipped":0,"pct":0},"branches":{"total":1,"covered":0,"skipped":0,"pct":0}}
,"/Users/theophilusogieva/Desktop/NexusTradeAI/services/trading-engine/src/tradingEngine.js": {"lines":{"total":486,"covered":0,"skipped":0,"pct":0},"functions":{"total":1,"covered":0,"skipped":0,"pct":0},"statements":{"total":486,"covered":0,"skipped":0,"pct":0},"branches":{"total":1,"covered":0,"skipped":0,"pct":0}}
,"/Users/theophilusogieva/Desktop/NexusTradeAI/services/trading-engine/src/api/portfolioAutomationAPI.js": {"lines":{"total":445,"covered":0,"skipped":0,"pct":0},"functions":{"total":1,"covered":0,"skipped":0,"pct":0},"statements":{"total":445,"covered":0,"skipped":0,"pct":0},"branches":{"total":1,"covered":0,"skipped":0,"pct":0}}
,"/Users/theophilusogieva/Desktop/NexusTradeAI/services/trading-engine/src/api/strategyExecutionAPI.js": {"lines":{"total":687,"covered":0,"skipped":0,"pct":0},"functions":{"total":1,"covered":0,"skipped":0,"pct":0},"statements":{"total":687,"covered":0,"skipped":0,"pct":0},"branches":{"total":1,"covered":0,"skipped":0,"pct":0}}
,"/Users/theophilusogieva/Desktop/NexusTradeAI/services/trading-engine/src/api/strategyPerformanceAPI.js": {"lines":{"total":366,"covered":0,"skipped":0,"pct":0},"functions":{"total":1,"covered":0,"skipped":0,"pct":0},"statements":{"total":366,"covered":0,"skipped":0,"pct":0},"branches":{"total":1,"covered":0,"skipped":0,"pct":0}}
,"/Users/theophilusogieva/Desktop/NexusTradeAI/services/trading-engine/src/automation/PortfolioAutomationService.js": {"lines":{"total":714,"covered":0,"skipped":0,"pct":0},"functions":{"total":1,"covered":0,"skipped":0,"pct":0},"statements":{"total":714,"covered":0,"skipped":0,"pct":0},"branches":{"total":1,"covered":0,"skipped":0,"pct":0}}
,"/Users/theophilusogieva/Desktop/NexusTradeAI/services/trading-engine/src/compliance/positionLimitChecker.js": {"lines":{"total":746,"covered":0,"skipped":0,"pct":0},"functions":{"total":1,"covered":0,"skipped":0,"pct":0},"statements":{"total":746,"covered":0,"skipped":0,"pct":0},"branches":{"total":1,"covered":0,"skipped":0,"pct":0}}
,"/Users/theophilusogieva/Desktop/NexusTradeAI/services/trading-engine/src/compliance/regulatoryChecker.js": {"lines":{"total":415,"covered":0,"skipped":0,"pct":0},"functions":{"total":1,"covered":0,"skipped":0,"pct":0},"statements":{"total":415,"covered":0,"skipped":0,"pct":0},"branches":{"total":1,"covered":0,"skipped":0,"pct":0}}
,"/Users/theophilusogieva/Desktop/NexusTradeAI/services/trading-engine/src/compliance/tradingHaltChecker.js": {"lines":{"total":460,"covered":0,"skipped":0,"pct":0},"functions":{"total":1,"covered":0,"skipped":0,"pct":0},"statements":{"total":460,"covered":0,"skipped":0,"pct":0},"branches":{"total":1,"covered":0,"skipped":0,"pct":0}}
,"/Users/theophilusogieva/Desktop/NexusTradeAI/services/trading-engine/src/core/TradingEngine.js": {"lines":{"total":560,"covered":0,"skipped":0,"pct":0},"functions":{"total":1,"covered":0,"skipped":0,"pct":0},"statements":{"total":560,"covered":0,"skipped":0,"pct":0},"branches":{"total":1,"covered":0,"skipped":0,"pct":0}}
,"/Users/theophilusogieva/Desktop/NexusTradeAI/services/trading-engine/src/docs/strategy-execution-api.js": {"lines":{"total":413,"covered":0,"skipped":0,"pct":0},"functions":{"total":1,"covered":0,"skipped":0,"pct":0},"statements":{"total":413,"covered":0,"skipped":0,"pct":0},"branches":{"total":1,"covered":0,"skipped":0,"pct":0}}
,"/Users/theophilusogieva/Desktop/NexusTradeAI/services/trading-engine/src/execution/TradeExecutionEngine.js": {"lines":{"total":581,"covered":0,"skipped":0,"pct":0},"functions":{"total":1,"covered":0,"skipped":0,"pct":0},"statements":{"total":581,"covered":0,"skipped":0,"pct":0},"branches":{"total":1,"covered":0,"skipped":0,"pct":0}}
,"/Users/theophilusogieva/Desktop/NexusTradeAI/services/trading-engine/src/execution/executionAlgorithms.js": {"lines":{"total":373,"covered":0,"skipped":0,"pct":0},"functions":{"total":1,"covered":0,"skipped":0,"pct":0},"statements":{"total":373,"covered":0,"skipped":0,"pct":0},"branches":{"total":1,"covered":0,"skipped":0,"pct":0}}
,"/Users/theophilusogieva/Desktop/NexusTradeAI/services/trading-engine/src/execution/fillManager.js": {"lines":{"total":352,"covered":0,"skipped":0,"pct":0},"functions":{"total":1,"covered":0,"skipped":0,"pct":0},"statements":{"total":352,"covered":0,"skipped":0,"pct":0},"branches":{"total":1,"covered":0,"skipped":0,"pct":0}}
,"/Users/theophilusogieva/Desktop/NexusTradeAI/services/trading-engine/src/execution/orderManager.js": {"lines":{"total":713,"covered":0,"skipped":0,"pct":0},"functions":{"total":1,"covered":0,"skipped":0,"pct":0},"statements":{"total":713,"covered":0,"skipped":0,"pct":0},"branches":{"total":1,"covered":0,"skipped":0,"pct":0}}
,"/Users/theophilusogieva/Desktop/NexusTradeAI/services/trading-engine/src/execution/slippageOptimizer.js": {"lines":{"total":770,"covered":0,"skipped":0,"pct":0},"functions":{"total":1,"covered":0,"skipped":0,"pct":0},"statements":{"total":770,"covered":0,"skipped":0,"pct":0},"branches":{"total":1,"covered":0,"skipped":0,"pct":0}}
,"/Users/theophilusogieva/Desktop/NexusTradeAI/services/trading-engine/src/execution/smartOrderRouter.js": {"lines":{"total":729,"covered":0,"skipped":0,"pct":0},"functions":{"total":1,"covered":0,"skipped":0,"pct":0},"statements":{"total":729,"covered":0,"skipped":0,"pct":0},"branches":{"total":1,"covered":0,"skipped":0,"pct":0}}
,"/Users/theophilusogieva/Desktop/NexusTradeAI/services/trading-engine/src/indicators/TechnicalIndicators.js": {"lines":{"total":342,"covered":0,"skipped":0,"pct":0},"functions":{"total":1,"covered":0,"skipped":0,"pct":0},"statements":{"total":342,"covered":0,"skipped":0,"pct":0},"branches":{"total":1,"covered":0,"skipped":0,"pct":0}}
,"/Users/theophilusogieva/Desktop/NexusTradeAI/services/trading-engine/src/matching/fillGenerator.js": {"lines":{"total":422,"covered":0,"skipped":0,"pct":0},"functions":{"total":1,"covered":0,"skipped":0,"pct":0},"statements":{"total":422,"covered":0,"skipped":0,"pct":0},"branches":{"total":1,"covered":0,"skipped":0,"pct":0}}
,"/Users/theophilusogieva/Desktop/NexusTradeAI/services/trading-engine/src/matching/matchingEngine.js": {"lines":{"total":1005,"covered":0,"skipped":0,"pct":0},"functions":{"total":1,"covered":0,"skipped":0,"pct":0},"statements":{"total":1005,"covered":0,"skipped":0,"pct":0},"branches":{"total":1,"covered":0,"skipped":0,"pct":0}}
,"/Users/theophilusogieva/Desktop/NexusTradeAI/services/trading-engine/src/matching/orderBook.js": {"lines":{"total":768,"covered":0,"skipped":0,"pct":0},"functions":{"total":1,"covered":0,"skipped":0,"pct":0},"statements":{"total":768,"covered":0,"skipped":0,"pct":0},"branches":{"total":1,"covered":0,"skipped":0,"pct":0}}
,"/Users/theophilusogieva/Desktop/NexusTradeAI/services/trading-engine/src/matching/priceTimeAlgorithm.js": {"lines":{"total":341,"covered":0,"skipped":0,"pct":0},"functions":{"total":1,"covered":0,"skipped":0,"pct":0},"statements":{"total":341,"covered":0,"skipped":0,"pct":0},"branches":{"total":1,"covered":0,"skipped":0,"pct":0}}
,"/Users/theophilusogieva/Desktop/NexusTradeAI/services/trading-engine/src/models/Order.js": {"lines":{"total":456,"covered":0,"skipped":0,"pct":0},"functions":{"total":1,"covered":0,"skipped":0,"pct":0},"statements":{"total":456,"covered":0,"skipped":0,"pct":0},"branches":{"total":1,"covered":0,"skipped":0,"pct":0}}
,"/Users/theophilusogieva/Desktop/NexusTradeAI/services/trading-engine/src/models/Portfolio.js": {"lines":{"total":652,"covered":0,"skipped":0,"pct":0},"functions":{"total":1,"covered":0,"skipped":0,"pct":0},"statements":{"total":652,"covered":0,"skipped":0,"pct":0},"branches":{"total":1,"covered":0,"skipped":0,"pct":0}}
,"/Users/theophilusogieva/Desktop/NexusTradeAI/services/trading-engine/src/models/Position.js": {"lines":{"total":544,"covered":0,"skipped":0,"pct":0},"functions":{"total":1,"covered":0,"skipped":0,"pct":0},"statements":{"total":544,"covered":0,"skipped":0,"pct":0},"branches":{"total":1,"covered":0,"skipped":0,"pct":0}}
,"/Users/theophilusogieva/Desktop/NexusTradeAI/services/trading-engine/src/models/Trade.js": {"lines":{"total":464,"covered":0,"skipped":0,"pct":0},"functions":{"total":1,"covered":0,"skipped":0,"pct":0},"statements":{"total":464,"covered":0,"skipped":0,"pct":0},"branches":{"total":1,"covered":0,"skipped":0,"pct":0}}
,"/Users/theophilusogieva/Desktop/NexusTradeAI/services/trading-engine/src/risk/marginCalculator.js": {"lines":{"total":695,"covered":0,"skipped":0,"pct":0},"functions":{"total":1,"covered":0,"skipped":0,"pct":0},"statements":{"total":695,"covered":0,"skipped":0,"pct":0},"branches":{"total":1,"covered":0,"skipped":0,"pct":0}}
,"/Users/theophilusogieva/Desktop/NexusTradeAI/services/trading-engine/src/risk/positionManager.js": {"lines":{"total":972,"covered":0,"skipped":0,"pct":0},"functions":{"total":1,"covered":0,"skipped":0,"pct":0},"statements":{"total":972,"covered":0,"skipped":0,"pct":0},"branches":{"total":1,"covered":0,"skipped":0,"pct":0}}
,"/Users/theophilusogieva/Desktop/NexusTradeAI/services/trading-engine/src/risk/preTradeRisk.js": {"lines":{"total":436,"covered":0,"skipped":0,"pct":0},"functions":{"total":1,"covered":0,"skipped":0,"pct":0},"statements":{"total":436,"covered":0,"skipped":0,"pct":0},"branches":{"total":1,"covered":0,"skipped":0,"pct":0}}
,"/Users/theophilusogieva/Desktop/NexusTradeAI/services/trading-engine/src/risk/realTimeRisk.js": {"lines":{"total":564,"covered":0,"skipped":0,"pct":0},"functions":{"total":1,"covered":0,"skipped":0,"pct":0},"statements":{"total":564,"covered":0,"skipped":0,"pct":0},"branches":{"total":1,"covered":0,"skipped":0,"pct":0}}
,"/Users/theophilusogieva/Desktop/NexusTradeAI/services/trading-engine/src/risk/riskCalculator.js": {"lines":{"total":574,"covered":0,"skipped":0,"pct":0},"functions":{"total":1,"covered":0,"skipped":0,"pct":0},"statements":{"total":574,"covered":0,"skipped":0,"pct":0},"branches":{"total":1,"covered":0,"skipped":0,"pct":0}}
,"/Users/theophilusogieva/Desktop/NexusTradeAI/services/trading-engine/src/risk/stressTest.js": {"lines":{"total":551,"covered":0,"skipped":0,"pct":0},"functions":{"total":1,"covered":0,"skipped":0,"pct":0},"statements":{"total":551,"covered":0,"skipped":0,"pct":0},"branches":{"total":1,"covered":0,"skipped":0,"pct":0}}
,"/Users/theophilusogieva/Desktop/NexusTradeAI/services/trading-engine/src/routes/admin.js": {"lines":{"total":417,"covered":0,"skipped":0,"pct":0},"functions":{"total":1,"covered":0,"skipped":0,"pct":0},"statements":{"total":417,"covered":0,"skipped":0,"pct":0},"branches":{"total":1,"covered":0,"skipped":0,"pct":0}}
,"/Users/theophilusogieva/Desktop/NexusTradeAI/services/trading-engine/src/routes/health.js": {"lines":{"total":178,"covered":0,"skipped":0,"pct":0},"functions":{"total":1,"covered":0,"skipped":0,"pct":0},"statements":{"total":178,"covered":0,"skipped":0,"pct":0},"branches":{"total":1,"covered":0,"skipped":0,"pct":0}}
,"/Users/theophilusogieva/Desktop/NexusTradeAI/services/trading-engine/src/routes/metrics.js": {"lines":{"total":116,"covered":0,"skipped":0,"pct":0},"functions":{"total":1,"covered":0,"skipped":0,"pct":0},"statements":{"total":116,"covered":0,"skipped":0,"pct":0},"branches":{"total":1,"covered":0,"skipped":0,"pct":0}}
,"/Users/theophilusogieva/Desktop/NexusTradeAI/services/trading-engine/src/routes/orders.js": {"lines":{"total":294,"covered":0,"skipped":0,"pct":0},"functions":{"total":1,"covered":0,"skipped":0,"pct":0},"statements":{"total":294,"covered":0,"skipped":0,"pct":0},"branches":{"total":1,"covered":0,"skipped":0,"pct":0}}
,"/Users/theophilusogieva/Desktop/NexusTradeAI/services/trading-engine/src/routes/positions.js": {"lines":{"total":391,"covered":0,"skipped":0,"pct":0},"functions":{"total":1,"covered":0,"skipped":0,"pct":0},"statements":{"total":391,"covered":0,"skipped":0,"pct":0},"branches":{"total":1,"covered":0,"skipped":0,"pct":0}}
,"/Users/theophilusogieva/Desktop/NexusTradeAI/services/trading-engine/src/routes/risk.js": {"lines":{"total":376,"covered":0,"skipped":0,"pct":0},"functions":{"total":1,"covered":0,"skipped":0,"pct":0},"statements":{"total":376,"covered":0,"skipped":0,"pct":0},"branches":{"total":1,"covered":0,"skipped":0,"pct":0}}
,"/Users/theophilusogieva/Desktop/NexusTradeAI/services/trading-engine/src/routes/trading.js": {"lines":{"total":270,"covered":0,"skipped":0,"pct":0},"functions":{"total":1,"covered":0,"skipped":0,"pct":0},"statements":{"total":270,"covered":0,"skipped":0,"pct":0},"branches":{"total":1,"covered":0,"skipped":0,"pct":0}}
,"/Users/theophilusogieva/Desktop/NexusTradeAI/services/trading-engine/src/services/orderService.js": {"lines":{"total":1,"covered":0,"skipped":0,"pct":0},"functions":{"total":1,"covered":0,"skipped":0,"pct":0},"statements":{"total":1,"covered":0,"skipped":0,"pct":0},"branches":{"total":1,"covered":0,"skipped":0,"pct":0}}
,"/Users/theophilusogieva/Desktop/NexusTradeAI/services/trading-engine/src/services/positionService.js": {"lines":{"total":1,"covered":0,"skipped":0,"pct":0},"functions":{"total":1,"covered":0,"skipped":0,"pct":0},"statements":{"total":1,"covered":0,"skipped":0,"pct":0},"branches":{"total":1,"covered":0,"skipped":0,"pct":0}}
,"/Users/theophilusogieva/Desktop/NexusTradeAI/services/trading-engine/src/services/tradingService.js": {"lines":{"total":1,"covered":0,"skipped":0,"pct":0},"functions":{"total":1,"covered":0,"skipped":0,"pct":0},"statements":{"total":1,"covered":0,"skipped":0,"pct":0},"branches":{"total":1,"covered":0,"skipped":0,"pct":0}}
,"/Users/theophilusogieva/Desktop/NexusTradeAI/services/trading-engine/src/strategies/HighWinRateStrategies.js": {"lines":{"total":459,"covered":0,"skipped":0,"pct":0},"functions":{"total":1,"covered":0,"skipped":0,"pct":0},"statements":{"total":459,"covered":0,"skipped":0,"pct":0},"branches":{"total":1,"covered":0,"skipped":0,"pct":0}}
,"/Users/theophilusogieva/Desktop/NexusTradeAI/services/trading-engine/src/strategies/InstitutionalAIStrategies.js": {"lines":{"total":518,"covered":0,"skipped":0,"pct":0},"functions":{"total":1,"covered":0,"skipped":0,"pct":0},"statements":{"total":518,"covered":0,"skipped":0,"pct":0},"branches":{"total":1,"covered":0,"skipped":0,"pct":0}}
,"/Users/theophilusogieva/Desktop/NexusTradeAI/services/trading-engine/src/validation/AIStrategyValidator.js": {"lines":{"total":657,"covered":0,"skipped":0,"pct":0},"functions":{"total":1,"covered":0,"skipped":0,"pct":0},"statements":{"total":657,"covered":0,"skipped":0,"pct":0},"branches":{"total":1,"covered":0,"skipped":0,"pct":0}}
,"/Users/theophilusogieva/Desktop/NexusTradeAI/services/trading-engine/src/validation/StrategyValidator.js": {"lines":{"total":402,"covered":0,"skipped":0,"pct":0},"functions":{"total":1,"covered":0,"skipped":0,"pct":0},"statements":{"total":402,"covered":0,"skipped":0,"pct":0},"branches":{"total":1,"covered":0,"skipped":0,"pct":0}}
,"/Users/theophilusogieva/Desktop/NexusTradeAI/services/trading-engine/src/validation/strategyValidation.js": {"lines":{"total":232,"covered":0,"skipped":0,"pct":0},"functions":{"total":1,"covered":0,"skipped":0,"pct":0},"statements":{"total":232,"covered":0,"skipped":0,"pct":0},"branches":{"total":1,"covered":0,"skipped":0,"pct":0}}
}
