TN:
SF:src/app.js
FN:104,(anonymous_0)
FN:127,(anonymous_1)
FN:146,startService
FN:157,(anonymous_3)
FN:163,(anonymous_4)
FN:174,(anonymous_5)
FN:184,(anonymous_6)
FN:185,(anonymous_7)
FN:194,(anonymous_8)
FN:197,(anonymous_9)
FN:203,(anonymous_10)
FN:209,(anonymous_11)
FNF:12
FNH:0
FNDA:0,(anonymous_0)
FNDA:0,(anonymous_1)
FNDA:0,startService
FNDA:0,(anonymous_3)
FNDA:0,(anonymous_4)
FNDA:0,(anonymous_5)
FNDA:0,(anonymous_6)
FNDA:0,(anonymous_7)
FNDA:0,(anonymous_8)
FNDA:0,(anonymous_9)
FNDA:0,(anonymous_10)
FNDA:0,(anonymous_11)
DA:1,0
DA:2,0
DA:3,0
DA:4,0
DA:5,0
DA:6,0
DA:7,0
DA:8,0
DA:9,0
DA:11,0
DA:12,0
DA:13,0
DA:14,0
DA:15,0
DA:16,0
DA:18,0
DA:19,0
DA:20,0
DA:21,0
DA:22,0
DA:23,0
DA:24,0
DA:27,0
DA:47,0
DA:48,0
DA:49,0
DA:52,0
DA:58,0
DA:65,0
DA:71,0
DA:77,0
DA:78,0
DA:79,0
DA:90,0
DA:93,0
DA:94,0
DA:97,0
DA:101,0
DA:104,0
DA:105,0
DA:106,0
DA:107,0
DA:108,0
DA:112,0
DA:113,0
DA:114,0
DA:115,0
DA:116,0
DA:117,0
DA:118,0
DA:121,0
DA:127,0
DA:128,0
DA:130,0
DA:138,0
DA:147,0
DA:148,0
DA:151,0
DA:154,0
DA:156,0
DA:157,0
DA:158,0
DA:159,0
DA:163,0
DA:164,0
DA:166,0
DA:168,0
DA:171,0
DA:174,0
DA:175,0
DA:176,0
DA:179,0
DA:180,0
DA:184,0
DA:185,0
DA:188,0
DA:189,0
DA:194,0
DA:195,0
DA:197,0
DA:198,0
DA:199,0
DA:200,0
DA:203,0
DA:204,0
DA:205,0
DA:206,0
DA:209,0
DA:210,0
DA:215,0
DA:217,0
DA:219,0
LF:92
LH:0
BRDA:28,0,0,0
BRDA:28,0,1,0
BRDA:81,1,0,0
BRDA:81,1,1,0
BRDA:138,2,0,0
BRDA:138,2,1,0
BRDA:140,3,0,0
BRDA:140,3,1,0
BRDA:156,4,0,0
BRDA:156,4,1,0
BRF:10
BRH:0
end_of_record
TN:
SF:src/tradingEngine.js
FN:34,(anonymous_0)
FN:60,(anonymous_1)
FN:131,(anonymous_2)
FN:142,(anonymous_3)
FN:158,(anonymous_4)
FN:168,(anonymous_5)
FN:170,(anonymous_6)
FN:195,(anonymous_7)
FN:251,(anonymous_8)
FN:277,(anonymous_9)
FN:280,(anonymous_10)
FN:301,(anonymous_11)
FN:324,(anonymous_12)
FN:350,(anonymous_13)
FN:364,(anonymous_14)
FN:382,(anonymous_15)
FN:393,(anonymous_16)
FN:404,(anonymous_17)
FN:415,(anonymous_18)
FN:426,(anonymous_19)
FN:428,(anonymous_20)
FN:435,(anonymous_21)
FN:467,(anonymous_22)
FN:468,(anonymous_23)
FNF:24
FNH:0
FNDA:0,(anonymous_0)
FNDA:0,(anonymous_1)
FNDA:0,(anonymous_2)
FNDA:0,(anonymous_3)
FNDA:0,(anonymous_4)
FNDA:0,(anonymous_5)
FNDA:0,(anonymous_6)
FNDA:0,(anonymous_7)
FNDA:0,(anonymous_8)
FNDA:0,(anonymous_9)
FNDA:0,(anonymous_10)
FNDA:0,(anonymous_11)
FNDA:0,(anonymous_12)
FNDA:0,(anonymous_13)
FNDA:0,(anonymous_14)
FNDA:0,(anonymous_15)
FNDA:0,(anonymous_16)
FNDA:0,(anonymous_17)
FNDA:0,(anonymous_18)
FNDA:0,(anonymous_19)
FNDA:0,(anonymous_20)
FNDA:0,(anonymous_21)
FNDA:0,(anonymous_22)
FNDA:0,(anonymous_23)
DA:1,0
DA:2,0
DA:3,0
DA:4,0
DA:5,0
DA:6,0
DA:7,0
DA:8,0
DA:11,0
DA:12,0
DA:13,0
DA:14,0
DA:15,0
DA:16,0
DA:19,0
DA:35,0
DA:36,0
DA:39,0
DA:40,0
DA:41,0
DA:42,0
DA:43,0
DA:44,0
DA:49,0
DA:50,0
DA:51,0
DA:52,0
DA:54,0
DA:62,0
DA:65,0
DA:108,0
DA:117,0
DA:120,0
DA:131,0
DA:132,0
DA:133,0
DA:136,0
DA:143,0
DA:144,0
DA:148,0
DA:151,0
DA:160,0
DA:165,0
DA:170,0
DA:171,0
DA:172,0
DA:186,0
DA:189,0
DA:192,0
DA:195,0
DA:196,0
DA:197,0
DA:199,0
DA:200,0
DA:206,0
DA:209,0
DA:211,0
DA:212,0
DA:214,0
DA:215,0
DA:217,0
DA:218,0
DA:220,0
DA:221,0
DA:223,0
DA:224,0
DA:226,0
DA:232,0
DA:245,0
DA:246,0
DA:251,0
DA:252,0
DA:253,0
DA:255,0
DA:256,0
DA:262,0
DA:263,0
DA:265,0
DA:271,0
DA:272,0
DA:277,0
DA:278,0
DA:280,0
DA:297,0
DA:301,0
DA:302,0
DA:303,0
DA:304,0
DA:306,0
DA:317,0
DA:318,0
DA:325,0
DA:326,0
DA:327,0
DA:330,0
DA:331,0
DA:332,0
DA:333,0
DA:334,0
DA:336,0
DA:337,0
DA:338,0
DA:341,0
DA:351,0
DA:361,0
DA:365,0
DA:366,0
DA:368,0
DA:369,0
DA:373,0
DA:379,0
DA:383,0
DA:390,0
DA:394,0
DA:401,0
DA:405,0
DA:412,0
DA:416,0
DA:423,0
DA:428,0
DA:429,0
DA:432,0
DA:436,0
DA:437,0
DA:439,0
DA:440,0
DA:442,0
DA:443,0
DA:446,0
DA:448,0
DA:449,0
DA:451,0
DA:452,0
DA:454,0
DA:455,0
DA:458,0
DA:459,0
DA:463,0
DA:468,0
DA:469,0
DA:470,0
DA:471,0
DA:472,0
DA:473,0
DA:474,0
DA:475,0
DA:476,0
DA:477,0
DA:483,0
DA:484,0
DA:486,0
LF:151
LH:0
BRDA:36,0,0,0
BRDA:36,0,1,0
BRDA:160,1,0,0
BRDA:160,1,1,0
BRDA:199,2,0,0
BRDA:199,2,1,0
BRDA:199,3,0,0
BRDA:199,3,1,0
BRDA:209,4,0,0
BRDA:209,4,1,0
BRDA:209,4,2,0
BRDA:209,4,3,0
BRDA:209,4,4,0
BRDA:209,4,5,0
BRDA:255,5,0,0
BRDA:255,5,1,0
BRDA:324,6,0,0
BRDA:333,7,0,0
BRDA:333,7,1,0
BRDA:361,8,0,0
BRDA:361,8,1,0
BRDA:390,9,0,0
BRDA:390,9,1,0
BRDA:401,10,0,0
BRDA:401,10,1,0
BRDA:412,11,0,0
BRDA:412,11,1,0
BRDA:423,12,0,0
BRDA:423,12,1,0
BRDA:446,13,0,0
BRDA:446,13,1,0
BRDA:446,13,2,0
BRDA:458,14,0,0
BRDA:458,14,1,0
BRDA:458,15,0,0
BRDA:458,15,1,0
BRF:36
BRH:0
end_of_record
TN:
SF:src/api/portfolioAutomationAPI.js
FN:9,(anonymous_0)
FN:17,(anonymous_1)
FN:19,(anonymous_2)
FN:31,(anonymous_3)
FN:50,(anonymous_4)
FN:95,(anonymous_5)
FN:132,(anonymous_6)
FN:155,(anonymous_7)
FN:178,(anonymous_8)
FN:235,(anonymous_9)
FN:262,(anonymous_10)
FN:344,(anonymous_11)
FN:358,(anonymous_12)
FN:389,(anonymous_13)
FN:392,(anonymous_14)
FN:394,(anonymous_15)
FN:395,(anonymous_16)
FN:397,(anonymous_17)
FN:428,(anonymous_18)
FN:430,(anonymous_19)
FN:431,(anonymous_20)
FN:436,(anonymous_21)
FN:439,(anonymous_22)
FNF:23
FNH:0
FNDA:0,(anonymous_0)
FNDA:0,(anonymous_1)
FNDA:0,(anonymous_2)
FNDA:0,(anonymous_3)
FNDA:0,(anonymous_4)
FNDA:0,(anonymous_5)
FNDA:0,(anonymous_6)
FNDA:0,(anonymous_7)
FNDA:0,(anonymous_8)
FNDA:0,(anonymous_9)
FNDA:0,(anonymous_10)
FNDA:0,(anonymous_11)
FNDA:0,(anonymous_12)
FNDA:0,(anonymous_13)
FNDA:0,(anonymous_14)
FNDA:0,(anonymous_15)
FNDA:0,(anonymous_16)
FNDA:0,(anonymous_17)
FNDA:0,(anonymous_18)
FNDA:0,(anonymous_19)
FNDA:0,(anonymous_20)
FNDA:0,(anonymous_21)
FNDA:0,(anonymous_22)
DA:4,0
DA:5,0
DA:6,0
DA:10,0
DA:11,0
DA:19,0
DA:20,0
DA:21,0
DA:23,0
DA:24,0
DA:30,0
DA:31,0
DA:32,0
DA:35,0
DA:41,0
DA:42,0
DA:50,0
DA:51,0
DA:52,0
DA:54,0
DA:55,0
DA:61,0
DA:67,0
DA:68,0
DA:69,0
DA:70,0
DA:77,0
DA:79,0
DA:80,0
DA:82,0
DA:86,0
DA:87,0
DA:95,0
DA:96,0
DA:97,0
DA:98,0
DA:100,0
DA:102,0
DA:103,0
DA:110,0
DA:111,0
DA:117,0
DA:123,0
DA:124,0
DA:132,0
DA:133,0
DA:134,0
DA:135,0
DA:137,0
DA:139,0
DA:140,0
DA:142,0
DA:146,0
DA:147,0
DA:155,0
DA:156,0
DA:157,0
DA:158,0
DA:160,0
DA:162,0
DA:163,0
DA:165,0
DA:169,0
DA:170,0
DA:178,0
DA:179,0
DA:180,0
DA:181,0
DA:182,0
DA:185,0
DA:187,0
DA:188,0
DA:194,0
DA:195,0
DA:202,0
DA:203,0
DA:204,0
DA:205,0
DA:206,0
DA:208,0
DA:214,0
DA:215,0
DA:216,0
DA:220,0
DA:226,0
DA:227,0
DA:235,0
DA:236,0
DA:237,0
DA:238,0
DA:241,0
DA:244,0
DA:245,0
DA:247,0
DA:253,0
DA:254,0
DA:262,0
DA:263,0
DA:264,0
DA:329,0
DA:335,0
DA:336,0
DA:344,0
DA:345,0
DA:346,0
DA:347,0
DA:349,0
DA:352,0
DA:353,0
DA:354,0
DA:355,0
DA:356,0
DA:358,0
DA:359,0
DA:363,0
DA:380,0
DA:381,0
DA:389,0
DA:390,0
DA:391,0
DA:392,0
DA:394,0
DA:395,0
DA:396,0
DA:397,0
DA:399,0
DA:410,0
DA:416,0
DA:417,0
DA:424,0
DA:429,0
DA:430,0
DA:431,0
DA:433,0
DA:437,0
DA:439,0
DA:440,0
DA:445,0
LF:138
LH:0
BRDA:9,0,0,0
BRDA:21,1,0,0
BRDA:21,1,1,0
BRDA:23,2,0,0
BRDA:23,2,1,0
BRDA:52,3,0,0
BRDA:52,3,1,0
BRDA:54,4,0,0
BRDA:54,4,1,0
BRDA:69,5,0,0
BRDA:69,5,1,0
BRDA:79,6,0,0
BRDA:79,6,1,0
BRDA:98,7,0,0
BRDA:98,7,1,0
BRDA:102,8,0,0
BRDA:102,8,1,0
BRDA:110,9,0,0
BRDA:110,9,1,0
BRDA:110,10,0,0
BRDA:110,10,1,0
BRDA:135,11,0,0
BRDA:135,11,1,0
BRDA:139,12,0,0
BRDA:139,12,1,0
BRDA:158,13,0,0
BRDA:158,13,1,0
BRDA:162,14,0,0
BRDA:162,14,1,0
BRDA:181,15,0,0
BRDA:181,15,1,0
BRDA:187,16,0,0
BRDA:187,16,1,0
BRDA:194,17,0,0
BRDA:194,17,1,0
BRDA:204,18,0,0
BRDA:204,18,1,0
BRDA:205,19,0,0
BRDA:205,19,1,0
BRDA:214,20,0,0
BRDA:214,20,1,0
BRDA:214,21,0,0
BRDA:214,21,1,0
BRDA:215,22,0,0
BRDA:215,22,1,0
BRDA:215,23,0,0
BRDA:215,23,1,0
BRDA:238,24,0,0
BRDA:238,24,1,0
BRDA:347,25,0,0
BRDA:349,26,0,0
BRDA:349,26,1,0
BRDA:353,27,0,0
BRDA:353,27,1,0
BRDA:371,28,0,0
BRDA:371,28,1,0
BRDA:372,29,0,0
BRDA:372,29,1,0
BRDA:373,30,0,0
BRDA:373,30,1,0
BRDA:396,31,0,0
BRDA:396,31,1,0
BRDA:397,32,0,0
BRDA:397,32,1,0
BRDA:404,33,0,0
BRDA:404,33,1,0
BRDA:437,34,0,0
BRDA:437,34,1,0
BRDA:440,35,0,0
BRDA:440,35,1,0
BRDA:440,36,0,0
BRDA:440,36,1,0
BRF:72
BRH:0
end_of_record
TN:
SF:src/api/strategyExecutionAPI.js
FN:6,(anonymous_0)
FN:15,(anonymous_1)
FN:19,(anonymous_2)
FN:21,(anonymous_3)
FN:41,(anonymous_4)
FN:57,(anonymous_5)
FN:80,(anonymous_6)
FN:109,(anonymous_7)
FN:110,(anonymous_8)
FN:166,(anonymous_9)
FN:214,(anonymous_10)
FN:220,(anonymous_11)
FN:253,(anonymous_12)
FN:262,(anonymous_13)
FN:428,(anonymous_14)
FN:484,(anonymous_15)
FN:529,(anonymous_16)
FN:583,(anonymous_17)
FN:600,(anonymous_18)
FN:614,(anonymous_19)
FN:622,(anonymous_20)
FN:631,(anonymous_21)
FN:640,(anonymous_22)
FNF:23
FNH:0
FNDA:0,(anonymous_0)
FNDA:0,(anonymous_1)
FNDA:0,(anonymous_2)
FNDA:0,(anonymous_3)
FNDA:0,(anonymous_4)
FNDA:0,(anonymous_5)
FNDA:0,(anonymous_6)
FNDA:0,(anonymous_7)
FNDA:0,(anonymous_8)
FNDA:0,(anonymous_9)
FNDA:0,(anonymous_10)
FNDA:0,(anonymous_11)
FNDA:0,(anonymous_12)
FNDA:0,(anonymous_13)
FNDA:0,(anonymous_14)
FNDA:0,(anonymous_15)
FNDA:0,(anonymous_16)
FNDA:0,(anonymous_17)
FNDA:0,(anonymous_18)
FNDA:0,(anonymous_19)
FNDA:0,(anonymous_20)
FNDA:0,(anonymous_21)
FNDA:0,(anonymous_22)
DA:1,0
DA:2,0
DA:3,0
DA:7,0
DA:8,0
DA:9,0
DA:10,0
DA:11,0
DA:12,0
DA:16,0
DA:21,0
DA:22,0
DA:23,0
DA:26,0
DA:29,0
DA:40,0
DA:41,0
DA:42,0
DA:44,0
DA:50,0
DA:53,0
DA:57,0
DA:58,0
DA:60,0
DA:70,0
DA:71,0
DA:82,0
DA:88,0
DA:94,0
DA:100,0
DA:110,0
DA:113,0
DA:115,0
DA:116,0
DA:119,0
DA:123,0
DA:126,0
DA:130,0
DA:133,0
DA:138,0
DA:141,0
DA:144,0
DA:145,0
DA:155,0
DA:156,0
DA:167,0
DA:168,0
DA:169,0
DA:170,0
DA:172,0
DA:182,0
DA:185,0
DA:193,0
DA:196,0
DA:213,0
DA:215,0
DA:221,0
DA:229,0
DA:238,0
DA:239,0
DA:256,0
DA:263,0
DA:265,0
DA:267,0
DA:268,0
DA:271,0
DA:273,0
DA:281,0
DA:282,0
DA:283,0
DA:287,0
DA:294,0
DA:306,0
DA:307,0
DA:316,0
DA:317,0
DA:326,0
DA:327,0
DA:329,0
DA:330,0
DA:332,0
DA:336,0
DA:350,0
DA:358,0
DA:359,0
DA:361,0
DA:362,0
DA:363,0
DA:375,0
DA:384,0
DA:385,0
DA:391,0
DA:399,0
DA:402,0
DA:404,0
DA:407,0
DA:408,0
DA:412,0
DA:413,0
DA:416,0
DA:418,0
DA:429,0
DA:430,0
DA:431,0
DA:433,0
DA:436,0
DA:438,0
DA:439,0
DA:440,0
DA:449,0
DA:450,0
DA:456,0
DA:464,0
DA:470,0
DA:471,0
DA:485,0
DA:486,0
DA:487,0
DA:489,0
DA:493,0
DA:495,0
DA:496,0
DA:501,0
DA:509,0
DA:515,0
DA:516,0
DA:530,0
DA:531,0
DA:532,0
DA:534,0
DA:542,0
DA:553,0
DA:565,0
DA:568,0
DA:569,0
DA:586,0
DA:603,0
DA:608,0
DA:616,0
DA:625,0
DA:634,0
DA:641,0
DA:642,0
DA:645,0
DA:647,0
DA:673,0
DA:675,0
DA:682,0
DA:687,0
LF:149
LH:0
BRDA:6,0,0,0
BRDA:34,1,0,0
BRDA:34,1,1,0
BRDA:58,2,0,0
BRDA:58,2,1,0
BRDA:70,3,0,0
BRDA:70,3,1,0
BRDA:113,4,0,0
BRDA:113,4,1,0
BRDA:113,4,2,0
BRDA:113,4,3,0
BRDA:113,4,4,0
BRDA:135,5,0,0
BRDA:135,5,1,0
BRDA:136,6,0,0
BRDA:136,6,1,0
BRDA:144,7,0,0
BRDA:144,7,1,0
BRDA:147,8,0,0
BRDA:147,8,1,0
BRDA:148,9,0,0
BRDA:148,9,1,0
BRDA:149,10,0,0
BRDA:149,10,1,0
BRDA:202,11,0,0
BRDA:202,11,1,0
BRDA:204,12,0,0
BRDA:204,12,1,0
BRDA:205,13,0,0
BRDA:205,13,1,0
BRDA:206,14,0,0
BRDA:206,14,1,0
BRDA:208,15,0,0
BRDA:208,15,1,0
BRDA:209,16,0,0
BRDA:209,16,1,0
BRDA:242,17,0,0
BRDA:242,17,1,0
BRDA:282,18,0,0
BRDA:282,18,1,0
BRDA:306,19,0,0
BRDA:306,19,1,0
BRDA:361,20,0,0
BRDA:361,20,1,0
BRDA:388,21,0,0
BRDA:388,21,1,0
BRDA:438,22,0,0
BRDA:438,22,1,0
BRDA:449,23,0,0
BRDA:449,23,1,0
BRDA:495,24,0,0
BRDA:495,24,1,0
BRDA:641,25,0,0
BRDA:641,25,1,0
BRF:54
BRH:0
end_of_record
TN:
SF:src/api/strategyPerformanceAPI.js
FN:10,(anonymous_0)
FN:25,(anonymous_1)
FN:29,(anonymous_2)
FN:30,(anonymous_3)
FN:39,(anonymous_4)
FN:50,(anonymous_5)
FN:83,(anonymous_6)
FN:90,(anonymous_7)
FN:98,(anonymous_8)
FN:100,(anonymous_9)
FN:108,(anonymous_10)
FN:153,(anonymous_11)
FN:155,(anonymous_12)
FN:161,(anonymous_13)
FN:185,(anonymous_14)
FN:221,(anonymous_15)
FN:226,(anonymous_16)
FN:228,(anonymous_17)
FN:234,(anonymous_18)
FN:236,(anonymous_19)
FN:267,(anonymous_20)
FN:288,(anonymous_21)
FN:309,(anonymous_22)
FN:314,(anonymous_23)
FN:341,(anonymous_24)
FN:344,(anonymous_25)
FN:357,(anonymous_26)
FN:362,(anonymous_27)
FNF:28
FNH:0
FNDA:0,(anonymous_0)
FNDA:0,(anonymous_1)
FNDA:0,(anonymous_2)
FNDA:0,(anonymous_3)
FNDA:0,(anonymous_4)
FNDA:0,(anonymous_5)
FNDA:0,(anonymous_6)
FNDA:0,(anonymous_7)
FNDA:0,(anonymous_8)
FNDA:0,(anonymous_9)
FNDA:0,(anonymous_10)
FNDA:0,(anonymous_11)
FNDA:0,(anonymous_12)
FNDA:0,(anonymous_13)
FNDA:0,(anonymous_14)
FNDA:0,(anonymous_15)
FNDA:0,(anonymous_16)
FNDA:0,(anonymous_17)
FNDA:0,(anonymous_18)
FNDA:0,(anonymous_19)
FNDA:0,(anonymous_20)
FNDA:0,(anonymous_21)
FNDA:0,(anonymous_22)
FNDA:0,(anonymous_23)
FNDA:0,(anonymous_24)
FNDA:0,(anonymous_25)
FNDA:0,(anonymous_26)
FNDA:0,(anonymous_27)
DA:4,0
DA:5,0
DA:6,0
DA:7,0
DA:11,0
DA:12,0
DA:13,0
DA:16,0
DA:19,0
DA:26,0
DA:29,0
DA:30,0
DA:31,0
DA:40,0
DA:48,0
DA:50,0
DA:51,0
DA:52,0
DA:54,0
DA:55,0
DA:56,0
DA:58,0
DA:62,0
DA:65,0
DA:66,0
DA:68,0
DA:83,0
DA:84,0
DA:87,0
DA:91,0
DA:92,0
DA:100,0
DA:101,0
DA:109,0
DA:110,0
DA:112,0
DA:120,0
DA:121,0
DA:122,0
DA:124,0
DA:128,0
DA:141,0
DA:143,0
DA:155,0
DA:156,0
DA:157,0
DA:160,0
DA:161,0
DA:162,0
DA:170,0
DA:176,0
DA:177,0
DA:185,0
DA:186,0
DA:187,0
DA:188,0
DA:190,0
DA:191,0
DA:197,0
DA:198,0
DA:200,0
DA:212,0
DA:213,0
DA:221,0
DA:222,0
DA:223,0
DA:224,0
DA:226,0
DA:227,0
DA:228,0
DA:229,0
DA:230,0
DA:231,0
DA:234,0
DA:235,0
DA:236,0
DA:239,0
DA:252,0
DA:258,0
DA:259,0
DA:267,0
DA:268,0
DA:269,0
DA:270,0
DA:272,0
DA:274,0
DA:279,0
DA:280,0
DA:288,0
DA:289,0
DA:290,0
DA:291,0
DA:293,0
DA:295,0
DA:300,0
DA:301,0
DA:309,0
DA:310,0
DA:311,0
DA:312,0
DA:314,0
DA:315,0
DA:322,0
DA:327,0
DA:328,0
DA:335,0
DA:342,0
DA:344,0
DA:345,0
DA:346,0
DA:348,0
DA:349,0
DA:352,0
DA:353,0
DA:356,0
DA:357,0
DA:362,0
DA:366,0
LF:118
LH:0
BRDA:10,0,0,0
BRDA:58,1,0,0
BRDA:58,1,1,0
BRDA:71,2,0,0
BRDA:71,2,1,0
BRDA:124,3,0,0
BRDA:124,3,1,0
BRDA:131,4,0,0
BRDA:131,4,1,0
BRDA:190,5,0,0
BRDA:190,5,1,0
BRDA:235,6,0,0
BRDA:235,6,1,0
BRDA:348,7,0,0
BRDA:348,7,1,0
BRF:15
BRH:0
end_of_record
TN:
SF:src/automation/PortfolioAutomationService.js
FN:12,(anonymous_0)
FN:53,(anonymous_1)
FN:82,(anonymous_2)
FN:155,(anonymous_3)
FN:195,(anonymous_4)
FN:231,(anonymous_5)
FN:236,(anonymous_6)
FN:258,(anonymous_7)
FN:341,(anonymous_8)
FN:384,(anonymous_9)
FN:426,(anonymous_10)
FN:433,(anonymous_11)
FN:434,(anonymous_12)
FN:451,(anonymous_13)
FN:455,(anonymous_14)
FN:465,(anonymous_15)
FN:497,(anonymous_16)
FN:498,(anonymous_17)
FN:504,(anonymous_18)
FN:517,(anonymous_19)
FN:540,(anonymous_20)
FN:556,(anonymous_21)
FN:563,(anonymous_22)
FN:567,(anonymous_23)
FN:572,(anonymous_24)
FN:573,(anonymous_25)
FN:573,(anonymous_26)
FN:574,(anonymous_27)
FN:574,(anonymous_28)
FN:578,(anonymous_29)
FN:580,(anonymous_30)
FN:581,(anonymous_31)
FN:582,(anonymous_32)
FN:587,(anonymous_33)
FN:602,(anonymous_34)
FN:611,(anonymous_35)
FN:631,(anonymous_36)
FN:636,(anonymous_37)
FN:647,(anonymous_38)
FN:653,(anonymous_39)
FN:657,(anonymous_40)
FN:677,(anonymous_41)
FN:681,(anonymous_42)
FN:686,(anonymous_43)
FN:702,(anonymous_44)
FNF:45
FNH:0
FNDA:0,(anonymous_0)
FNDA:0,(anonymous_1)
FNDA:0,(anonymous_2)
FNDA:0,(anonymous_3)
FNDA:0,(anonymous_4)
FNDA:0,(anonymous_5)
FNDA:0,(anonymous_6)
FNDA:0,(anonymous_7)
FNDA:0,(anonymous_8)
FNDA:0,(anonymous_9)
FNDA:0,(anonymous_10)
FNDA:0,(anonymous_11)
FNDA:0,(anonymous_12)
FNDA:0,(anonymous_13)
FNDA:0,(anonymous_14)
FNDA:0,(anonymous_15)
FNDA:0,(anonymous_16)
FNDA:0,(anonymous_17)
FNDA:0,(anonymous_18)
FNDA:0,(anonymous_19)
FNDA:0,(anonymous_20)
FNDA:0,(anonymous_21)
FNDA:0,(anonymous_22)
FNDA:0,(anonymous_23)
FNDA:0,(anonymous_24)
FNDA:0,(anonymous_25)
FNDA:0,(anonymous_26)
FNDA:0,(anonymous_27)
FNDA:0,(anonymous_28)
FNDA:0,(anonymous_29)
FNDA:0,(anonymous_30)
FNDA:0,(anonymous_31)
FNDA:0,(anonymous_32)
FNDA:0,(anonymous_33)
FNDA:0,(anonymous_34)
FNDA:0,(anonymous_35)
FNDA:0,(anonymous_36)
FNDA:0,(anonymous_37)
FNDA:0,(anonymous_38)
FNDA:0,(anonymous_39)
FNDA:0,(anonymous_40)
FNDA:0,(anonymous_41)
FNDA:0,(anonymous_42)
FNDA:0,(anonymous_43)
FNDA:0,(anonymous_44)
DA:4,0
DA:5,0
DA:6,0
DA:7,0
DA:8,0
DA:9,0
DA:13,0
DA:14,0
DA:15,0
DA:16,0
DA:17,0
DA:18,0
DA:19,0
DA:22,0
DA:23,0
DA:24,0
DA:27,0
DA:47,0
DA:54,0
DA:65,0
DA:68,0
DA:69,0
DA:71,0
DA:72,0
DA:76,0
DA:77,0
DA:78,0
DA:82,0
DA:83,0
DA:84,0
DA:88,0
DA:89,0
DA:126,0
DA:127,0
DA:130,0
DA:131,0
DA:134,0
DA:135,0
DA:137,0
DA:144,0
DA:145,0
DA:156,0
DA:157,0
DA:159,0
DA:160,0
DA:163,0
DA:164,0
DA:168,0
DA:169,0
DA:170,0
DA:171,0
DA:175,0
DA:176,0
DA:179,0
DA:181,0
DA:182,0
DA:184,0
DA:187,0
DA:188,0
DA:196,0
DA:197,0
DA:199,0
DA:200,0
DA:203,0
DA:204,0
DA:207,0
DA:208,0
DA:212,0
DA:213,0
DA:214,0
DA:217,0
DA:218,0
DA:220,0
DA:223,0
DA:224,0
DA:232,0
DA:233,0
DA:236,0
DA:237,0
DA:238,0
DA:239,0
DA:242,0
DA:243,0
DA:244,0
DA:245,0
DA:247,0
DA:252,0
DA:259,0
DA:260,0
DA:263,0
DA:264,0
DA:268,0
DA:269,0
DA:271,0
DA:273,0
DA:274,0
DA:278,0
DA:281,0
DA:282,0
DA:284,0
DA:285,0
DA:287,0
DA:288,0
DA:290,0
DA:291,0
DA:293,0
DA:294,0
DA:298,0
DA:299,0
DA:301,0
DA:302,0
DA:304,0
DA:305,0
DA:307,0
DA:308,0
DA:310,0
DA:311,0
DA:315,0
DA:316,0
DA:318,0
DA:320,0
DA:321,0
DA:325,0
DA:326,0
DA:328,0
DA:333,0
DA:342,0
DA:343,0
DA:345,0
DA:347,0
DA:348,0
DA:349,0
DA:351,0
DA:358,0
DA:359,0
DA:361,0
DA:363,0
DA:370,0
DA:372,0
DA:373,0
DA:377,0
DA:385,0
DA:386,0
DA:388,0
DA:389,0
DA:391,0
DA:393,0
DA:394,0
DA:397,0
DA:398,0
DA:399,0
DA:400,0
DA:401,0
DA:404,0
DA:405,0
DA:406,0
DA:409,0
DA:410,0
DA:413,0
DA:415,0
DA:416,0
DA:419,0
DA:427,0
DA:428,0
DA:430,0
DA:431,0
DA:433,0
DA:434,0
DA:436,0
DA:445,0
DA:452,0
DA:453,0
DA:455,0
DA:456,0
DA:459,0
DA:466,0
DA:467,0
DA:469,0
DA:470,0
DA:473,0
DA:474,0
DA:477,0
DA:480,0
DA:481,0
DA:482,0
DA:486,0
DA:487,0
DA:490,0
DA:498,0
DA:505,0
DA:506,0
DA:508,0
DA:518,0
DA:542,0
DA:543,0
DA:544,0
DA:546,0
DA:547,0
DA:548,0
DA:549,0
DA:550,0
DA:553,0
DA:557,0
DA:560,0
DA:564,0
DA:568,0
DA:569,0
DA:573,0
DA:574,0
DA:575,0
DA:579,0
DA:580,0
DA:581,0
DA:582,0
DA:583,0
DA:584,0
DA:588,0
DA:589,0
DA:590,0
DA:592,0
DA:593,0
DA:594,0
DA:595,0
DA:596,0
DA:599,0
DA:604,0
DA:605,0
DA:606,0
DA:608,0
DA:612,0
DA:613,0
DA:614,0
DA:615,0
DA:616,0
DA:618,0
DA:619,0
DA:628,0
DA:633,0
DA:637,0
DA:638,0
DA:641,0
DA:642,0
DA:643,0
DA:648,0
DA:649,0
DA:652,0
DA:653,0
DA:654,0
DA:657,0
DA:660,0
DA:661,0
DA:670,0
DA:671,0
DA:674,0
DA:678,0
DA:681,0
DA:682,0
DA:687,0
DA:688,0
DA:690,0
DA:691,0
DA:692,0
DA:693,0
DA:694,0
DA:703,0
DA:710,0
DA:714,0
LF:267
LH:0
BRDA:12,0,0,0
BRDA:69,1,0,0
BRDA:69,1,1,0
BRDA:71,2,0,0
BRDA:71,2,1,0
BRDA:76,3,0,0
BRDA:76,3,1,0
BRDA:77,4,0,0
BRDA:77,4,1,0
BRDA:83,5,0,0
BRDA:83,5,1,0
BRDA:97,6,0,0
BRDA:97,6,1,0
BRDA:98,7,0,0
BRDA:98,7,1,0
BRDA:99,8,0,0
BRDA:99,8,1,0
BRDA:100,9,0,0
BRDA:100,9,1,0
BRDA:101,10,0,0
BRDA:101,10,1,0
BRDA:130,11,0,0
BRDA:130,11,1,0
BRDA:159,12,0,0
BRDA:159,12,1,0
BRDA:159,13,0,0
BRDA:159,13,1,0
BRDA:163,14,0,0
BRDA:163,14,1,0
BRDA:170,15,0,0
BRDA:170,15,1,0
BRDA:199,16,0,0
BRDA:199,16,1,0
BRDA:199,17,0,0
BRDA:199,17,1,0
BRDA:212,18,0,0
BRDA:212,18,1,0
BRDA:233,19,0,0
BRDA:233,19,1,0
BRDA:237,20,0,0
BRDA:237,20,1,0
BRDA:260,21,0,0
BRDA:260,21,1,0
BRDA:260,22,0,0
BRDA:260,22,1,0
BRDA:263,23,0,0
BRDA:263,23,1,0
BRDA:278,24,0,0
BRDA:278,24,1,0
BRDA:278,24,2,0
BRDA:278,24,3,0
BRDA:278,24,4,0
BRDA:278,24,5,0
BRDA:278,24,6,0
BRDA:278,24,7,0
BRDA:278,24,8,0
BRDA:278,24,9,0
BRDA:316,25,0,0
BRDA:316,25,1,0
BRDA:318,26,0,0
BRDA:318,26,1,0
BRDA:318,27,0,0
BRDA:318,27,1,0
BRDA:318,27,2,0
BRDA:320,28,0,0
BRDA:320,28,1,0
BRDA:321,29,0,0
BRDA:321,29,1,0
BRDA:325,30,0,0
BRDA:325,30,1,0
BRDA:343,31,0,0
BRDA:343,31,1,0
BRDA:347,32,0,0
BRDA:347,32,1,0
BRDA:361,33,0,0
BRDA:361,33,1,0
BRDA:361,34,0,0
BRDA:361,34,1,0
BRDA:386,35,0,0
BRDA:386,35,1,0
BRDA:389,36,0,0
BRDA:389,36,1,0
BRDA:428,37,0,0
BRDA:428,37,1,0
BRDA:431,38,0,0
BRDA:431,38,1,0
BRDA:453,39,0,0
BRDA:453,39,1,0
BRDA:467,40,0,0
BRDA:467,40,1,0
BRDA:467,41,0,0
BRDA:467,41,1,0
BRDA:481,42,0,0
BRDA:481,42,1,0
BRDA:506,43,0,0
BRDA:506,43,1,0
BRDA:510,44,0,0
BRDA:510,44,1,0
BRDA:548,45,0,0
BRDA:548,45,1,0
BRDA:560,46,0,0
BRDA:560,46,1,0
BRDA:568,47,0,0
BRDA:568,47,1,0
BRDA:575,48,0,0
BRDA:575,48,1,0
BRDA:579,49,0,0
BRDA:579,49,1,0
BRDA:584,50,0,0
BRDA:584,50,1,0
BRDA:594,51,0,0
BRDA:594,51,1,0
BRDA:596,52,0,0
BRDA:596,52,1,0
BRDA:606,53,0,0
BRDA:606,53,1,0
BRDA:614,54,0,0
BRDA:614,54,1,0
BRDA:618,55,0,0
BRDA:618,55,1,0
BRDA:621,56,0,0
BRDA:621,56,1,0
BRDA:638,57,0,0
BRDA:638,57,1,0
BRDA:641,58,0,0
BRDA:641,58,1,0
BRDA:649,59,0,0
BRDA:649,59,1,0
BRDA:660,60,0,0
BRDA:660,60,1,0
BRDA:670,61,0,0
BRDA:670,61,1,0
BRDA:691,62,0,0
BRDA:691,62,1,0
BRDA:691,63,0,0
BRDA:691,63,1,0
BRDA:691,63,2,0
BRF:137
BRH:0
end_of_record
TN:
SF:src/compliance/positionLimitChecker.js
FN:6,(anonymous_0)
FN:105,(anonymous_1)
FN:124,(anonymous_2)
FN:139,(anonymous_3)
FN:246,(anonymous_4)
FN:261,(anonymous_5)
FN:278,(anonymous_6)
FN:292,(anonymous_7)
FN:293,(anonymous_8)
FN:313,(anonymous_9)
FN:314,(anonymous_10)
FN:332,(anonymous_11)
FN:333,(anonymous_12)
FN:354,(anonymous_13)
FN:355,(anonymous_14)
FN:365,(anonymous_15)
FN:390,(anonymous_16)
FN:395,(anonymous_17)
FN:430,(anonymous_18)
FN:435,(anonymous_19)
FN:472,(anonymous_20)
FN:501,(anonymous_21)
FN:508,(anonymous_22)
FN:541,(anonymous_23)
FN:554,(anonymous_24)
FN:565,(anonymous_25)
FN:586,(anonymous_26)
FN:599,(anonymous_27)
FN:633,(anonymous_28)
FN:662,(anonymous_29)
FN:664,(anonymous_30)
FN:672,(anonymous_31)
FN:678,(anonymous_32)
FN:681,(anonymous_33)
FN:691,(anonymous_34)
FN:734,(anonymous_35)
FNF:36
FNH:0
FNDA:0,(anonymous_0)
FNDA:0,(anonymous_1)
FNDA:0,(anonymous_2)
FNDA:0,(anonymous_3)
FNDA:0,(anonymous_4)
FNDA:0,(anonymous_5)
FNDA:0,(anonymous_6)
FNDA:0,(anonymous_7)
FNDA:0,(anonymous_8)
FNDA:0,(anonymous_9)
FNDA:0,(anonymous_10)
FNDA:0,(anonymous_11)
FNDA:0,(anonymous_12)
FNDA:0,(anonymous_13)
FNDA:0,(anonymous_14)
FNDA:0,(anonymous_15)
FNDA:0,(anonymous_16)
FNDA:0,(anonymous_17)
FNDA:0,(anonymous_18)
FNDA:0,(anonymous_19)
FNDA:0,(anonymous_20)
FNDA:0,(anonymous_21)
FNDA:0,(anonymous_22)
FNDA:0,(anonymous_23)
FNDA:0,(anonymous_24)
FNDA:0,(anonymous_25)
FNDA:0,(anonymous_26)
FNDA:0,(anonymous_27)
FNDA:0,(anonymous_28)
FNDA:0,(anonymous_29)
FNDA:0,(anonymous_30)
FNDA:0,(anonymous_31)
FNDA:0,(anonymous_32)
FNDA:0,(anonymous_33)
FNDA:0,(anonymous_34)
FNDA:0,(anonymous_35)
DA:2,0
DA:3,0
DA:7,0
DA:8,0
DA:9,0
DA:12,0
DA:15,0
DA:26,0
DA:60,0
DA:78,0
DA:90,0
DA:101,0
DA:102,0
DA:106,0
DA:107,0
DA:110,0
DA:113,0
DA:115,0
DA:116,0
DA:119,0
DA:120,0
DA:127,0
DA:132,0
DA:136,0
DA:140,0
DA:141,0
DA:142,0
DA:143,0
DA:146,0
DA:149,0
DA:150,0
DA:151,0
DA:155,0
DA:156,0
DA:157,0
DA:161,0
DA:162,0
DA:163,0
DA:167,0
DA:170,0
DA:171,0
DA:172,0
DA:176,0
DA:177,0
DA:178,0
DA:182,0
DA:183,0
DA:184,0
DA:188,0
DA:189,0
DA:190,0
DA:194,0
DA:195,0
DA:196,0
DA:200,0
DA:201,0
DA:202,0
DA:206,0
DA:207,0
DA:208,0
DA:211,0
DA:219,0
DA:220,0
DA:227,0
DA:230,0
DA:233,0
DA:234,0
DA:247,0
DA:248,0
DA:258,0
DA:262,0
DA:264,0
DA:265,0
DA:275,0
DA:279,0
DA:280,0
DA:289,0
DA:293,0
DA:294,0
DA:296,0
DA:298,0
DA:299,0
DA:310,0
DA:314,0
DA:315,0
DA:318,0
DA:319,0
DA:329,0
DA:333,0
DA:334,0
DA:337,0
DA:338,0
DA:340,0
DA:341,0
DA:351,0
DA:355,0
DA:356,0
DA:359,0
DA:362,0
DA:363,0
DA:365,0
DA:366,0
DA:367,0
DA:369,0
DA:370,0
DA:371,0
DA:375,0
DA:376,0
DA:387,0
DA:391,0
DA:392,0
DA:395,0
DA:396,0
DA:397,0
DA:399,0
DA:401,0
DA:402,0
DA:404,0
DA:407,0
DA:410,0
DA:411,0
DA:412,0
DA:414,0
DA:415,0
DA:427,0
DA:431,0
DA:432,0
DA:435,0
DA:436,0
DA:437,0
DA:439,0
DA:441,0
DA:442,0
DA:444,0
DA:447,0
DA:450,0
DA:451,0
DA:453,0
DA:454,0
DA:456,0
DA:457,0
DA:469,0
DA:473,0
DA:476,0
DA:477,0
DA:480,0
DA:481,0
DA:483,0
DA:484,0
DA:496,0
DA:498,0
DA:502,0
DA:503,0
DA:504,0
DA:505,0
DA:508,0
DA:510,0
DA:512,0
DA:513,0
DA:514,0
DA:515,0
DA:517,0
DA:524,0
DA:525,0
DA:529,0
DA:530,0
DA:538,0
DA:543,0
DA:545,0
DA:546,0
DA:550,0
DA:551,0
DA:556,0
DA:562,0
DA:567,0
DA:583,0
DA:588,0
DA:596,0
DA:600,0
DA:601,0
DA:602,0
DA:605,0
DA:606,0
DA:607,0
DA:610,0
DA:612,0
DA:619,0
DA:621,0
DA:628,0
DA:629,0
DA:634,0
DA:636,0
DA:637,0
DA:640,0
DA:641,0
DA:644,0
DA:645,0
DA:648,0
DA:649,0
DA:652,0
DA:653,0
DA:656,0
DA:664,0
DA:665,0
DA:666,0
DA:667,0
DA:673,0
DA:674,0
DA:675,0
DA:679,0
DA:680,0
DA:681,0
DA:682,0
DA:685,0
DA:686,0
DA:689,0
DA:690,0
DA:691,0
DA:692,0
DA:693,0
DA:694,0
DA:695,0
DA:699,0
DA:729,0
DA:730,0
DA:735,0
DA:746,0
LF:227
LH:0
BRDA:6,0,0,0
BRDA:146,1,0,0
BRDA:146,1,1,0
BRDA:150,2,0,0
BRDA:150,2,1,0
BRDA:156,3,0,0
BRDA:156,3,1,0
BRDA:162,4,0,0
BRDA:162,4,1,0
BRDA:171,5,0,0
BRDA:171,5,1,0
BRDA:177,6,0,0
BRDA:177,6,1,0
BRDA:183,7,0,0
BRDA:183,7,1,0
BRDA:189,8,0,0
BRDA:189,8,1,0
BRDA:195,9,0,0
BRDA:195,9,1,0
BRDA:201,10,0,0
BRDA:201,10,1,0
BRDA:207,11,0,0
BRDA:207,11,1,0
BRDA:219,12,0,0
BRDA:219,12,1,0
BRDA:247,13,0,0
BRDA:247,13,1,0
BRDA:264,14,0,0
BRDA:264,14,1,0
BRDA:279,15,0,0
BRDA:279,15,1,0
BRDA:294,16,0,0
BRDA:294,16,1,0
BRDA:296,17,0,0
BRDA:296,17,1,0
BRDA:298,18,0,0
BRDA:298,18,1,0
BRDA:315,19,0,0
BRDA:315,19,1,0
BRDA:318,20,0,0
BRDA:318,20,1,0
BRDA:334,21,0,0
BRDA:334,21,1,0
BRDA:337,22,0,0
BRDA:337,22,1,0
BRDA:338,23,0,0
BRDA:338,23,1,0
BRDA:340,24,0,0
BRDA:340,24,1,0
BRDA:356,25,0,0
BRDA:356,25,1,0
BRDA:359,26,0,0
BRDA:359,26,1,0
BRDA:366,27,0,0
BRDA:366,27,1,0
BRDA:369,28,0,0
BRDA:369,28,1,0
BRDA:375,29,0,0
BRDA:375,29,1,0
BRDA:396,30,0,0
BRDA:396,30,1,0
BRDA:397,31,0,0
BRDA:397,31,1,0
BRDA:401,32,0,0
BRDA:401,32,1,0
BRDA:407,33,0,0
BRDA:407,33,1,0
BRDA:412,34,0,0
BRDA:412,34,1,0
BRDA:414,35,0,0
BRDA:414,35,1,0
BRDA:436,36,0,0
BRDA:436,36,1,0
BRDA:437,37,0,0
BRDA:437,37,1,0
BRDA:441,38,0,0
BRDA:441,38,1,0
BRDA:447,39,0,0
BRDA:447,39,1,0
BRDA:451,40,0,0
BRDA:451,40,1,0
BRDA:454,41,0,0
BRDA:454,41,1,0
BRDA:456,42,0,0
BRDA:456,42,1,0
BRDA:476,43,0,0
BRDA:476,43,1,0
BRDA:480,44,0,0
BRDA:480,44,1,0
BRDA:483,45,0,0
BRDA:483,45,1,0
BRDA:504,46,0,0
BRDA:504,46,1,0
BRDA:510,47,0,0
BRDA:510,47,1,0
BRDA:513,48,0,0
BRDA:513,48,1,0
BRDA:514,49,0,0
BRDA:514,49,1,0
BRDA:524,50,0,0
BRDA:524,50,1,0
BRDA:529,51,0,0
BRDA:529,51,1,0
BRDA:545,52,0,0
BRDA:545,52,1,0
BRDA:562,53,0,0
BRDA:562,53,1,0
BRDA:583,54,0,0
BRDA:583,54,1,0
BRDA:596,55,0,0
BRDA:596,55,1,0
BRDA:606,56,0,0
BRDA:606,56,1,0
BRDA:636,57,0,0
BRDA:636,57,1,0
BRDA:640,58,0,0
BRDA:640,58,1,0
BRDA:644,59,0,0
BRDA:644,59,1,0
BRDA:648,60,0,0
BRDA:648,60,1,0
BRDA:648,61,0,0
BRDA:648,61,1,0
BRDA:652,62,0,0
BRDA:652,62,1,0
BRDA:666,63,0,0
BRDA:666,63,1,0
BRDA:682,64,0,0
BRDA:682,64,1,0
BRDA:685,65,0,0
BRDA:685,65,1,0
BRDA:686,66,0,0
BRDA:686,66,1,0
BRDA:692,67,0,0
BRDA:692,67,1,0
BRDA:693,68,0,0
BRDA:693,68,1,0
BRF:137
BRH:0
end_of_record
TN:
SF:src/compliance/regulatoryChecker.js
FN:13,(anonymous_0)
FN:100,(anonymous_1)
FN:124,(anonymous_2)
FN:134,(anonymous_3)
FN:140,(anonymous_4)
FN:146,(anonymous_5)
FN:154,(anonymous_6)
FN:169,(anonymous_7)
FN:253,(anonymous_8)
FN:270,(anonymous_9)
FN:287,(anonymous_10)
FN:304,(anonymous_11)
FN:321,(anonymous_12)
FN:334,(anonymous_13)
FN:345,(anonymous_14)
FN:361,(anonymous_15)
FN:378,(anonymous_16)
FN:388,(anonymous_17)
FN:397,(anonymous_18)
FN:407,(anonymous_19)
FNF:20
FNH:0
FNDA:0,(anonymous_0)
FNDA:0,(anonymous_1)
FNDA:0,(anonymous_2)
FNDA:0,(anonymous_3)
FNDA:0,(anonymous_4)
FNDA:0,(anonymous_5)
FNDA:0,(anonymous_6)
FNDA:0,(anonymous_7)
FNDA:0,(anonymous_8)
FNDA:0,(anonymous_9)
FNDA:0,(anonymous_10)
FNDA:0,(anonymous_11)
FNDA:0,(anonymous_12)
FNDA:0,(anonymous_13)
FNDA:0,(anonymous_14)
FNDA:0,(anonymous_15)
FNDA:0,(anonymous_16)
FNDA:0,(anonymous_17)
FNDA:0,(anonymous_18)
FNDA:0,(anonymous_19)
DA:1,0
DA:4,0
DA:14,0
DA:15,0
DA:20,0
DA:21,0
DA:22,0
DA:23,0
DA:24,0
DA:25,0
DA:26,0
DA:27,0
DA:28,0
DA:31,0
DA:39,0
DA:92,0
DA:93,0
DA:94,0
DA:101,0
DA:103,0
DA:104,0
DA:107,0
DA:110,0
DA:112,0
DA:113,0
DA:114,0
DA:116,0
DA:117,0
DA:125,0
DA:126,0
DA:127,0
DA:128,0
DA:137,0
DA:140,0
DA:148,0
DA:155,0
DA:156,0
DA:159,0
DA:170,0
DA:172,0
DA:173,0
DA:174,0
DA:177,0
DA:178,0
DA:179,0
DA:183,0
DA:194,0
DA:204,0
DA:205,0
DA:206,0
DA:207,0
DA:211,0
DA:212,0
DA:216,0
DA:217,0
DA:218,0
DA:219,0
DA:222,0
DA:223,0
DA:224,0
DA:226,0
DA:227,0
DA:228,0
DA:231,0
DA:232,0
DA:235,0
DA:238,0
DA:239,0
DA:254,0
DA:257,0
DA:264,0
DA:271,0
DA:274,0
DA:281,0
DA:288,0
DA:291,0
DA:298,0
DA:305,0
DA:308,0
DA:315,0
DA:323,0
DA:324,0
DA:328,0
DA:329,0
DA:330,0
DA:331,0
DA:334,0
DA:335,0
DA:336,0
DA:339,0
DA:346,0
DA:349,0
DA:350,0
DA:353,0
DA:363,0
DA:369,0
DA:370,0
DA:380,0
DA:390,0
DA:398,0
DA:407,0
DA:415,0
LF:102
LH:0
BRDA:13,0,0,0
BRDA:20,1,0,0
BRDA:20,1,1,0
BRDA:27,2,0,0
BRDA:27,2,1,0
BRDA:28,3,0,0
BRDA:28,3,1,0
BRDA:39,4,0,0
BRDA:39,4,1,0
BRDA:101,5,0,0
BRDA:101,5,1,0
BRDA:169,6,0,0
BRDA:173,7,0,0
BRDA:173,7,1,0
BRDA:177,8,0,0
BRDA:177,8,1,0
BRDA:178,9,0,0
BRDA:178,9,1,0
BRDA:196,10,0,0
BRDA:196,10,1,0
BRDA:197,11,0,0
BRDA:197,11,1,0
BRDA:198,12,0,0
BRDA:198,12,1,0
BRDA:199,13,0,0
BRDA:199,13,1,0
BRDA:204,14,0,0
BRDA:204,14,1,0
BRDA:211,15,0,0
BRDA:211,15,1,0
BRDA:226,16,0,0
BRDA:226,16,1,0
BRDA:231,17,0,0
BRDA:231,17,1,0
BRDA:241,18,0,0
BRDA:241,18,1,0
BRDA:254,19,0,0
BRDA:254,19,1,0
BRDA:271,20,0,0
BRDA:271,20,1,0
BRDA:288,21,0,0
BRDA:288,21,1,0
BRDA:305,22,0,0
BRDA:305,22,1,0
BRDA:323,23,0,0
BRDA:323,23,1,0
BRF:46
BRH:0
end_of_record
TN:
SF:src/compliance/tradingHaltChecker.js
FN:5,(anonymous_0)
FN:46,(anonymous_1)
FN:65,(anonymous_2)
FN:71,(anonymous_3)
FN:73,(anonymous_4)
FN:78,(anonymous_5)
FN:85,(anonymous_6)
FN:131,(anonymous_7)
FN:201,(anonymous_8)
FN:212,(anonymous_9)
FN:224,(anonymous_10)
FN:237,(anonymous_11)
FN:247,(anonymous_12)
FN:273,(anonymous_13)
FN:286,(anonymous_14)
FN:297,(anonymous_15)
FN:315,(anonymous_16)
FN:342,(anonymous_17)
FN:360,(anonymous_18)
FN:377,(anonymous_19)
FN:395,(anonymous_20)
FN:402,(anonymous_21)
FN:411,(anonymous_22)
FN:417,(anonymous_23)
FN:434,(anonymous_24)
FN:435,(anonymous_25)
FN:441,(anonymous_26)
FN:445,(anonymous_27)
FN:449,(anonymous_28)
FNF:29
FNH:0
FNDA:0,(anonymous_0)
FNDA:0,(anonymous_1)
FNDA:0,(anonymous_2)
FNDA:0,(anonymous_3)
FNDA:0,(anonymous_4)
FNDA:0,(anonymous_5)
FNDA:0,(anonymous_6)
FNDA:0,(anonymous_7)
FNDA:0,(anonymous_8)
FNDA:0,(anonymous_9)
FNDA:0,(anonymous_10)
FNDA:0,(anonymous_11)
FNDA:0,(anonymous_12)
FNDA:0,(anonymous_13)
FNDA:0,(anonymous_14)
FNDA:0,(anonymous_15)
FNDA:0,(anonymous_16)
FNDA:0,(anonymous_17)
FNDA:0,(anonymous_18)
FNDA:0,(anonymous_19)
FNDA:0,(anonymous_20)
FNDA:0,(anonymous_21)
FNDA:0,(anonymous_22)
FNDA:0,(anonymous_23)
FNDA:0,(anonymous_24)
FNDA:0,(anonymous_25)
FNDA:0,(anonymous_26)
FNDA:0,(anonymous_27)
FNDA:0,(anonymous_28)
DA:2,0
DA:6,0
DA:7,0
DA:8,0
DA:9,0
DA:10,0
DA:13,0
DA:24,0
DA:31,0
DA:39,0
DA:47,0
DA:48,0
DA:51,0
DA:54,0
DA:56,0
DA:57,0
DA:60,0
DA:61,0
DA:68,0
DA:73,0
DA:74,0
DA:78,0
DA:79,0
DA:80,0
DA:86,0
DA:87,0
DA:90,0
DA:91,0
DA:93,0
DA:103,0
DA:105,0
DA:106,0
DA:108,0
DA:116,0
DA:122,0
DA:123,0
DA:132,0
DA:133,0
DA:134,0
DA:136,0
DA:138,0
DA:141,0
DA:142,0
DA:143,0
DA:144,0
DA:148,0
DA:149,0
DA:150,0
DA:151,0
DA:155,0
DA:156,0
DA:157,0
DA:158,0
DA:162,0
DA:163,0
DA:164,0
DA:165,0
DA:169,0
DA:170,0
DA:171,0
DA:172,0
DA:176,0
DA:177,0
DA:178,0
DA:179,0
DA:180,0
DA:183,0
DA:191,0
DA:192,0
DA:202,0
DA:203,0
DA:205,0
DA:213,0
DA:214,0
DA:215,0
DA:217,0
DA:225,0
DA:226,0
DA:227,0
DA:228,0
DA:230,0
DA:240,0
DA:249,0
DA:250,0
DA:253,0
DA:254,0
DA:255,0
DA:259,0
DA:261,0
DA:262,0
DA:263,0
DA:266,0
DA:274,0
DA:276,0
DA:278,0
DA:280,0
DA:282,0
DA:287,0
DA:290,0
DA:293,0
DA:298,0
DA:300,0
DA:302,0
DA:303,0
DA:304,0
DA:305,0
DA:306,0
DA:307,0
DA:311,0
DA:316,0
DA:326,0
DA:328,0
DA:329,0
DA:332,0
DA:339,0
DA:343,0
DA:344,0
DA:350,0
DA:357,0
DA:361,0
DA:362,0
DA:363,0
DA:364,0
DA:366,0
DA:373,0
DA:378,0
DA:380,0
DA:382,0
DA:384,0
DA:387,0
DA:388,0
DA:389,0
DA:391,0
DA:396,0
DA:397,0
DA:399,0
DA:405,0
DA:414,0
DA:419,0
DA:435,0
DA:442,0
DA:446,0
DA:450,0
DA:460,0
LF:144
LH:0
BRDA:5,0,0,0
BRDA:79,1,0,0
BRDA:79,1,1,0
BRDA:90,2,0,0
BRDA:90,2,1,0
BRDA:105,3,0,0
BRDA:105,3,1,0
BRDA:142,4,0,0
BRDA:142,4,1,0
BRDA:149,5,0,0
BRDA:149,5,1,0
BRDA:156,6,0,0
BRDA:156,6,1,0
BRDA:163,7,0,0
BRDA:163,7,1,0
BRDA:170,8,0,0
BRDA:170,8,1,0
BRDA:177,9,0,0
BRDA:177,9,1,0
BRDA:179,10,0,0
BRDA:179,10,1,0
BRDA:202,11,0,0
BRDA:202,11,1,0
BRDA:213,12,0,0
BRDA:213,12,1,0
BRDA:214,13,0,0
BRDA:214,13,1,0
BRDA:215,14,0,0
BRDA:215,14,1,0
BRDA:225,15,0,0
BRDA:225,15,1,0
BRDA:226,16,0,0
BRDA:226,16,1,0
BRDA:228,17,0,0
BRDA:228,17,1,0
BRDA:253,18,0,0
BRDA:253,18,1,0
BRDA:261,19,0,0
BRDA:261,19,1,0
BRDA:274,20,0,0
BRDA:274,20,1,0
BRDA:274,20,2,0
BRDA:274,20,3,0
BRDA:302,21,0,0
BRDA:302,21,1,0
BRDA:304,22,0,0
BRDA:304,22,1,0
BRDA:306,23,0,0
BRDA:306,23,1,0
BRDA:360,24,0,0
BRDA:361,25,0,0
BRDA:361,25,1,0
BRDA:380,26,0,0
BRDA:380,26,1,0
BRDA:380,26,2,0
BRDA:380,26,3,0
BRDA:399,27,0,0
BRDA:399,27,1,0
BRDA:446,28,0,0
BRDA:446,28,1,0
BRF:60
BRH:0
end_of_record
TN:
SF:src/core/TradingEngine.js
FN:14,(anonymous_0)
FN:54,(anonymous_1)
FN:119,(anonymous_2)
FN:121,(anonymous_3)
FN:126,(anonymous_4)
FN:132,(anonymous_5)
FN:138,(anonymous_6)
FN:143,(anonymous_7)
FN:149,(anonymous_8)
FN:155,(anonymous_9)
FN:159,(anonymous_10)
FN:165,(anonymous_11)
FN:220,(anonymous_12)
FN:256,(anonymous_13)
FN:268,(anonymous_14)
FN:271,(anonymous_15)
FN:286,(anonymous_16)
FN:287,(anonymous_17)
FN:305,(anonymous_18)
FN:306,(anonymous_19)
FN:310,(anonymous_20)
FN:350,(anonymous_21)
FN:384,(anonymous_22)
FN:393,(anonymous_23)
FN:402,(anonymous_24)
FN:411,(anonymous_25)
FN:428,(anonymous_26)
FN:463,(anonymous_27)
FN:478,(anonymous_28)
FN:485,(anonymous_29)
FN:492,(anonymous_30)
FN:498,(anonymous_31)
FN:510,(anonymous_32)
FN:522,(anonymous_33)
FN:528,(anonymous_34)
FN:533,(anonymous_35)
FN:544,(anonymous_36)
FNF:37
FNH:0
FNDA:0,(anonymous_0)
FNDA:0,(anonymous_1)
FNDA:0,(anonymous_2)
FNDA:0,(anonymous_3)
FNDA:0,(anonymous_4)
FNDA:0,(anonymous_5)
FNDA:0,(anonymous_6)
FNDA:0,(anonymous_7)
FNDA:0,(anonymous_8)
FNDA:0,(anonymous_9)
FNDA:0,(anonymous_10)
FNDA:0,(anonymous_11)
FNDA:0,(anonymous_12)
FNDA:0,(anonymous_13)
FNDA:0,(anonymous_14)
FNDA:0,(anonymous_15)
FNDA:0,(anonymous_16)
FNDA:0,(anonymous_17)
FNDA:0,(anonymous_18)
FNDA:0,(anonymous_19)
FNDA:0,(anonymous_20)
FNDA:0,(anonymous_21)
FNDA:0,(anonymous_22)
FNDA:0,(anonymous_23)
FNDA:0,(anonymous_24)
FNDA:0,(anonymous_25)
FNDA:0,(anonymous_26)
FNDA:0,(anonymous_27)
FNDA:0,(anonymous_28)
FNDA:0,(anonymous_29)
FNDA:0,(anonymous_30)
FNDA:0,(anonymous_31)
FNDA:0,(anonymous_32)
FNDA:0,(anonymous_33)
FNDA:0,(anonymous_34)
FNDA:0,(anonymous_35)
FNDA:0,(anonymous_36)
DA:1,0
DA:2,0
DA:3,0
DA:4,0
DA:5,0
DA:6,0
DA:7,0
DA:8,0
DA:9,0
DA:10,0
DA:11,0
DA:15,0
DA:16,0
DA:17,0
DA:18,0
DA:19,0
DA:22,0
DA:23,0
DA:24,0
DA:25,0
DA:26,0
DA:27,0
DA:28,0
DA:31,0
DA:32,0
DA:33,0
DA:34,0
DA:35,0
DA:38,0
DA:46,0
DA:55,0
DA:56,0
DA:59,0
DA:64,0
DA:69,0
DA:74,0
DA:79,0
DA:83,0
DA:87,0
DA:92,0
DA:103,0
DA:106,0
DA:108,0
DA:109,0
DA:111,0
DA:114,0
DA:115,0
DA:121,0
DA:122,0
DA:123,0
DA:126,0
DA:127,0
DA:128,0
DA:129,0
DA:132,0
DA:133,0
DA:134,0
DA:138,0
DA:139,0
DA:140,0
DA:143,0
DA:144,0
DA:145,0
DA:149,0
DA:150,0
DA:151,0
DA:155,0
DA:156,0
DA:157,0
DA:159,0
DA:160,0
DA:166,0
DA:168,0
DA:170,0
DA:171,0
DA:175,0
DA:176,0
DA:177,0
DA:181,0
DA:184,0
DA:185,0
DA:186,0
DA:187,0
DA:191,0
DA:192,0
DA:193,0
DA:194,0
DA:198,0
DA:201,0
DA:202,0
DA:207,0
DA:215,0
DA:216,0
DA:221,0
DA:223,0
DA:224,0
DA:227,0
DA:228,0
DA:231,0
DA:232,0
DA:235,0
DA:236,0
DA:239,0
DA:240,0
DA:244,0
DA:245,0
DA:246,0
DA:249,0
DA:252,0
DA:257,0
DA:258,0
DA:261,0
DA:268,0
DA:272,0
DA:275,0
DA:278,0
DA:281,0
DA:283,0
DA:287,0
DA:288,0
DA:289,0
DA:292,0
DA:294,0
DA:295,0
DA:296,0
DA:298,0
DA:300,0
DA:306,0
DA:307,0
DA:311,0
DA:312,0
DA:320,0
DA:323,0
DA:327,0
DA:328,0
DA:330,0
DA:334,0
DA:337,0
DA:338,0
DA:341,0
DA:344,0
DA:345,0
DA:346,0
DA:351,0
DA:352,0
DA:354,0
DA:355,0
DA:358,0
DA:359,0
DA:362,0
DA:363,0
DA:367,0
DA:370,0
DA:372,0
DA:379,0
DA:380,0
DA:385,0
DA:386,0
DA:388,0
DA:389,0
DA:394,0
DA:395,0
DA:397,0
DA:398,0
DA:403,0
DA:404,0
DA:406,0
DA:407,0
DA:412,0
DA:413,0
DA:416,0
DA:417,0
DA:418,0
DA:424,0
DA:429,0
DA:430,0
DA:432,0
DA:438,0
DA:441,0
DA:447,0
DA:450,0
DA:456,0
DA:459,0
DA:464,0
DA:466,0
DA:467,0
DA:470,0
DA:479,0
DA:480,0
DA:481,0
DA:482,0
DA:486,0
DA:488,0
DA:490,0
DA:492,0
DA:493,0
DA:499,0
DA:502,0
DA:505,0
DA:506,0
DA:511,0
DA:514,0
DA:517,0
DA:518,0
DA:525,0
DA:529,0
DA:530,0
DA:534,0
DA:536,0
DA:537,0
DA:538,0
DA:541,0
DA:545,0
DA:560,0
LF:214
LH:0
BRDA:14,0,0,0
BRDA:170,1,0,0
BRDA:170,1,1,0
BRDA:176,2,0,0
BRDA:176,2,1,0
BRDA:185,3,0,0
BRDA:185,3,1,0
BRDA:192,4,0,0
BRDA:192,4,1,0
BRDA:223,5,0,0
BRDA:223,5,1,0
BRDA:223,6,0,0
BRDA:223,6,1,0
BRDA:223,6,2,0
BRDA:227,7,0,0
BRDA:227,7,1,0
BRDA:231,8,0,0
BRDA:231,8,1,0
BRDA:235,9,0,0
BRDA:235,9,1,0
BRDA:239,10,0,0
BRDA:239,10,1,0
BRDA:239,11,0,0
BRDA:239,11,1,0
BRDA:239,11,2,0
BRDA:244,12,0,0
BRDA:244,12,1,0
BRDA:245,13,0,0
BRDA:245,13,1,0
BRDA:257,14,0,0
BRDA:257,14,1,0
BRDA:275,15,0,0
BRDA:275,15,1,0
BRDA:281,16,0,0
BRDA:281,16,1,0
BRDA:281,17,0,0
BRDA:281,17,1,0
BRDA:288,18,0,0
BRDA:288,18,1,0
BRDA:288,19,0,0
BRDA:288,19,1,0
BRDA:327,20,0,0
BRDA:327,20,1,0
BRDA:337,21,0,0
BRDA:337,21,1,0
BRDA:337,22,0,0
BRDA:337,22,1,0
BRDA:354,23,0,0
BRDA:354,23,1,0
BRDA:358,24,0,0
BRDA:358,24,1,0
BRDA:362,25,0,0
BRDA:362,25,1,0
BRDA:384,26,0,0
BRDA:417,27,0,0
BRDA:417,27,1,0
BRDA:430,28,0,0
BRDA:430,28,1,0
BRDA:430,28,2,0
BRDA:466,29,0,0
BRDA:466,29,1,0
BRDA:488,30,0,0
BRDA:488,30,1,0
BRDA:505,31,0,0
BRDA:505,31,1,0
BRDA:517,32,0,0
BRDA:517,32,1,0
BRF:67
BRH:0
end_of_record
TN:
SF:src/docs/strategy-execution-api.js
FNF:0
FNH:0
DA:410,0
LF:1
LH:0
BRF:0
BRH:0
end_of_record
TN:
SF:src/execution/TradeExecutionEngine.js
FN:9,(anonymous_0)
FN:49,(anonymous_1)
FN:133,(anonymous_2)
FN:146,(anonymous_3)
FN:185,(anonymous_4)
FN:236,(anonymous_5)
FN:262,(anonymous_6)
FN:276,(anonymous_7)
FN:310,(anonymous_8)
FN:363,(anonymous_9)
FN:368,(anonymous_10)
FN:384,(anonymous_11)
FN:395,(anonymous_12)
FN:437,(anonymous_13)
FN:442,(anonymous_14)
FN:443,(anonymous_15)
FN:447,(anonymous_16)
FN:454,(anonymous_17)
FN:459,(anonymous_18)
FN:472,(anonymous_19)
FN:477,(anonymous_20)
FN:478,(anonymous_21)
FN:483,(anonymous_22)
FN:488,(anonymous_23)
FN:493,(anonymous_24)
FN:496,(anonymous_25)
FN:501,(anonymous_26)
FN:506,(anonymous_27)
FN:507,(anonymous_28)
FN:508,(anonymous_29)
FN:509,(anonymous_30)
FN:514,(anonymous_31)
FN:522,(anonymous_32)
FN:529,(anonymous_33)
FN:538,(anonymous_34)
FN:543,(anonymous_35)
FN:559,(anonymous_36)
FN:564,(anonymous_37)
FN:572,(anonymous_38)
FNF:39
FNH:0
FNDA:0,(anonymous_0)
FNDA:0,(anonymous_1)
FNDA:0,(anonymous_2)
FNDA:0,(anonymous_3)
FNDA:0,(anonymous_4)
FNDA:0,(anonymous_5)
FNDA:0,(anonymous_6)
FNDA:0,(anonymous_7)
FNDA:0,(anonymous_8)
FNDA:0,(anonymous_9)
FNDA:0,(anonymous_10)
FNDA:0,(anonymous_11)
FNDA:0,(anonymous_12)
FNDA:0,(anonymous_13)
FNDA:0,(anonymous_14)
FNDA:0,(anonymous_15)
FNDA:0,(anonymous_16)
FNDA:0,(anonymous_17)
FNDA:0,(anonymous_18)
FNDA:0,(anonymous_19)
FNDA:0,(anonymous_20)
FNDA:0,(anonymous_21)
FNDA:0,(anonymous_22)
FNDA:0,(anonymous_23)
FNDA:0,(anonymous_24)
FNDA:0,(anonymous_25)
FNDA:0,(anonymous_26)
FNDA:0,(anonymous_27)
FNDA:0,(anonymous_28)
FNDA:0,(anonymous_29)
FNDA:0,(anonymous_30)
FNDA:0,(anonymous_31)
FNDA:0,(anonymous_32)
FNDA:0,(anonymous_33)
FNDA:0,(anonymous_34)
FNDA:0,(anonymous_35)
FNDA:0,(anonymous_36)
FNDA:0,(anonymous_37)
FNDA:0,(anonymous_38)
DA:4,0
DA:5,0
DA:6,0
DA:10,0
DA:11,0
DA:12,0
DA:13,0
DA:16,0
DA:27,0
DA:28,0
DA:29,0
DA:38,0
DA:50,0
DA:51,0
DA:54,0
DA:55,0
DA:56,0
DA:57,0
DA:58,0
DA:62,0
DA:63,0
DA:64,0
DA:65,0
DA:69,0
DA:70,0
DA:71,0
DA:72,0
DA:73,0
DA:77,0
DA:78,0
DA:79,0
DA:80,0
DA:81,0
DA:85,0
DA:86,0
DA:87,0
DA:88,0
DA:92,0
DA:93,0
DA:94,0
DA:95,0
DA:96,0
DA:97,0
DA:102,0
DA:105,0
DA:107,0
DA:108,0
DA:109,0
DA:116,0
DA:118,0
DA:119,0
DA:122,0
DA:125,0
DA:126,0
DA:134,0
DA:135,0
DA:137,0
DA:139,0
DA:140,0
DA:141,0
DA:142,0
DA:146,0
DA:147,0
DA:148,0
DA:149,0
DA:150,0
DA:154,0
DA:155,0
DA:156,0
DA:157,0
DA:161,0
DA:162,0
DA:163,0
DA:164,0
DA:168,0
DA:169,0
DA:170,0
DA:171,0
DA:174,0
DA:177,0
DA:178,0
DA:186,0
DA:188,0
DA:189,0
DA:196,0
DA:197,0
DA:198,0
DA:205,0
DA:206,0
DA:207,0
DA:209,0
DA:210,0
DA:217,0
DA:218,0
DA:219,0
DA:225,0
DA:228,0
DA:229,0
DA:237,0
DA:238,0
DA:240,0
DA:242,0
DA:243,0
DA:244,0
DA:247,0
DA:248,0
DA:249,0
DA:252,0
DA:253,0
DA:254,0
DA:257,0
DA:258,0
DA:259,0
DA:262,0
DA:263,0
DA:265,0
DA:268,0
DA:269,0
DA:277,0
DA:278,0
DA:281,0
DA:282,0
DA:283,0
DA:286,0
DA:287,0
DA:288,0
DA:292,0
DA:293,0
DA:297,0
DA:299,0
DA:302,0
DA:303,0
DA:311,0
DA:312,0
DA:315,0
DA:316,0
DA:317,0
DA:318,0
DA:321,0
DA:323,0
DA:341,0
DA:343,0
DA:352,0
DA:353,0
DA:364,0
DA:365,0
DA:368,0
DA:369,0
DA:370,0
DA:371,0
DA:373,0
DA:374,0
DA:375,0
DA:379,0
DA:384,0
DA:385,0
DA:386,0
DA:387,0
DA:396,0
DA:397,0
DA:398,0
DA:400,0
DA:401,0
DA:402,0
DA:404,0
DA:415,0
DA:418,0
DA:419,0
DA:422,0
DA:424,0
DA:425,0
DA:432,0
DA:438,0
DA:439,0
DA:440,0
DA:442,0
DA:443,0
DA:444,0
DA:448,0
DA:449,0
DA:450,0
DA:451,0
DA:456,0
DA:460,0
DA:461,0
DA:464,0
DA:465,0
DA:469,0
DA:474,0
DA:478,0
DA:479,0
DA:480,0
DA:485,0
DA:490,0
DA:495,0
DA:496,0
DA:498,0
DA:503,0
DA:504,0
DA:506,0
DA:507,0
DA:508,0
DA:509,0
DA:511,0
DA:516,0
DA:524,0
DA:530,0
DA:531,0
DA:540,0
DA:545,0
DA:547,0
DA:551,0
DA:553,0
DA:556,0
DA:560,0
DA:561,0
DA:565,0
DA:569,0
DA:573,0
DA:581,0
LF:220
LH:0
BRDA:9,0,0,0
BRDA:49,1,0,0
BRDA:55,2,0,0
BRDA:55,2,1,0
BRDA:62,3,0,0
BRDA:62,3,1,0
BRDA:70,4,0,0
BRDA:70,4,1,0
BRDA:78,5,0,0
BRDA:78,5,1,0
BRDA:85,6,0,0
BRDA:85,6,1,0
BRDA:92,7,0,0
BRDA:92,7,1,0
BRDA:94,8,0,0
BRDA:94,8,1,0
BRDA:107,9,0,0
BRDA:107,9,1,0
BRDA:140,10,0,0
BRDA:140,10,1,0
BRDA:148,11,0,0
BRDA:148,11,1,0
BRDA:155,12,0,0
BRDA:155,12,1,0
BRDA:162,13,0,0
BRDA:162,13,1,0
BRDA:169,14,0,0
BRDA:169,14,1,0
BRDA:188,15,0,0
BRDA:188,15,1,0
BRDA:197,16,0,0
BRDA:197,16,1,0
BRDA:205,17,0,0
BRDA:205,17,1,0
BRDA:207,18,0,0
BRDA:207,18,1,0
BRDA:209,19,0,0
BRDA:209,19,1,0
BRDA:218,20,0,0
BRDA:218,20,1,0
BRDA:244,21,0,0
BRDA:244,21,1,0
BRDA:249,22,0,0
BRDA:249,22,1,0
BRDA:254,23,0,0
BRDA:254,23,1,0
BRDA:259,24,0,0
BRDA:259,24,1,0
BRDA:286,25,0,0
BRDA:286,25,1,0
BRDA:292,26,0,0
BRDA:292,26,1,0
BRDA:315,27,0,0
BRDA:315,27,1,0
BRDA:318,28,0,0
BRDA:318,28,1,0
BRDA:337,29,0,0
BRDA:337,29,1,0
BRDA:365,30,0,0
BRDA:365,30,1,0
BRDA:373,31,0,0
BRDA:373,31,1,0
BRDA:385,32,0,0
BRDA:385,32,1,0
BRDA:398,33,0,0
BRDA:398,33,1,0
BRDA:400,34,0,0
BRDA:400,34,1,0
BRDA:402,35,0,0
BRDA:402,35,1,0
BRDA:448,36,0,0
BRDA:448,36,1,0
BRDA:448,37,0,0
BRDA:448,37,1,0
BRDA:448,37,2,0
BRDA:449,38,0,0
BRDA:449,38,1,0
BRDA:450,39,0,0
BRDA:450,39,1,0
BRDA:451,40,0,0
BRDA:451,40,1,0
BRDA:464,41,0,0
BRDA:464,41,1,0
BRDA:464,42,0,0
BRDA:464,42,1,0
BRDA:464,42,2,0
BRDA:469,43,0,0
BRDA:469,43,1,0
BRDA:511,44,0,0
BRDA:511,44,1,0
BRDA:511,44,2,0
BRDA:511,44,3,0
BRDA:545,45,0,0
BRDA:545,45,1,0
BRDA:545,46,0,0
BRDA:545,46,1,0
BRDA:545,46,2,0
BRDA:545,46,3,0
BRDA:551,47,0,0
BRDA:551,47,1,0
BRDA:551,48,0,0
BRDA:551,48,1,0
BRDA:551,48,2,0
BRDA:551,48,3,0
BRDA:560,49,0,0
BRDA:560,49,1,0
BRDA:565,50,0,0
BRDA:565,50,1,0
BRF:108
BRH:0
end_of_record
TN:
SF:src/execution/executionAlgorithms.js
FN:4,(anonymous_0)
FN:9,(anonymous_1)
FN:61,(anonymous_2)
FN:111,(anonymous_3)
FN:168,(anonymous_4)
FN:239,(anonymous_5)
FN:304,(anonymous_6)
FN:320,(anonymous_7)
FN:350,(anonymous_8)
FN:360,(anonymous_9)
FN:365,(anonymous_10)
FNF:11
FNH:0
FNDA:0,(anonymous_0)
FNDA:0,(anonymous_1)
FNDA:0,(anonymous_2)
FNDA:0,(anonymous_3)
FNDA:0,(anonymous_4)
FNDA:0,(anonymous_5)
FNDA:0,(anonymous_6)
FNDA:0,(anonymous_7)
FNDA:0,(anonymous_8)
FNDA:0,(anonymous_9)
FNDA:0,(anonymous_10)
DA:1,0
DA:5,0
DA:14,0
DA:16,0
DA:17,0
DA:18,0
DA:19,0
DA:21,0
DA:22,0
DA:24,0
DA:26,0
DA:27,0
DA:32,0
DA:33,0
DA:35,0
DA:43,0
DA:46,0
DA:55,0
DA:56,0
DA:66,0
DA:68,0
DA:69,0
DA:70,0
DA:72,0
DA:73,0
DA:75,0
DA:76,0
DA:78,0
DA:79,0
DA:80,0
DA:82,0
DA:83,0
DA:92,0
DA:96,0
DA:105,0
DA:106,0
DA:116,0
DA:118,0
DA:119,0
DA:120,0
DA:123,0
DA:130,0
DA:131,0
DA:132,0
DA:134,0
DA:135,0
DA:136,0
DA:141,0
DA:149,0
DA:150,0
DA:153,0
DA:162,0
DA:163,0
DA:174,0
DA:176,0
DA:177,0
DA:178,0
DA:179,0
DA:181,0
DA:182,0
DA:183,0
DA:185,0
DA:187,0
DA:193,0
DA:194,0
DA:197,0
DA:202,0
DA:210,0
DA:211,0
DA:215,0
DA:216,0
DA:225,0
DA:233,0
DA:234,0
DA:244,0
DA:246,0
DA:247,0
DA:248,0
DA:250,0
DA:251,0
DA:252,0
DA:253,0
DA:256,0
DA:258,0
DA:259,0
DA:260,0
DA:263,0
DA:264,0
DA:266,0
DA:270,0
DA:271,0
DA:276,0
DA:285,0
DA:286,0
DA:289,0
DA:298,0
DA:299,0
DA:306,0
DA:307,0
DA:308,0
DA:309,0
DA:311,0
DA:312,0
DA:314,0
DA:322,0
DA:323,0
DA:324,0
DA:326,0
DA:327,0
DA:328,0
DA:331,0
DA:332,0
DA:334,0
DA:335,0
DA:336,0
DA:337,0
DA:340,0
DA:347,0
DA:352,0
DA:362,0
DA:367,0
DA:368,0
DA:369,0
DA:373,0
LF:124
LH:0
BRDA:4,0,0,0
BRDA:9,1,0,0
BRDA:11,2,0,0
BRDA:12,3,0,0
BRDA:13,4,0,0
BRDA:24,5,0,0
BRDA:24,5,1,0
BRDA:61,6,0,0
BRDA:63,7,0,0
BRDA:64,8,0,0
BRDA:65,9,0,0
BRDA:76,10,0,0
BRDA:76,10,1,0
BRDA:82,11,0,0
BRDA:82,11,1,0
BRDA:111,12,0,0
BRDA:113,13,0,0
BRDA:114,14,0,0
BRDA:115,15,0,0
BRDA:120,16,0,0
BRDA:120,16,1,0
BRDA:134,17,0,0
BRDA:134,17,1,0
BRDA:168,18,0,0
BRDA:170,19,0,0
BRDA:171,20,0,0
BRDA:172,21,0,0
BRDA:173,22,0,0
BRDA:215,23,0,0
BRDA:215,23,1,0
BRDA:239,24,0,0
BRDA:241,25,0,0
BRDA:242,26,0,0
BRDA:243,27,0,0
BRDA:247,28,0,0
BRDA:247,28,1,0
BRDA:258,29,0,0
BRDA:258,29,1,0
BRDA:263,30,0,0
BRDA:263,30,1,0
BRDA:307,31,0,0
BRDA:307,31,1,0
BRDA:308,32,0,0
BRDA:308,32,1,0
BRDA:309,33,0,0
BRDA:309,33,1,0
BRDA:334,34,0,0
BRDA:334,34,1,0
BRDA:334,35,0,0
BRDA:334,35,1,0
BRDA:336,36,0,0
BRDA:336,36,1,0
BRDA:336,37,0,0
BRDA:336,37,1,0
BRDA:336,37,2,0
BRDA:336,37,3,0
BRF:56
BRH:0
end_of_record
TN:
SF:src/execution/fillManager.js
FN:6,(anonymous_0)
FN:34,(anonymous_1)
FN:88,(anonymous_2)
FN:133,(anonymous_3)
FN:140,(anonymous_4)
FN:151,(anonymous_5)
FN:170,(anonymous_6)
FN:189,(anonymous_7)
FN:202,(anonymous_8)
FN:218,(anonymous_9)
FN:233,(anonymous_10)
FN:250,(anonymous_11)
FN:254,(anonymous_12)
FN:258,(anonymous_13)
FN:262,(anonymous_14)
FN:264,(anonymous_15)
FN:268,(anonymous_16)
FN:272,(anonymous_17)
FN:277,(anonymous_18)
FN:286,(anonymous_19)
FN:287,(anonymous_20)
FN:290,(anonymous_21)
FN:298,(anonymous_22)
FN:308,(anonymous_23)
FN:312,(anonymous_24)
FN:318,(anonymous_25)
FN:325,(anonymous_26)
FN:337,(anonymous_27)
FNF:28
FNH:0
FNDA:0,(anonymous_0)
FNDA:0,(anonymous_1)
FNDA:0,(anonymous_2)
FNDA:0,(anonymous_3)
FNDA:0,(anonymous_4)
FNDA:0,(anonymous_5)
FNDA:0,(anonymous_6)
FNDA:0,(anonymous_7)
FNDA:0,(anonymous_8)
FNDA:0,(anonymous_9)
FNDA:0,(anonymous_10)
FNDA:0,(anonymous_11)
FNDA:0,(anonymous_12)
FNDA:0,(anonymous_13)
FNDA:0,(anonymous_14)
FNDA:0,(anonymous_15)
FNDA:0,(anonymous_16)
FNDA:0,(anonymous_17)
FNDA:0,(anonymous_18)
FNDA:0,(anonymous_19)
FNDA:0,(anonymous_20)
FNDA:0,(anonymous_21)
FNDA:0,(anonymous_22)
FNDA:0,(anonymous_23)
FNDA:0,(anonymous_24)
FNDA:0,(anonymous_25)
FNDA:0,(anonymous_26)
FNDA:0,(anonymous_27)
DA:2,0
DA:3,0
DA:7,0
DA:8,0
DA:9,0
DA:12,0
DA:13,0
DA:14,0
DA:17,0
DA:25,0
DA:35,0
DA:37,0
DA:39,0
DA:42,0
DA:43,0
DA:44,0
DA:48,0
DA:51,0
DA:54,0
DA:57,0
DA:60,0
DA:63,0
DA:65,0
DA:67,0
DA:74,0
DA:82,0
DA:83,0
DA:84,0
DA:90,0
DA:91,0
DA:92,0
DA:93,0
DA:98,0
DA:99,0
DA:100,0
DA:103,0
DA:104,0
DA:108,0
DA:109,0
DA:110,0
DA:114,0
DA:115,0
DA:116,0
DA:117,0
DA:121,0
DA:122,0
DA:123,0
DA:125,0
DA:126,0
DA:130,0
DA:134,0
DA:135,0
DA:136,0
DA:140,0
DA:141,0
DA:142,0
DA:148,0
DA:152,0
DA:172,0
DA:175,0
DA:176,0
DA:178,0
DA:181,0
DA:182,0
DA:183,0
DA:185,0
DA:191,0
DA:203,0
DA:204,0
DA:205,0
DA:207,0
DA:220,0
DA:221,0
DA:224,0
DA:225,0
DA:226,0
DA:227,0
DA:230,0
DA:234,0
DA:235,0
DA:236,0
DA:239,0
DA:240,0
DA:241,0
DA:242,0
DA:244,0
DA:245,0
DA:246,0
DA:251,0
DA:255,0
DA:259,0
DA:263,0
DA:264,0
DA:269,0
DA:270,0
DA:272,0
DA:273,0
DA:278,0
DA:287,0
DA:291,0
DA:293,0
DA:295,0
DA:296,0
DA:298,0
DA:299,0
DA:300,0
DA:301,0
DA:304,0
DA:309,0
DA:310,0
DA:312,0
DA:313,0
DA:314,0
DA:318,0
DA:319,0
DA:320,0
DA:323,0
DA:324,0
DA:325,0
DA:326,0
DA:327,0
DA:329,0
DA:330,0
DA:334,0
DA:335,0
DA:336,0
DA:337,0
DA:338,0
DA:339,0
DA:341,0
DA:342,0
DA:348,0
DA:352,0
LF:133
LH:0
BRDA:6,0,0,0
BRDA:42,1,0,0
BRDA:42,1,1,0
BRDA:92,2,0,0
BRDA:92,2,1,0
BRDA:99,3,0,0
BRDA:99,3,1,0
BRDA:103,4,0,0
BRDA:103,4,1,0
BRDA:109,5,0,0
BRDA:109,5,1,0
BRDA:116,6,0,0
BRDA:116,6,1,0
BRDA:121,7,0,0
BRDA:121,7,1,0
BRDA:125,8,0,0
BRDA:125,8,1,0
BRDA:135,9,0,0
BRDA:135,9,1,0
BRDA:142,10,0,0
BRDA:142,10,1,0
BRDA:142,10,2,0
BRDA:142,10,3,0
BRDA:162,11,0,0
BRDA:162,11,1,0
BRDA:163,12,0,0
BRDA:163,12,1,0
BRDA:164,13,0,0
BRDA:164,13,1,0
BRDA:166,14,0,0
BRDA:166,14,1,0
BRDA:175,15,0,0
BRDA:175,15,1,0
BRDA:181,16,0,0
BRDA:181,16,1,0
BRDA:182,17,0,0
BRDA:182,17,1,0
BRDA:224,18,0,0
BRDA:224,18,1,0
BRDA:226,19,0,0
BRDA:226,19,1,0
BRDA:240,20,0,0
BRDA:240,20,1,0
BRDA:255,21,0,0
BRDA:255,21,1,0
BRDA:259,22,0,0
BRDA:259,22,1,0
BRDA:262,23,0,0
BRDA:273,24,0,0
BRDA:273,24,1,0
BRDA:281,25,0,0
BRDA:281,25,1,0
BRDA:293,26,0,0
BRDA:293,26,1,0
BRDA:304,27,0,0
BRDA:304,27,1,0
BRDA:308,28,0,0
BRDA:313,29,0,0
BRDA:313,29,1,0
BRDA:324,30,0,0
BRDA:324,30,1,0
BRDA:326,31,0,0
BRDA:326,31,1,0
BRDA:329,32,0,0
BRDA:329,32,1,0
BRDA:334,33,0,0
BRDA:334,33,1,0
BRDA:336,34,0,0
BRDA:336,34,1,0
BRDA:338,35,0,0
BRDA:338,35,1,0
BRDA:341,36,0,0
BRDA:341,36,1,0
BRF:73
BRH:0
end_of_record
TN:
SF:src/execution/orderManager.js
FN:6,(anonymous_0)
FN:36,(anonymous_1)
FN:73,(anonymous_2)
FN:111,(anonymous_3)
FN:183,(anonymous_4)
FN:200,(anonymous_5)
FN:226,(anonymous_6)
FN:247,(anonymous_7)
FN:331,(anonymous_8)
FN:347,(anonymous_9)
FN:357,(anonymous_10)
FN:383,(anonymous_11)
FN:400,(anonymous_12)
FN:424,(anonymous_13)
FN:441,(anonymous_14)
FN:471,(anonymous_15)
FN:475,(anonymous_16)
FN:485,(anonymous_17)
FN:486,(anonymous_18)
FN:491,(anonymous_19)
FN:499,(anonymous_20)
FN:522,(anonymous_21)
FN:553,(anonymous_22)
FN:586,(anonymous_23)
FN:614,(anonymous_24)
FN:634,(anonymous_25)
FN:649,(anonymous_26)
FN:653,(anonymous_27)
FN:655,(anonymous_28)
FN:658,(anonymous_29)
FN:660,(anonymous_30)
FN:663,(anonymous_31)
FN:664,(anonymous_32)
FN:669,(anonymous_33)
FN:670,(anonymous_34)
FN:675,(anonymous_35)
FN:683,(anonymous_36)
FN:691,(anonymous_37)
FN:693,(anonymous_38)
FN:697,(anonymous_39)
FN:704,(anonymous_40)
FN:706,(anonymous_41)
FNF:42
FNH:0
FNDA:0,(anonymous_0)
FNDA:0,(anonymous_1)
FNDA:0,(anonymous_2)
FNDA:0,(anonymous_3)
FNDA:0,(anonymous_4)
FNDA:0,(anonymous_5)
FNDA:0,(anonymous_6)
FNDA:0,(anonymous_7)
FNDA:0,(anonymous_8)
FNDA:0,(anonymous_9)
FNDA:0,(anonymous_10)
FNDA:0,(anonymous_11)
FNDA:0,(anonymous_12)
FNDA:0,(anonymous_13)
FNDA:0,(anonymous_14)
FNDA:0,(anonymous_15)
FNDA:0,(anonymous_16)
FNDA:0,(anonymous_17)
FNDA:0,(anonymous_18)
FNDA:0,(anonymous_19)
FNDA:0,(anonymous_20)
FNDA:0,(anonymous_21)
FNDA:0,(anonymous_22)
FNDA:0,(anonymous_23)
FNDA:0,(anonymous_24)
FNDA:0,(anonymous_25)
FNDA:0,(anonymous_26)
FNDA:0,(anonymous_27)
FNDA:0,(anonymous_28)
FNDA:0,(anonymous_29)
FNDA:0,(anonymous_30)
FNDA:0,(anonymous_31)
FNDA:0,(anonymous_32)
FNDA:0,(anonymous_33)
FNDA:0,(anonymous_34)
FNDA:0,(anonymous_35)
FNDA:0,(anonymous_36)
FNDA:0,(anonymous_37)
FNDA:0,(anonymous_38)
FNDA:0,(anonymous_39)
FNDA:0,(anonymous_40)
FNDA:0,(anonymous_41)
DA:1,0
DA:2,0
DA:3,0
DA:7,0
DA:8,0
DA:9,0
DA:12,0
DA:13,0
DA:14,0
DA:17,0
DA:28,0
DA:37,0
DA:38,0
DA:51,0
DA:54,0
DA:57,0
DA:59,0
DA:66,0
DA:68,0
DA:69,0
DA:75,0
DA:76,0
DA:77,0
DA:78,0
DA:83,0
DA:84,0
DA:88,0
DA:89,0
DA:93,0
DA:94,0
DA:95,0
DA:99,0
DA:100,0
DA:104,0
DA:105,0
DA:108,0
DA:112,0
DA:113,0
DA:114,0
DA:117,0
DA:159,0
DA:160,0
DA:163,0
DA:166,0
DA:168,0
DA:175,0
DA:178,0
DA:179,0
DA:185,0
DA:188,0
DA:189,0
DA:191,0
DA:194,0
DA:195,0
DA:197,0
DA:201,0
DA:202,0
DA:205,0
DA:208,0
DA:209,0
DA:210,0
DA:211,0
DA:212,0
DA:217,0
DA:218,0
DA:219,0
DA:220,0
DA:221,0
DA:227,0
DA:229,0
DA:231,0
DA:232,0
DA:233,0
DA:237,0
DA:240,0
DA:243,0
DA:248,0
DA:249,0
DA:250,0
DA:251,0
DA:254,0
DA:255,0
DA:262,0
DA:263,0
DA:264,0
DA:265,0
DA:266,0
DA:267,0
DA:270,0
DA:282,0
DA:283,0
DA:287,0
DA:288,0
DA:292,0
DA:299,0
DA:302,0
DA:303,0
DA:307,0
DA:308,0
DA:317,0
DA:318,0
DA:321,0
DA:323,0
DA:326,0
DA:327,0
DA:332,0
DA:333,0
DA:334,0
DA:335,0
DA:337,0
DA:338,0
DA:341,0
DA:342,0
DA:344,0
DA:348,0
DA:349,0
DA:350,0
DA:352,0
DA:353,0
DA:358,0
DA:359,0
DA:360,0
DA:363,0
DA:364,0
DA:365,0
DA:370,0
DA:371,0
DA:374,0
DA:375,0
DA:379,0
DA:385,0
DA:386,0
DA:387,0
DA:391,0
DA:392,0
DA:393,0
DA:395,0
DA:396,0
DA:401,0
DA:402,0
DA:403,0
DA:404,0
DA:405,0
DA:407,0
DA:411,0
DA:416,0
DA:419,0
DA:420,0
DA:425,0
DA:426,0
DA:427,0
DA:430,0
DA:431,0
DA:432,0
DA:433,0
DA:434,0
DA:438,0
DA:442,0
DA:443,0
DA:444,0
DA:445,0
DA:448,0
DA:450,0
DA:451,0
DA:452,0
DA:453,0
DA:454,0
DA:457,0
DA:462,0
DA:463,0
DA:466,0
DA:467,0
DA:472,0
DA:476,0
DA:486,0
DA:487,0
DA:492,0
DA:500,0
DA:501,0
DA:504,0
DA:507,0
DA:508,0
DA:510,0
DA:513,0
DA:514,0
DA:516,0
DA:518,0
DA:519,0
DA:523,0
DA:524,0
DA:525,0
DA:528,0
DA:529,0
DA:530,0
DA:533,0
DA:536,0
DA:537,0
DA:540,0
DA:542,0
DA:543,0
DA:550,0
DA:554,0
DA:555,0
DA:556,0
DA:560,0
DA:561,0
DA:565,0
DA:576,0
DA:579,0
DA:580,0
DA:581,0
DA:584,0
DA:585,0
DA:586,0
DA:587,0
DA:588,0
DA:589,0
DA:591,0
DA:593,0
DA:594,0
DA:599,0
DA:600,0
DA:601,0
DA:602,0
DA:605,0
DA:606,0
DA:609,0
DA:611,0
DA:615,0
DA:616,0
DA:617,0
DA:620,0
DA:621,0
DA:624,0
DA:629,0
DA:631,0
DA:635,0
DA:636,0
DA:637,0
DA:640,0
DA:644,0
DA:646,0
DA:650,0
DA:654,0
DA:655,0
DA:659,0
DA:660,0
DA:664,0
DA:665,0
DA:670,0
DA:671,0
DA:676,0
DA:684,0
DA:692,0
DA:693,0
DA:694,0
DA:697,0
DA:698,0
DA:701,0
DA:705,0
DA:706,0
DA:707,0
DA:709,0
DA:713,0
LF:264
LH:0
BRDA:6,0,0,0
BRDA:77,1,0,0
BRDA:77,1,1,0
BRDA:83,2,0,0
BRDA:83,2,1,0
BRDA:88,3,0,0
BRDA:88,3,1,0
BRDA:94,4,0,0
BRDA:94,4,1,0
BRDA:99,5,0,0
BRDA:99,5,1,0
BRDA:99,6,0,0
BRDA:99,6,1,0
BRDA:99,6,2,0
BRDA:104,7,0,0
BRDA:104,7,1,0
BRDA:104,8,0,0
BRDA:104,8,1,0
BRDA:104,8,2,0
BRDA:125,9,0,0
BRDA:125,9,1,0
BRDA:126,10,0,0
BRDA:126,10,1,0
BRDA:127,11,0,0
BRDA:127,11,1,0
BRDA:141,12,0,0
BRDA:141,12,1,0
BRDA:155,13,0,0
BRDA:155,13,1,0
BRDA:188,14,0,0
BRDA:188,14,1,0
BRDA:194,15,0,0
BRDA:194,15,1,0
BRDA:202,16,0,0
BRDA:202,16,1,0
BRDA:209,17,0,0
BRDA:209,17,1,0
BRDA:211,18,0,0
BRDA:211,18,1,0
BRDA:218,19,0,0
BRDA:218,19,1,0
BRDA:220,20,0,0
BRDA:220,20,1,0
BRDA:229,21,0,0
BRDA:229,21,1,0
BRDA:229,21,2,0
BRDA:229,21,3,0
BRDA:229,21,4,0
BRDA:240,22,0,0
BRDA:240,22,1,0
BRDA:247,23,0,0
BRDA:250,24,0,0
BRDA:250,24,1,0
BRDA:262,25,0,0
BRDA:262,25,1,0
BRDA:262,26,0,0
BRDA:262,26,1,0
BRDA:263,27,0,0
BRDA:263,27,1,0
BRDA:267,28,0,0
BRDA:267,28,1,0
BRDA:275,29,0,0
BRDA:275,29,1,0
BRDA:277,30,0,0
BRDA:277,30,1,0
BRDA:282,31,0,0
BRDA:282,31,1,0
BRDA:287,32,0,0
BRDA:287,32,1,0
BRDA:287,33,0,0
BRDA:287,33,1,0
BRDA:287,33,2,0
BRDA:302,34,0,0
BRDA:302,34,1,0
BRDA:307,35,0,0
BRDA:307,35,1,0
BRDA:307,36,0,0
BRDA:307,36,1,0
BRDA:317,37,0,0
BRDA:317,37,1,0
BRDA:337,38,0,0
BRDA:337,38,1,0
BRDA:364,39,0,0
BRDA:364,39,1,0
BRDA:364,40,0,0
BRDA:364,40,1,0
BRDA:364,40,2,0
BRDA:374,41,0,0
BRDA:374,41,1,0
BRDA:386,42,0,0
BRDA:386,42,1,0
BRDA:400,43,0,0
BRDA:400,44,0,0
BRDA:403,45,0,0
BRDA:403,45,1,0
BRDA:404,46,0,0
BRDA:404,46,1,0
BRDA:424,47,0,0
BRDA:426,48,0,0
BRDA:426,48,1,0
BRDA:433,49,0,0
BRDA:433,49,1,0
BRDA:433,50,0,0
BRDA:433,50,1,0
BRDA:441,51,0,0
BRDA:444,52,0,0
BRDA:444,52,1,0
BRDA:452,53,0,0
BRDA:452,53,1,0
BRDA:452,54,0,0
BRDA:452,54,1,0
BRDA:453,55,0,0
BRDA:453,55,1,0
BRDA:453,56,0,0
BRDA:453,56,1,0
BRDA:500,57,0,0
BRDA:500,57,1,0
BRDA:500,58,0,0
BRDA:500,58,1,0
BRDA:507,59,0,0
BRDA:507,59,1,0
BRDA:513,60,0,0
BRDA:513,60,1,0
BRDA:522,61,0,0
BRDA:524,62,0,0
BRDA:524,62,1,0
BRDA:536,63,0,0
BRDA:536,63,1,0
BRDA:536,64,0,0
BRDA:536,64,1,0
BRDA:542,65,0,0
BRDA:542,65,1,0
BRDA:542,66,0,0
BRDA:542,66,1,0
BRDA:555,67,0,0
BRDA:555,67,1,0
BRDA:560,68,0,0
BRDA:560,68,1,0
BRDA:570,69,0,0
BRDA:570,69,1,0
BRDA:571,70,0,0
BRDA:571,70,1,0
BRDA:572,71,0,0
BRDA:572,71,1,0
BRDA:587,72,0,0
BRDA:587,72,1,0
BRDA:588,73,0,0
BRDA:588,73,1,0
BRDA:591,74,0,0
BRDA:591,74,1,0
BRDA:599,75,0,0
BRDA:599,75,1,0
BRDA:601,76,0,0
BRDA:601,76,1,0
BRDA:605,77,0,0
BRDA:605,77,1,0
BRDA:605,78,0,0
BRDA:605,78,1,0
BRDA:614,79,0,0
BRDA:616,80,0,0
BRDA:616,80,1,0
BRDA:620,81,0,0
BRDA:620,81,1,0
BRDA:636,82,0,0
BRDA:636,82,1,0
BRDA:654,83,0,0
BRDA:654,83,1,0
BRDA:659,84,0,0
BRDA:659,84,1,0
BRDA:698,85,0,0
BRDA:698,85,1,0
BRF:171
BRH:0
end_of_record
TN:
SF:src/execution/slippageOptimizer.js
FN:5,(anonymous_0)
FN:48,(anonymous_1)
FN:67,(anonymous_2)
FN:73,(anonymous_3)
FN:93,(anonymous_4)
FN:152,(anonymous_5)
FN:192,(anonymous_6)
FN:204,(anonymous_7)
FN:216,(anonymous_8)
FN:232,(anonymous_9)
FN:243,(anonymous_10)
FN:281,(anonymous_11)
FN:296,(anonymous_12)
FN:328,(anonymous_13)
FN:345,(anonymous_14)
FN:369,(anonymous_15)
FN:395,(anonymous_16)
FN:424,(anonymous_17)
FN:450,(anonymous_18)
FN:516,(anonymous_19)
FN:525,(anonymous_20)
FN:540,(anonymous_21)
FN:549,(anonymous_22)
FN:560,(anonymous_23)
FN:580,(anonymous_24)
FN:590,(anonymous_25)
FN:608,(anonymous_26)
FN:614,(anonymous_27)
FN:615,(anonymous_28)
FN:619,(anonymous_29)
FN:620,(anonymous_30)
FN:629,(anonymous_31)
FN:655,(anonymous_32)
FN:659,(anonymous_33)
FN:666,(anonymous_34)
FN:667,(anonymous_35)
FN:668,(anonymous_36)
FN:672,(anonymous_37)
FN:675,(anonymous_38)
FN:676,(anonymous_39)
FN:677,(anonymous_40)
FN:681,(anonymous_41)
FN:706,(anonymous_42)
FN:735,(anonymous_43)
FN:738,(anonymous_44)
FN:739,(anonymous_45)
FN:749,(anonymous_46)
FN:760,(anonymous_47)
FNF:48
FNH:0
FNDA:0,(anonymous_0)
FNDA:0,(anonymous_1)
FNDA:0,(anonymous_2)
FNDA:0,(anonymous_3)
FNDA:0,(anonymous_4)
FNDA:0,(anonymous_5)
FNDA:0,(anonymous_6)
FNDA:0,(anonymous_7)
FNDA:0,(anonymous_8)
FNDA:0,(anonymous_9)
FNDA:0,(anonymous_10)
FNDA:0,(anonymous_11)
FNDA:0,(anonymous_12)
FNDA:0,(anonymous_13)
FNDA:0,(anonymous_14)
FNDA:0,(anonymous_15)
FNDA:0,(anonymous_16)
FNDA:0,(anonymous_17)
FNDA:0,(anonymous_18)
FNDA:0,(anonymous_19)
FNDA:0,(anonymous_20)
FNDA:0,(anonymous_21)
FNDA:0,(anonymous_22)
FNDA:0,(anonymous_23)
FNDA:0,(anonymous_24)
FNDA:0,(anonymous_25)
FNDA:0,(anonymous_26)
FNDA:0,(anonymous_27)
FNDA:0,(anonymous_28)
FNDA:0,(anonymous_29)
FNDA:0,(anonymous_30)
FNDA:0,(anonymous_31)
FNDA:0,(anonymous_32)
FNDA:0,(anonymous_33)
FNDA:0,(anonymous_34)
FNDA:0,(anonymous_35)
FNDA:0,(anonymous_36)
FNDA:0,(anonymous_37)
FNDA:0,(anonymous_38)
FNDA:0,(anonymous_39)
FNDA:0,(anonymous_40)
FNDA:0,(anonymous_41)
FNDA:0,(anonymous_42)
FNDA:0,(anonymous_43)
FNDA:0,(anonymous_44)
FNDA:0,(anonymous_45)
FNDA:0,(anonymous_46)
FNDA:0,(anonymous_47)
DA:1,0
DA:2,0
DA:6,0
DA:7,0
DA:8,0
DA:9,0
DA:12,0
DA:27,0
DA:28,0
DA:32,0
DA:39,0
DA:40,0
DA:41,0
DA:44,0
DA:45,0
DA:49,0
DA:50,0
DA:53,0
DA:56,0
DA:58,0
DA:59,0
DA:62,0
DA:63,0
DA:70,0
DA:75,0
DA:81,0
DA:87,0
DA:94,0
DA:95,0
DA:102,0
DA:103,0
DA:112,0
DA:113,0
DA:115,0
DA:116,0
DA:126,0
DA:127,0
DA:129,0
DA:135,0
DA:138,0
DA:141,0
DA:153,0
DA:154,0
DA:157,0
DA:158,0
DA:160,0
DA:161,0
DA:162,0
DA:163,0
DA:164,0
DA:166,0
DA:170,0
DA:173,0
DA:176,0
DA:178,0
DA:179,0
DA:181,0
DA:194,0
DA:195,0
DA:196,0
DA:198,0
DA:199,0
DA:201,0
DA:206,0
DA:207,0
DA:208,0
DA:210,0
DA:211,0
DA:213,0
DA:218,0
DA:219,0
DA:220,0
DA:221,0
DA:222,0
DA:224,0
DA:225,0
DA:227,0
DA:229,0
DA:234,0
DA:235,0
DA:236,0
DA:238,0
DA:240,0
DA:244,0
DA:245,0
DA:248,0
DA:249,0
DA:257,0
DA:258,0
DA:266,0
DA:267,0
DA:275,0
DA:282,0
DA:284,0
DA:286,0
DA:288,0
DA:290,0
DA:292,0
DA:297,0
DA:298,0
DA:300,0
DA:301,0
DA:303,0
DA:304,0
DA:306,0
DA:313,0
DA:316,0
DA:330,0
DA:331,0
DA:333,0
DA:346,0
DA:347,0
DA:349,0
DA:350,0
DA:358,0
DA:370,0
DA:371,0
DA:374,0
DA:375,0
DA:378,0
DA:382,0
DA:396,0
DA:397,0
DA:399,0
DA:400,0
DA:403,0
DA:404,0
DA:405,0
DA:406,0
DA:408,0
DA:409,0
DA:417,0
DA:421,0
DA:426,0
DA:427,0
DA:430,0
DA:431,0
DA:434,0
DA:435,0
DA:436,0
DA:437,0
DA:440,0
DA:447,0
DA:452,0
DA:454,0
DA:456,0
DA:458,0
DA:459,0
DA:461,0
DA:462,0
DA:464,0
DA:465,0
DA:467,0
DA:468,0
DA:472,0
DA:473,0
DA:474,0
DA:478,0
DA:479,0
DA:481,0
DA:482,0
DA:483,0
DA:486,0
DA:495,0
DA:501,0
DA:502,0
DA:504,0
DA:516,0
DA:517,0
DA:521,0
DA:522,0
DA:525,0
DA:526,0
DA:529,0
DA:541,0
DA:542,0
DA:545,0
DA:546,0
DA:550,0
DA:551,0
DA:554,0
DA:555,0
DA:557,0
DA:561,0
DA:564,0
DA:565,0
DA:566,0
DA:568,0
DA:569,0
DA:572,0
DA:575,0
DA:577,0
DA:581,0
DA:584,0
DA:585,0
DA:587,0
DA:591,0
DA:592,0
DA:594,0
DA:595,0
DA:605,0
DA:609,0
DA:610,0
DA:614,0
DA:615,0
DA:617,0
DA:619,0
DA:620,0
DA:621,0
DA:624,0
DA:626,0
DA:630,0
DA:631,0
DA:634,0
DA:635,0
DA:644,0
DA:645,0
DA:648,0
DA:656,0
DA:660,0
DA:662,0
DA:663,0
DA:666,0
DA:667,0
DA:668,0
DA:670,0
DA:672,0
DA:675,0
DA:676,0
DA:677,0
DA:683,0
DA:684,0
DA:685,0
DA:687,0
DA:692,0
DA:707,0
DA:708,0
DA:711,0
DA:714,0
DA:715,0
DA:718,0
DA:719,0
DA:722,0
DA:731,0
DA:736,0
DA:738,0
DA:739,0
DA:741,0
DA:742,0
DA:744,0
DA:746,0
DA:752,0
DA:761,0
DA:770,0
LF:254
LH:0
BRDA:5,0,0,0
BRDA:27,1,0,0
BRDA:27,1,1,0
BRDA:93,2,0,0
BRDA:102,3,0,0
BRDA:102,3,1,0
BRDA:104,4,0,0
BRDA:104,4,1,0
BRDA:105,5,0,0
BRDA:105,5,1,0
BRDA:106,6,0,0
BRDA:106,6,1,0
BRDA:107,7,0,0
BRDA:107,7,1,0
BRDA:115,8,0,0
BRDA:115,8,1,0
BRDA:154,9,0,0
BRDA:154,9,1,0
BRDA:170,10,0,0
BRDA:170,10,1,0
BRDA:195,11,0,0
BRDA:195,11,1,0
BRDA:199,12,0,0
BRDA:199,12,1,0
BRDA:207,13,0,0
BRDA:207,13,1,0
BRDA:211,14,0,0
BRDA:211,14,1,0
BRDA:222,15,0,0
BRDA:222,15,1,0
BRDA:234,16,0,0
BRDA:234,16,1,0
BRDA:244,17,0,0
BRDA:244,17,1,0
BRDA:248,18,0,0
BRDA:248,18,1,0
BRDA:248,19,0,0
BRDA:248,19,1,0
BRDA:257,20,0,0
BRDA:257,20,1,0
BRDA:266,21,0,0
BRDA:266,21,1,0
BRDA:282,22,0,0
BRDA:282,22,1,0
BRDA:282,22,2,0
BRDA:282,22,3,0
BRDA:282,22,4,0
BRDA:303,23,0,0
BRDA:303,23,1,0
BRDA:370,24,0,0
BRDA:370,24,1,0
BRDA:378,25,0,0
BRDA:378,25,1,0
BRDA:403,26,0,0
BRDA:403,26,1,0
BRDA:408,27,0,0
BRDA:408,27,1,0
BRDA:434,28,0,0
BRDA:434,28,1,0
BRDA:434,29,0,0
BRDA:434,29,1,0
BRDA:436,30,0,0
BRDA:436,30,1,0
BRDA:436,31,0,0
BRDA:436,31,1,0
BRDA:436,31,2,0
BRDA:436,31,3,0
BRDA:456,32,0,0
BRDA:456,32,1,0
BRDA:456,32,2,0
BRDA:456,32,3,0
BRDA:472,33,0,0
BRDA:472,33,1,0
BRDA:473,34,0,0
BRDA:473,34,1,0
BRDA:517,35,0,0
BRDA:517,35,1,0
BRDA:521,36,0,0
BRDA:521,36,1,0
BRDA:526,37,0,0
BRDA:526,37,1,0
BRDA:600,38,0,0
BRDA:600,38,1,0
BRDA:600,39,0,0
BRDA:600,39,1,0
BRDA:601,40,0,0
BRDA:601,40,1,0
BRDA:608,41,0,0
BRDA:609,42,0,0
BRDA:609,42,1,0
BRDA:609,43,0,0
BRDA:609,43,1,0
BRDA:617,44,0,0
BRDA:617,44,1,0
BRDA:629,45,0,0
BRDA:630,46,0,0
BRDA:630,46,1,0
BRDA:644,47,0,0
BRDA:644,47,1,0
BRDA:656,48,0,0
BRDA:656,48,1,0
BRDA:662,49,0,0
BRDA:662,49,1,0
BRDA:683,50,0,0
BRDA:683,50,1,0
BRDA:708,51,0,0
BRDA:708,51,1,0
BRDA:708,52,0,0
BRDA:708,52,1,0
BRDA:714,53,0,0
BRDA:714,53,1,0
BRDA:718,54,0,0
BRDA:718,54,1,0
BRDA:736,55,0,0
BRDA:736,55,1,0
BRDA:736,56,0,0
BRDA:736,56,1,0
BRDA:742,57,0,0
BRDA:742,57,1,0
BRF:119
BRH:0
end_of_record
TN:
SF:src/execution/smartOrderRouter.js
FN:6,(anonymous_0)
FN:32,(anonymous_1)
FN:50,(anonymous_2)
FN:98,(anonymous_3)
FN:121,(anonymous_4)
FN:159,(anonymous_5)
FN:165,(anonymous_6)
FN:166,(anonymous_7)
FN:172,(anonymous_8)
FN:196,(anonymous_9)
FN:199,(anonymous_10)
FN:207,(anonymous_11)
FN:246,(anonymous_12)
FN:249,(anonymous_13)
FN:256,(anonymous_14)
FN:266,(anonymous_15)
FN:288,(anonymous_16)
FN:290,(anonymous_17)
FN:322,(anonymous_18)
FN:325,(anonymous_19)
FN:340,(anonymous_20)
FN:378,(anonymous_21)
FN:381,(anonymous_22)
FN:390,(anonymous_23)
FN:422,(anonymous_24)
FN:428,(anonymous_25)
FN:437,(anonymous_26)
FN:444,(anonymous_27)
FN:461,(anonymous_28)
FN:467,(anonymous_29)
FN:487,(anonymous_30)
FN:492,(anonymous_31)
FN:495,(anonymous_32)
FN:496,(anonymous_33)
FN:500,(anonymous_34)
FN:505,(anonymous_35)
FN:511,(anonymous_36)
FN:519,(anonymous_37)
FN:520,(anonymous_38)
FN:521,(anonymous_39)
FN:526,(anonymous_40)
FN:538,(anonymous_41)
FN:545,(anonymous_42)
FN:561,(anonymous_43)
FN:569,(anonymous_44)
FN:576,(anonymous_45)
FN:584,(anonymous_46)
FN:593,(anonymous_47)
FN:594,(anonymous_48)
FN:605,(anonymous_49)
FN:611,(anonymous_50)
FN:620,(anonymous_51)
FN:627,(anonymous_52)
FN:644,(anonymous_53)
FN:650,(anonymous_54)
FN:670,(anonymous_55)
FN:675,(anonymous_56)
FN:681,(anonymous_57)
FN:689,(anonymous_58)
FN:690,(anonymous_59)
FN:691,(anonymous_60)
FN:696,(anonymous_61)
FN:699,(anonymous_62)
FN:700,(anonymous_63)
FN:704,(anonymous_64)
FN:710,(anonymous_65)
FN:722,(anonymous_66)
FNF:67
FNH:0
FNDA:0,(anonymous_0)
FNDA:0,(anonymous_1)
FNDA:0,(anonymous_2)
FNDA:0,(anonymous_3)
FNDA:0,(anonymous_4)
FNDA:0,(anonymous_5)
FNDA:0,(anonymous_6)
FNDA:0,(anonymous_7)
FNDA:0,(anonymous_8)
FNDA:0,(anonymous_9)
FNDA:0,(anonymous_10)
FNDA:0,(anonymous_11)
FNDA:0,(anonymous_12)
FNDA:0,(anonymous_13)
FNDA:0,(anonymous_14)
FNDA:0,(anonymous_15)
FNDA:0,(anonymous_16)
FNDA:0,(anonymous_17)
FNDA:0,(anonymous_18)
FNDA:0,(anonymous_19)
FNDA:0,(anonymous_20)
FNDA:0,(anonymous_21)
FNDA:0,(anonymous_22)
FNDA:0,(anonymous_23)
FNDA:0,(anonymous_24)
FNDA:0,(anonymous_25)
FNDA:0,(anonymous_26)
FNDA:0,(anonymous_27)
FNDA:0,(anonymous_28)
FNDA:0,(anonymous_29)
FNDA:0,(anonymous_30)
FNDA:0,(anonymous_31)
FNDA:0,(anonymous_32)
FNDA:0,(anonymous_33)
FNDA:0,(anonymous_34)
FNDA:0,(anonymous_35)
FNDA:0,(anonymous_36)
FNDA:0,(anonymous_37)
FNDA:0,(anonymous_38)
FNDA:0,(anonymous_39)
FNDA:0,(anonymous_40)
FNDA:0,(anonymous_41)
FNDA:0,(anonymous_42)
FNDA:0,(anonymous_43)
FNDA:0,(anonymous_44)
FNDA:0,(anonymous_45)
FNDA:0,(anonymous_46)
FNDA:0,(anonymous_47)
FNDA:0,(anonymous_48)
FNDA:0,(anonymous_49)
FNDA:0,(anonymous_50)
FNDA:0,(anonymous_51)
FNDA:0,(anonymous_52)
FNDA:0,(anonymous_53)
FNDA:0,(anonymous_54)
FNDA:0,(anonymous_55)
FNDA:0,(anonymous_56)
FNDA:0,(anonymous_57)
FNDA:0,(anonymous_58)
FNDA:0,(anonymous_59)
FNDA:0,(anonymous_60)
FNDA:0,(anonymous_61)
FNDA:0,(anonymous_62)
FNDA:0,(anonymous_63)
FNDA:0,(anonymous_64)
FNDA:0,(anonymous_65)
FNDA:0,(anonymous_66)
DA:2,0
DA:3,0
DA:7,0
DA:8,0
DA:9,0
DA:10,0
DA:13,0
DA:22,0
DA:29,0
DA:33,0
DA:34,0
DA:37,0
DA:40,0
DA:42,0
DA:43,0
DA:45,0
DA:46,0
DA:52,0
DA:87,0
DA:88,0
DA:100,0
DA:108,0
DA:114,0
DA:122,0
DA:123,0
DA:126,0
DA:128,0
DA:130,0
DA:133,0
DA:135,0
DA:136,0
DA:140,0
DA:143,0
DA:146,0
DA:147,0
DA:149,0
DA:151,0
DA:154,0
DA:155,0
DA:161,0
DA:166,0
DA:167,0
DA:173,0
DA:175,0
DA:177,0
DA:180,0
DA:183,0
DA:186,0
DA:189,0
DA:192,0
DA:198,0
DA:199,0
DA:207,0
DA:208,0
DA:209,0
DA:211,0
DA:216,0
DA:217,0
DA:219,0
DA:220,0
DA:222,0
DA:227,0
DA:228,0
DA:235,0
DA:239,0
DA:248,0
DA:249,0
DA:256,0
DA:258,0
DA:259,0
DA:263,0
DA:264,0
DA:266,0
DA:267,0
DA:268,0
DA:270,0
DA:271,0
DA:281,0
DA:290,0
DA:293,0
DA:294,0
DA:296,0
DA:297,0
DA:299,0
DA:300,0
DA:302,0
DA:303,0
DA:311,0
DA:315,0
DA:324,0
DA:326,0
DA:327,0
DA:329,0
DA:340,0
DA:341,0
DA:342,0
DA:344,0
DA:349,0
DA:350,0
DA:352,0
DA:353,0
DA:355,0
DA:357,0
DA:358,0
DA:367,0
DA:371,0
DA:380,0
DA:381,0
DA:390,0
DA:393,0
DA:394,0
DA:396,0
DA:397,0
DA:399,0
DA:401,0
DA:402,0
DA:411,0
DA:415,0
DA:423,0
DA:424,0
DA:427,0
DA:428,0
DA:429,0
DA:430,0
DA:432,0
DA:436,0
DA:437,0
DA:438,0
DA:441,0
DA:442,0
DA:444,0
DA:445,0
DA:446,0
DA:448,0
DA:453,0
DA:457,0
DA:461,0
DA:469,0
DA:472,0
DA:473,0
DA:474,0
DA:475,0
DA:477,0
DA:488,0
DA:489,0
DA:493,0
DA:495,0
DA:496,0
DA:497,0
DA:500,0
DA:502,0
DA:506,0
DA:508,0
DA:509,0
DA:511,0
DA:512,0
DA:513,0
DA:516,0
DA:520,0
DA:521,0
DA:523,0
DA:527,0
DA:529,0
DA:530,0
DA:534,0
DA:535,0
DA:538,0
DA:539,0
DA:540,0
DA:546,0
DA:555,0
DA:556,0
DA:558,0
DA:563,0
DA:564,0
DA:566,0
DA:570,0
DA:571,0
DA:573,0
DA:577,0
DA:585,0
DA:594,0
DA:606,0
DA:607,0
DA:610,0
DA:611,0
DA:612,0
DA:613,0
DA:615,0
DA:619,0
DA:620,0
DA:621,0
DA:624,0
DA:625,0
DA:627,0
DA:628,0
DA:629,0
DA:631,0
DA:636,0
DA:640,0
DA:644,0
DA:652,0
DA:655,0
DA:656,0
DA:657,0
DA:658,0
DA:660,0
DA:671,0
DA:672,0
DA:676,0
DA:678,0
DA:679,0
DA:681,0
DA:682,0
DA:683,0
DA:686,0
DA:690,0
DA:691,0
DA:693,0
DA:697,0
DA:699,0
DA:700,0
DA:701,0
DA:704,0
DA:706,0
DA:711,0
DA:713,0
DA:714,0
DA:718,0
DA:719,0
DA:722,0
DA:723,0
DA:724,0
DA:729,0
LF:234
LH:0
BRDA:6,0,0,0
BRDA:121,1,0,0
BRDA:122,2,0,0
BRDA:122,2,1,0
BRDA:135,3,0,0
BRDA:135,3,1,0
BRDA:161,4,0,0
BRDA:161,4,1,0
BRDA:167,5,0,0
BRDA:167,5,1,0
BRDA:175,6,0,0
BRDA:175,6,1,0
BRDA:175,6,2,0
BRDA:175,6,3,0
BRDA:175,6,4,0
BRDA:175,6,5,0
BRDA:208,7,0,0
BRDA:208,7,1,0
BRDA:220,8,0,0
BRDA:220,8,1,0
BRDA:227,9,0,0
BRDA:227,9,1,0
BRDA:258,10,0,0
BRDA:258,10,1,0
BRDA:270,11,0,0
BRDA:270,11,1,0
BRDA:297,12,0,0
BRDA:297,12,1,0
BRDA:302,13,0,0
BRDA:302,13,1,0
BRDA:341,14,0,0
BRDA:341,14,1,0
BRDA:353,15,0,0
BRDA:353,15,1,0
BRDA:357,16,0,0
BRDA:357,16,1,0
BRDA:397,17,0,0
BRDA:397,17,1,0
BRDA:401,18,0,0
BRDA:401,18,1,0
BRDA:429,19,0,0
BRDA:429,19,1,0
BRDA:445,20,0,0
BRDA:445,20,1,0
BRDA:488,21,0,0
BRDA:488,21,1,0
BRDA:489,22,0,0
BRDA:489,22,1,0
BRDA:493,23,0,0
BRDA:493,23,1,0
BRDA:502,24,0,0
BRDA:502,24,1,0
BRDA:506,25,0,0
BRDA:506,25,1,0
BRDA:516,26,0,0
BRDA:516,26,1,0
BRDA:523,27,0,0
BRDA:523,27,1,0
BRDA:529,28,0,0
BRDA:529,28,1,0
BRDA:539,29,0,0
BRDA:539,29,1,0
BRDA:555,30,0,0
BRDA:555,30,1,0
BRDA:558,31,0,0
BRDA:558,31,1,0
BRDA:564,32,0,0
BRDA:564,32,1,0
BRDA:571,33,0,0
BRDA:571,33,1,0
BRDA:587,34,0,0
BRDA:587,34,1,0
BRDA:612,35,0,0
BRDA:612,35,1,0
BRDA:628,36,0,0
BRDA:628,36,1,0
BRDA:671,37,0,0
BRDA:671,37,1,0
BRDA:672,38,0,0
BRDA:672,38,1,0
BRDA:676,39,0,0
BRDA:676,39,1,0
BRDA:686,40,0,0
BRDA:686,40,1,0
BRDA:693,41,0,0
BRDA:693,41,1,0
BRDA:697,42,0,0
BRDA:697,42,1,0
BRDA:706,43,0,0
BRDA:706,43,1,0
BRDA:713,44,0,0
BRDA:713,44,1,0
BRDA:723,45,0,0
BRDA:723,45,1,0
BRF:94
BRH:0
end_of_record
TN:
SF:src/indicators/TechnicalIndicators.js
FN:5,(anonymous_0)
FN:12,(anonymous_1)
FN:34,(anonymous_2)
FN:39,(anonymous_3)
FN:49,(anonymous_4)
FN:62,(anonymous_5)
FN:63,(anonymous_6)
FN:83,(anonymous_7)
FN:91,(anonymous_8)
FN:104,(anonymous_9)
FN:128,(anonymous_10)
FN:149,(anonymous_11)
FN:166,(anonymous_12)
FN:182,(anonymous_13)
FN:199,(anonymous_14)
FN:210,(anonymous_15)
FN:220,(anonymous_16)
FN:254,(anonymous_17)
FN:269,(anonymous_18)
FN:285,(anonymous_19)
FN:315,(anonymous_20)
FN:326,(anonymous_21)
FN:329,(anonymous_22)
FN:330,(anonymous_23)
FN:337,(anonymous_24)
FNF:25
FNH:0
FNDA:0,(anonymous_0)
FNDA:0,(anonymous_1)
FNDA:0,(anonymous_2)
FNDA:0,(anonymous_3)
FNDA:0,(anonymous_4)
FNDA:0,(anonymous_5)
FNDA:0,(anonymous_6)
FNDA:0,(anonymous_7)
FNDA:0,(anonymous_8)
FNDA:0,(anonymous_9)
FNDA:0,(anonymous_10)
FNDA:0,(anonymous_11)
FNDA:0,(anonymous_12)
FNDA:0,(anonymous_13)
FNDA:0,(anonymous_14)
FNDA:0,(anonymous_15)
FNDA:0,(anonymous_16)
FNDA:0,(anonymous_17)
FNDA:0,(anonymous_18)
FNDA:0,(anonymous_19)
FNDA:0,(anonymous_20)
FNDA:0,(anonymous_21)
FNDA:0,(anonymous_22)
FNDA:0,(anonymous_23)
FNDA:0,(anonymous_24)
DA:6,0
DA:13,0
DA:14,0
DA:15,0
DA:18,0
DA:20,0
DA:21,0
DA:23,0
DA:24,0
DA:27,0
DA:28,0
DA:35,0
DA:37,0
DA:38,0
DA:39,0
DA:40,0
DA:43,0
DA:50,0
DA:52,0
DA:53,0
DA:55,0
DA:56,0
DA:57,0
DA:58,0
DA:61,0
DA:62,0
DA:63,0
DA:65,0
DA:66,0
DA:67,0
DA:69,0
DA:70,0
DA:73,0
DA:74,0
DA:77,0
DA:84,0
DA:85,0
DA:86,0
DA:88,0
DA:89,0
DA:90,0
DA:91,0
DA:92,0
DA:94,0
DA:95,0
DA:98,0
DA:105,0
DA:106,0
DA:108,0
DA:109,0
DA:111,0
DA:112,0
DA:115,0
DA:116,0
DA:118,0
DA:119,0
DA:122,0
DA:129,0
DA:131,0
DA:132,0
DA:133,0
DA:134,0
DA:135,0
DA:137,0
DA:140,0
DA:141,0
DA:143,0
DA:150,0
DA:151,0
DA:152,0
DA:154,0
DA:155,0
DA:156,0
DA:157,0
DA:160,0
DA:167,0
DA:169,0
DA:170,0
DA:171,0
DA:172,0
DA:173,0
DA:176,0
DA:183,0
DA:185,0
DA:186,0
DA:187,0
DA:188,0
DA:190,0
DA:193,0
DA:200,0
DA:201,0
DA:202,0
DA:205,0
DA:206,0
DA:208,0
DA:209,0
DA:210,0
DA:211,0
DA:214,0
DA:221,0
DA:222,0
DA:224,0
DA:225,0
DA:226,0
DA:227,0
DA:230,0
DA:232,0
DA:233,0
DA:234,0
DA:236,0
DA:237,0
DA:238,0
DA:239,0
DA:240,0
DA:244,0
DA:245,0
DA:248,0
DA:255,0
DA:257,0
DA:258,0
DA:259,0
DA:260,0
DA:263,0
DA:270,0
DA:272,0
DA:274,0
DA:275,0
DA:276,0
DA:279,0
DA:286,0
DA:288,0
DA:289,0
DA:290,0
DA:291,0
DA:295,0
DA:296,0
DA:298,0
DA:299,0
DA:300,0
DA:301,0
DA:305,0
DA:316,0
DA:317,0
DA:318,0
DA:320,0
DA:327,0
DA:329,0
DA:330,0
DA:331,0
DA:338,0
DA:342,0
LF:151
LH:0
BRDA:14,0,0,0
BRDA:14,0,1,0
BRDA:18,1,0,0
BRDA:18,1,1,0
BRDA:35,2,0,0
BRDA:35,2,1,0
BRDA:49,3,0,0
BRDA:50,4,0,0
BRDA:50,4,1,0
BRDA:57,5,0,0
BRDA:57,5,1,0
BRDA:58,6,0,0
BRDA:58,6,1,0
BRDA:66,7,0,0
BRDA:66,7,1,0
BRDA:83,8,0,0
BRDA:83,9,0,0
BRDA:104,10,0,0
BRDA:104,11,0,0
BRDA:104,12,0,0
BRDA:128,13,0,0
BRDA:128,14,0,0
BRDA:128,15,0,0
BRDA:166,16,0,0
BRDA:182,17,0,0
BRDA:199,18,0,0
BRDA:220,19,0,0
BRDA:237,20,0,0
BRDA:237,20,1,0
BRDA:239,21,0,0
BRDA:239,21,1,0
BRDA:274,22,0,0
BRDA:274,22,1,0
BRDA:290,23,0,0
BRDA:290,23,1,0
BRDA:299,24,0,0
BRDA:299,24,1,0
BRDA:327,25,0,0
BRDA:327,25,1,0
BRF:39
BRH:0
end_of_record
TN:
SF:src/matching/fillGenerator.js
FN:6,(anonymous_0)
FN:35,(anonymous_1)
FN:41,(anonymous_2)
FN:51,(anonymous_3)
FN:112,(anonymous_4)
FN:125,(anonymous_5)
FN:215,(anonymous_6)
FN:241,(anonymous_7)
FN:257,(anonymous_8)
FN:263,(anonymous_9)
FN:293,(anonymous_10)
FN:328,(anonymous_11)
FN:372,(anonymous_12)
FN:381,(anonymous_13)
FN:406,(anonymous_14)
FNF:15
FNH:0
FNDA:0,(anonymous_0)
FNDA:0,(anonymous_1)
FNDA:0,(anonymous_2)
FNDA:0,(anonymous_3)
FNDA:0,(anonymous_4)
FNDA:0,(anonymous_5)
FNDA:0,(anonymous_6)
FNDA:0,(anonymous_7)
FNDA:0,(anonymous_8)
FNDA:0,(anonymous_9)
FNDA:0,(anonymous_10)
FNDA:0,(anonymous_11)
FNDA:0,(anonymous_12)
FNDA:0,(anonymous_13)
FNDA:0,(anonymous_14)
DA:1,0
DA:2,0
DA:3,0
DA:7,0
DA:8,0
DA:9,0
DA:12,0
DA:15,0
DA:24,0
DA:32,0
DA:36,0
DA:37,0
DA:38,0
DA:42,0
DA:52,0
DA:53,0
DA:56,0
DA:59,0
DA:73,0
DA:79,0
DA:86,0
DA:89,0
DA:90,0
DA:91,0
DA:94,0
DA:96,0
DA:103,0
DA:106,0
DA:107,0
DA:113,0
DA:117,0
DA:120,0
DA:122,0
DA:126,0
DA:128,0
DA:130,0
DA:131,0
DA:132,0
DA:134,0
DA:154,0
DA:155,0
DA:158,0
DA:161,0
DA:163,0
DA:164,0
DA:165,0
DA:166,0
DA:169,0
DA:170,0
DA:173,0
DA:199,0
DA:207,0
DA:210,0
DA:211,0
DA:216,0
DA:218,0
DA:221,0
DA:222,0
DA:223,0
DA:227,0
DA:230,0
DA:231,0
DA:233,0
DA:236,0
DA:237,0
DA:244,0
DA:254,0
DA:260,0
DA:264,0
DA:265,0
DA:266,0
DA:267,0
DA:269,0
DA:285,0
DA:288,0
DA:289,0
DA:294,0
DA:296,0
DA:297,0
DA:314,0
DA:320,0
DA:323,0
DA:324,0
DA:329,0
DA:332,0
DA:337,0
DA:338,0
DA:339,0
DA:344,0
DA:345,0
DA:346,0
DA:349,0
DA:350,0
DA:353,0
DA:354,0
DA:357,0
DA:361,0
DA:362,0
DA:365,0
DA:373,0
DA:374,0
DA:377,0
DA:380,0
DA:381,0
DA:382,0
DA:383,0
DA:386,0
DA:387,0
DA:389,0
DA:395,0
DA:396,0
DA:397,0
DA:398,0
DA:400,0
DA:401,0
DA:402,0
DA:407,0
DA:422,0
LF:118
LH:0
BRDA:6,0,0,0
BRDA:8,1,0,0
BRDA:8,1,1,0
BRDA:117,2,0,0
BRDA:117,2,1,0
BRDA:128,3,0,0
BRDA:128,3,1,0
BRDA:128,4,0,0
BRDA:128,4,1,0
BRDA:147,5,0,0
BRDA:147,5,1,0
BRDA:154,6,0,0
BRDA:154,6,1,0
BRDA:161,7,0,0
BRDA:161,8,0,0
BRDA:170,9,0,0
BRDA:170,9,1,0
BRDA:183,10,0,0
BRDA:183,10,1,0
BRDA:189,11,0,0
BRDA:189,11,1,0
BRDA:195,12,0,0
BRDA:195,12,1,0
BRDA:215,13,0,0
BRDA:221,14,0,0
BRDA:221,14,1,0
BRDA:254,15,0,0
BRDA:254,15,1,0
BRDA:296,16,0,0
BRDA:296,16,1,0
BRDA:296,17,0,0
BRDA:296,17,1,0
BRDA:304,18,0,0
BRDA:304,18,1,0
BRDA:338,19,0,0
BRDA:338,19,1,0
BRDA:345,20,0,0
BRDA:345,20,1,0
BRDA:345,21,0,0
BRDA:345,21,1,0
BRDA:349,22,0,0
BRDA:349,22,1,0
BRDA:349,23,0,0
BRDA:349,23,1,0
BRDA:353,24,0,0
BRDA:353,24,1,0
BRDA:353,25,0,0
BRDA:353,25,1,0
BRDA:361,26,0,0
BRDA:361,26,1,0
BRDA:361,27,0,0
BRDA:361,27,1,0
BRDA:380,28,0,0
BRDA:380,28,1,0
BRDA:380,29,0,0
BRDA:380,29,1,0
BRDA:382,30,0,0
BRDA:382,30,1,0
BRDA:386,31,0,0
BRDA:386,31,1,0
BRDA:396,32,0,0
BRDA:396,32,1,0
BRF:62
BRH:0
end_of_record
TN:
SF:src/matching/matchingEngine.js
FN:9,(anonymous_0)
FN:46,(anonymous_1)
FN:68,(anonymous_2)
FN:78,(anonymous_3)
FN:79,(anonymous_4)
FN:84,(anonymous_5)
FN:86,(anonymous_6)
FN:97,(anonymous_7)
FN:123,(anonymous_8)
FN:134,(anonymous_9)
FN:136,(anonymous_10)
FN:145,(anonymous_11)
FN:150,(anonymous_12)
FN:176,(anonymous_13)
FN:258,(anonymous_14)
FN:263,(anonymous_15)
FN:383,(anonymous_16)
FN:388,(anonymous_17)
FN:440,(anonymous_18)
FN:497,(anonymous_19)
FN:511,(anonymous_20)
FN:526,(anonymous_21)
FN:546,(anonymous_22)
FN:549,(anonymous_23)
FN:565,(anonymous_24)
FN:585,(anonymous_25)
FN:601,(anonymous_26)
FN:607,(anonymous_27)
FN:609,(anonymous_28)
FN:617,(anonymous_29)
FN:623,(anonymous_30)
FN:681,(anonymous_31)
FN:701,(anonymous_32)
FN:757,(anonymous_33)
FN:831,(anonymous_34)
FN:856,(anonymous_35)
FN:881,(anonymous_36)
FN:891,(anonymous_37)
FN:895,(anonymous_38)
FN:903,(anonymous_39)
FN:922,(anonymous_40)
FN:938,(anonymous_41)
FN:958,(anonymous_42)
FN:976,(anonymous_43)
FN:982,(anonymous_44)
FN:986,(anonymous_45)
FN:995,(anonymous_46)
FNF:47
FNH:0
FNDA:0,(anonymous_0)
FNDA:0,(anonymous_1)
FNDA:0,(anonymous_2)
FNDA:0,(anonymous_3)
FNDA:0,(anonymous_4)
FNDA:0,(anonymous_5)
FNDA:0,(anonymous_6)
FNDA:0,(anonymous_7)
FNDA:0,(anonymous_8)
FNDA:0,(anonymous_9)
FNDA:0,(anonymous_10)
FNDA:0,(anonymous_11)
FNDA:0,(anonymous_12)
FNDA:0,(anonymous_13)
FNDA:0,(anonymous_14)
FNDA:0,(anonymous_15)
FNDA:0,(anonymous_16)
FNDA:0,(anonymous_17)
FNDA:0,(anonymous_18)
FNDA:0,(anonymous_19)
FNDA:0,(anonymous_20)
FNDA:0,(anonymous_21)
FNDA:0,(anonymous_22)
FNDA:0,(anonymous_23)
FNDA:0,(anonymous_24)
FNDA:0,(anonymous_25)
FNDA:0,(anonymous_26)
FNDA:0,(anonymous_27)
FNDA:0,(anonymous_28)
FNDA:0,(anonymous_29)
FNDA:0,(anonymous_30)
FNDA:0,(anonymous_31)
FNDA:0,(anonymous_32)
FNDA:0,(anonymous_33)
FNDA:0,(anonymous_34)
FNDA:0,(anonymous_35)
FNDA:0,(anonymous_36)
FNDA:0,(anonymous_37)
FNDA:0,(anonymous_38)
FNDA:0,(anonymous_39)
FNDA:0,(anonymous_40)
FNDA:0,(anonymous_41)
FNDA:0,(anonymous_42)
FNDA:0,(anonymous_43)
FNDA:0,(anonymous_44)
FNDA:0,(anonymous_45)
FNDA:0,(anonymous_46)
DA:1,0
DA:2,0
DA:3,0
DA:4,0
DA:5,0
DA:6,0
DA:10,0
DA:11,0
DA:12,0
DA:13,0
DA:14,0
DA:15,0
DA:18,0
DA:32,0
DA:43,0
DA:47,0
DA:48,0
DA:51,0
DA:54,0
DA:57,0
DA:59,0
DA:60,0
DA:63,0
DA:64,0
DA:70,0
DA:72,0
DA:73,0
DA:74,0
DA:79,0
DA:80,0
DA:85,0
DA:86,0
DA:88,0
DA:99,0
DA:100,0
DA:103,0
DA:104,0
DA:107,0
DA:108,0
DA:111,0
DA:112,0
DA:113,0
DA:117,0
DA:119,0
DA:125,0
DA:127,0
DA:128,0
DA:136,0
DA:137,0
DA:140,0
DA:141,0
DA:142,0
DA:145,0
DA:151,0
DA:152,0
DA:155,0
DA:156,0
DA:159,0
DA:160,0
DA:161,0
DA:162,0
DA:164,0
DA:167,0
DA:168,0
DA:177,0
DA:178,0
DA:179,0
DA:180,0
DA:183,0
DA:184,0
DA:186,0
DA:187,0
DA:190,0
DA:192,0
DA:193,0
DA:195,0
DA:196,0
DA:197,0
DA:200,0
DA:208,0
DA:220,0
DA:223,0
DA:226,0
DA:228,0
DA:231,0
DA:234,0
DA:235,0
DA:238,0
DA:242,0
DA:243,0
DA:247,0
DA:248,0
DA:251,0
DA:258,0
DA:264,0
DA:265,0
DA:266,0
DA:267,0
DA:268,0
DA:271,0
DA:272,0
DA:277,0
DA:282,0
DA:283,0
DA:285,0
DA:286,0
DA:289,0
DA:290,0
DA:294,0
DA:297,0
DA:299,0
DA:300,0
DA:302,0
DA:303,0
DA:306,0
DA:314,0
DA:326,0
DA:329,0
DA:332,0
DA:334,0
DA:337,0
DA:340,0
DA:341,0
DA:344,0
DA:350,0
DA:351,0
DA:361,0
DA:362,0
DA:364,0
DA:365,0
DA:369,0
DA:370,0
DA:372,0
DA:373,0
DA:376,0
DA:383,0
DA:389,0
DA:391,0
DA:392,0
DA:396,0
DA:397,0
DA:398,0
DA:401,0
DA:402,0
DA:406,0
DA:408,0
DA:415,0
DA:417,0
DA:428,0
DA:431,0
DA:437,0
DA:441,0
DA:443,0
DA:444,0
DA:448,0
DA:449,0
DA:450,0
DA:453,0
DA:454,0
DA:458,0
DA:460,0
DA:469,0
DA:471,0
DA:483,0
DA:486,0
DA:493,0
DA:498,0
DA:499,0
DA:502,0
DA:503,0
DA:504,0
DA:507,0
DA:508,0
DA:514,0
DA:515,0
DA:517,0
DA:518,0
DA:520,0
DA:522,0
DA:527,0
DA:528,0
DA:531,0
DA:532,0
DA:534,0
DA:535,0
DA:536,0
DA:540,0
DA:541,0
DA:546,0
DA:548,0
DA:549,0
DA:553,0
DA:554,0
DA:556,0
DA:557,0
DA:558,0
DA:559,0
DA:567,0
DA:568,0
DA:573,0
DA:576,0
DA:586,0
DA:589,0
DA:592,0
DA:593,0
DA:596,0
DA:597,0
DA:603,0
DA:609,0
DA:610,0
DA:614,0
DA:619,0
DA:624,0
DA:626,0
DA:627,0
DA:635,0
DA:638,0
DA:639,0
DA:643,0
DA:644,0
DA:645,0
DA:651,0
DA:653,0
DA:654,0
DA:656,0
DA:657,0
DA:659,0
DA:660,0
DA:662,0
DA:663,0
DA:665,0
DA:669,0
DA:670,0
DA:674,0
DA:675,0
DA:678,0
DA:680,0
DA:681,0
DA:682,0
DA:686,0
DA:692,0
DA:695,0
DA:696,0
DA:697,0
DA:702,0
DA:709,0
DA:711,0
DA:713,0
DA:714,0
DA:715,0
DA:717,0
DA:720,0
DA:727,0
DA:728,0
DA:731,0
DA:734,0
DA:738,0
DA:739,0
DA:740,0
DA:741,0
DA:743,0
DA:744,0
DA:747,0
DA:750,0
DA:751,0
DA:752,0
DA:753,0
DA:758,0
DA:765,0
DA:766,0
DA:769,0
DA:770,0
DA:771,0
DA:774,0
DA:778,0
DA:780,0
DA:783,0
DA:790,0
DA:791,0
DA:794,0
DA:797,0
DA:801,0
DA:802,0
DA:803,0
DA:813,0
DA:814,0
DA:815,0
DA:816,0
DA:818,0
DA:821,0
DA:824,0
DA:825,0
DA:826,0
DA:827,0
DA:833,0
DA:834,0
DA:836,0
DA:840,0
DA:842,0
DA:843,0
DA:846,0
DA:858,0
DA:859,0
DA:861,0
DA:865,0
DA:867,0
DA:868,0
DA:871,0
DA:882,0
DA:883,0
DA:888,0
DA:892,0
DA:896,0
DA:898,0
DA:899,0
DA:904,0
DA:906,0
DA:907,0
DA:908,0
DA:909,0
DA:910,0
DA:914,0
DA:917,0
DA:918,0
DA:923,0
DA:924,0
DA:925,0
DA:928,0
DA:929,0
DA:931,0
DA:932,0
DA:935,0
DA:939,0
DA:940,0
DA:941,0
DA:942,0
DA:950,0
DA:953,0
DA:954,0
DA:959,0
DA:960,0
DA:963,0
DA:964,0
DA:969,0
DA:970,0
DA:977,0
DA:982,0
DA:987,0
DA:996,0
DA:997,0
DA:998,0
DA:999,0
DA:1005,0
LF:353
LH:0
BRDA:9,0,0,0
BRDA:99,1,0,0
BRDA:99,1,1,0
BRDA:99,2,0,0
BRDA:99,2,1,0
BRDA:99,2,2,0
BRDA:99,2,3,0
BRDA:99,2,4,0
BRDA:103,3,0,0
BRDA:103,3,1,0
BRDA:107,4,0,0
BRDA:107,4,1,0
BRDA:112,5,0,0
BRDA:112,5,1,0
BRDA:117,6,0,0
BRDA:117,6,1,0
BRDA:117,7,0,0
BRDA:117,7,1,0
BRDA:117,7,2,0
BRDA:125,8,0,0
BRDA:125,8,1,0
BRDA:127,9,0,0
BRDA:127,9,1,0
BRDA:140,10,0,0
BRDA:140,10,1,0
BRDA:152,11,0,0
BRDA:152,11,1,0
BRDA:160,12,0,0
BRDA:160,12,1,0
BRDA:167,13,0,0
BRDA:167,13,1,0
BRDA:183,14,0,0
BRDA:183,14,1,0
BRDA:187,15,0,0
BRDA:187,15,1,0
BRDA:193,16,0,0
BRDA:193,16,1,0
BRDA:226,17,0,0
BRDA:226,17,1,0
BRDA:243,18,0,0
BRDA:243,18,1,0
BRDA:244,19,0,0
BRDA:244,19,1,0
BRDA:247,20,0,0
BRDA:247,20,1,0
[...]
FN:190,(anonymous_6)
FN:218,(anonymous_7)
FN:260,(anonymous_8)
FNF:9
FNH:0
FNDA:0,(anonymous_0)
FNDA:0,(anonymous_1)
FNDA:0,(anonymous_2)
FNDA:0,(anonymous_3)
FNDA:0,(anonymous_4)
FNDA:0,(anonymous_5)
FNDA:0,(anonymous_6)
FNDA:0,(anonymous_7)
FNDA:0,(anonymous_8)
DA:1,0
DA:2,0
DA:3,0
DA:6,0
DA:7,0
DA:8,0
DA:9,0
DA:14,0
DA:18,0
DA:29,0
DA:30,0
DA:31,0
DA:32,0
DA:33,0
DA:40,0
DA:46,0
DA:48,0
DA:55,0
DA:56,0
DA:64,0
DA:67,0
DA:68,0
DA:69,0
DA:70,0
DA:77,0
DA:78,0
DA:80,0
DA:82,0
DA:89,0
DA:90,0
DA:98,0
DA:102,0
DA:103,0
DA:104,0
DA:105,0
DA:112,0
DA:113,0
DA:115,0
DA:117,0
DA:123,0
DA:124,0
DA:132,0
DA:133,0
DA:134,0
DA:136,0
DA:142,0
DA:143,0
DA:151,0
DA:158,0
DA:159,0
DA:160,0
DA:161,0
DA:168,0
DA:169,0
DA:170,0
DA:173,0
DA:174,0
DA:175,0
DA:180,0
DA:182,0
DA:190,0
DA:191,0
DA:193,0
DA:207,0
DA:208,0
DA:216,0
DA:219,0
DA:220,0
DA:221,0
DA:222,0
DA:229,0
DA:232,0
DA:245,0
DA:251,0
DA:252,0
DA:260,0
DA:261,0
DA:263,0
DA:270,0
LF:79
LH:0
BRDA:8,0,0,0
BRDA:8,0,1,0
BRDA:32,1,0,0
BRDA:32,1,1,0
BRDA:42,2,0,0
BRDA:42,2,1,0
BRDA:69,3,0,0
BRDA:69,3,1,0
BRDA:78,4,0,0
BRDA:78,4,1,0
BRDA:104,5,0,0
BRDA:104,5,1,0
BRDA:113,6,0,0
BRDA:113,6,1,0
BRDA:160,7,0,0
BRDA:160,7,1,0
BRDA:169,8,0,0
BRDA:169,8,1,0
BRDA:221,9,0,0
BRDA:221,9,1,0
BRDA:266,10,0,0
BRDA:266,10,1,0
BRF:22
BRH:0
end_of_record
TN:
SF:src/services/orderService.js
FNF:0
FNH:0
LF:0
LH:0
BRF:0
BRH:0
end_of_record
TN:
SF:src/services/positionService.js
FNF:0
FNH:0
LF:0
LH:0
BRF:0
BRH:0
end_of_record
TN:
SF:src/services/tradingService.js
FNF:0
FNH:0
LF:0
LH:0
BRF:0
BRH:0
end_of_record
TN:
SF:src/strategies/HighWinRateStrategies.js
FN:9,(anonymous_0)
FN:25,(anonymous_1)
FN:42,(anonymous_2)
FN:86,(anonymous_3)
FN:165,(anonymous_4)
FN:226,(anonymous_5)
FN:286,(anonymous_6)
FN:317,(anonymous_7)
FN:340,(anonymous_8)
FN:350,(anonymous_9)
FN:352,(anonymous_10)
FN:356,(anonymous_11)
FN:368,(anonymous_12)
FN:369,(anonymous_13)
FN:372,(anonymous_14)
FN:373,(anonymous_15)
FN:378,(anonymous_16)
FN:385,(anonymous_17)
FN:389,(anonymous_18)
FN:403,(anonymous_19)
FN:411,(anonymous_20)
FN:420,(anonymous_21)
FN:430,(anonymous_22)
FN:448,(anonymous_23)
FNF:24
FNH:0
FNDA:0,(anonymous_0)
FNDA:0,(anonymous_1)
FNDA:0,(anonymous_2)
FNDA:0,(anonymous_3)
FNDA:0,(anonymous_4)
FNDA:0,(anonymous_5)
FNDA:0,(anonymous_6)
FNDA:0,(anonymous_7)
FNDA:0,(anonymous_8)
FNDA:0,(anonymous_9)
FNDA:0,(anonymous_10)
FNDA:0,(anonymous_11)
FNDA:0,(anonymous_12)
FNDA:0,(anonymous_13)
FNDA:0,(anonymous_14)
FNDA:0,(anonymous_15)
FNDA:0,(anonymous_16)
FNDA:0,(anonymous_17)
FNDA:0,(anonymous_18)
FNDA:0,(anonymous_19)
FNDA:0,(anonymous_20)
FNDA:0,(anonymous_21)
FNDA:0,(anonymous_22)
FNDA:0,(anonymous_23)
DA:4,0
DA:5,0
DA:6,0
DA:10,0
DA:11,0
DA:12,0
DA:13,0
DA:16,0
DA:17,0
DA:26,0
DA:27,0
DA:30,0
DA:31,0
DA:32,0
DA:34,0
DA:38,0
DA:39,0
DA:42,0
DA:43,0
DA:46,0
DA:49,0
DA:52,0
DA:55,0
DA:56,0
DA:57,0
DA:59,0
DA:73,0
DA:76,0
DA:77,0
DA:87,0
DA:88,0
DA:91,0
DA:92,0
DA:95,0
DA:96,0
DA:99,0
DA:100,0
DA:103,0
DA:104,0
DA:107,0
DA:112,0
DA:113,0
DA:115,0
DA:130,0
DA:135,0
DA:136,0
DA:138,0
DA:152,0
DA:155,0
DA:156,0
DA:166,0
DA:167,0
DA:170,0
DA:173,0
DA:174,0
DA:177,0
DA:178,0
DA:181,0
DA:182,0
DA:185,0
DA:187,0
DA:190,0
DA:196,0
DA:197,0
DA:199,0
DA:213,0
DA:216,0
DA:217,0
DA:227,0
DA:228,0
DA:231,0
DA:234,0
DA:237,0
DA:240,0
DA:243,0
DA:245,0
DA:251,0
DA:252,0
DA:253,0
DA:255,0
DA:273,0
DA:276,0
DA:277,0
DA:287,0
DA:289,0
DA:291,0
DA:292,0
DA:294,0
DA:308,0
DA:311,0
DA:312,0
DA:319,0
DA:320,0
DA:322,0
DA:323,0
DA:324,0
DA:326,0
DA:327,0
DA:331,0
DA:332,0
DA:333,0
DA:334,0
DA:337,0
DA:342,0
DA:343,0
DA:344,0
DA:347,0
DA:352,0
DA:353,0
DA:356,0
DA:357,0
DA:360,0
DA:369,0
DA:370,0
DA:372,0
DA:373,0
DA:375,0
DA:380,0
DA:385,0
DA:391,0
DA:392,0
DA:394,0
DA:405,0
DA:412,0
DA:413,0
DA:415,0
DA:416,0
DA:417,0
DA:421,0
DA:422,0
DA:424,0
DA:432,0
DA:433,0
DA:435,0
DA:449,0
DA:459,0
LF:136
LH:0
BRDA:9,0,0,0
BRDA:34,1,0,0
BRDA:34,1,1,0
BRDA:39,2,0,0
BRDA:39,2,1,0
BRDA:52,3,0,0
BRDA:52,3,1,0
BRDA:52,4,0,0
BRDA:52,4,1,0
BRDA:52,4,2,0
BRDA:52,4,3,0
BRDA:52,4,4,0
BRDA:107,5,0,0
BRDA:107,5,1,0
BRDA:107,6,0,0
BRDA:107,6,1,0
BRDA:107,6,2,0
BRDA:107,6,3,0
BRDA:130,7,0,0
BRDA:130,7,1,0
BRDA:130,8,0,0
BRDA:130,8,1,0
BRDA:130,8,2,0
BRDA:130,8,3,0
BRDA:190,9,0,0
BRDA:190,9,1,0
BRDA:190,10,0,0
BRDA:190,10,1,0
BRDA:190,10,2,0
BRDA:190,10,3,0
BRDA:190,10,4,0
BRDA:245,11,0,0
BRDA:245,11,1,0
BRDA:245,12,0,0
BRDA:245,12,1,0
BRDA:245,12,2,0
BRDA:245,12,3,0
BRDA:245,12,4,0
BRDA:291,13,0,0
BRDA:291,13,1,0
BRDA:291,14,0,0
BRDA:291,14,1,0
BRDA:323,15,0,0
BRDA:323,15,1,0
BRDA:323,16,0,0
BRDA:323,16,1,0
BRDA:326,17,0,0
BRDA:326,17,1,0
BRDA:326,18,0,0
BRDA:326,18,1,0
BRDA:331,19,0,0
BRDA:331,19,1,0
BRDA:331,20,0,0
BRDA:331,20,1,0
BRDA:334,21,0,0
BRDA:334,21,1,0
BRDA:347,22,0,0
BRDA:347,22,1,0
BRDA:353,23,0,0
BRDA:353,23,1,0
BRDA:357,24,0,0
BRDA:357,24,1,0
BRDA:372,25,0,0
BRDA:372,25,1,0
BRDA:373,26,0,0
BRDA:373,26,1,0
BRDA:415,27,0,0
BRDA:415,27,1,0
BRDA:416,28,0,0
BRDA:416,28,1,0
BRF:70
BRH:0
end_of_record
TN:
SF:src/strategies/InstitutionalAIStrategies.js
FN:8,(anonymous_0)
FN:32,(anonymous_1)
FN:100,(anonymous_2)
FN:161,(anonymous_3)
FN:226,(anonymous_4)
FN:274,(anonymous_5)
FN:333,(anonymous_6)
FN:335,(anonymous_7)
FN:346,(anonymous_8)
FN:348,(anonymous_9)
FN:364,(anonymous_10)
FN:366,(anonymous_11)
FN:382,(anonymous_12)
FN:384,(anonymous_13)
FN:395,(anonymous_14)
FN:397,(anonymous_15)
FN:401,(anonymous_16)
FN:410,(anonymous_17)
FN:419,(anonymous_18)
FN:430,(anonymous_19)
FN:439,(anonymous_20)
FN:447,(anonymous_21)
FN:456,(anonymous_22)
FN:461,(anonymous_23)
FN:462,(anonymous_24)
FN:466,(anonymous_25)
FN:473,(anonymous_26)
FN:475,(anonymous_27)
FN:476,(anonymous_28)
FN:480,(anonymous_29)
FN:484,(anonymous_30)
FN:485,(anonymous_31)
FN:489,(anonymous_32)
FN:493,(anonymous_33)
FN:500,(anonymous_34)
FN:507,(anonymous_35)
FNF:36
FNH:0
FNDA:0,(anonymous_0)
FNDA:0,(anonymous_1)
FNDA:0,(anonymous_2)
FNDA:0,(anonymous_3)
FNDA:0,(anonymous_4)
FNDA:0,(anonymous_5)
FNDA:0,(anonymous_6)
FNDA:0,(anonymous_7)
FNDA:0,(anonymous_8)
FNDA:0,(anonymous_9)
FNDA:0,(anonymous_10)
FNDA:0,(anonymous_11)
FNDA:0,(anonymous_12)
FNDA:0,(anonymous_13)
FNDA:0,(anonymous_14)
FNDA:0,(anonymous_15)
FNDA:0,(anonymous_16)
FNDA:0,(anonymous_17)
FNDA:0,(anonymous_18)
FNDA:0,(anonymous_19)
FNDA:0,(anonymous_20)
FNDA:0,(anonymous_21)
FNDA:0,(anonymous_22)
FNDA:0,(anonymous_23)
FNDA:0,(anonymous_24)
FNDA:0,(anonymous_25)
FNDA:0,(anonymous_26)
FNDA:0,(anonymous_27)
FNDA:0,(anonymous_28)
FNDA:0,(anonymous_29)
FNDA:0,(anonymous_30)
FNDA:0,(anonymous_31)
FNDA:0,(anonymous_32)
FNDA:0,(anonymous_33)
FNDA:0,(anonymous_34)
FNDA:0,(anonymous_35)
DA:4,0
DA:5,0
DA:9,0
DA:10,0
DA:11,0
DA:14,0
DA:23,0
DA:24,0
DA:33,0
DA:34,0
DA:37,0
DA:40,0
DA:41,0
DA:43,0
DA:44,0
DA:45,0
DA:46,0
DA:55,0
DA:58,0
DA:59,0
DA:61,0
DA:62,0
DA:63,0
DA:64,0
DA:66,0
DA:87,0
DA:90,0
DA:91,0
DA:101,0
DA:102,0
DA:105,0
DA:108,0
DA:119,0
DA:122,0
DA:123,0
DA:124,0
DA:125,0
DA:126,0
DA:128,0
DA:148,0
DA:151,0
DA:152,0
DA:162,0
DA:163,0
DA:166,0
DA:175,0
DA:176,0
DA:179,0
DA:182,0
DA:184,0
DA:185,0
DA:186,0
DA:187,0
DA:189,0
DA:190,0
DA:192,0
DA:213,0
DA:216,0
DA:217,0
DA:227,0
DA:229,0
DA:232,0
DA:235,0
DA:238,0
DA:240,0
DA:241,0
DA:243,0
DA:261,0
DA:264,0
DA:265,0
DA:275,0
DA:277,0
DA:287,0
DA:288,0
DA:289,0
DA:293,0
DA:296,0
DA:299,0
DA:301,0
DA:302,0
DA:304,0
DA:324,0
DA:327,0
DA:328,0
DA:334,0
DA:337,0
DA:338,0
DA:339,0
DA:341,0
DA:347,0
DA:350,0
DA:351,0
DA:365,0
DA:368,0
DA:369,0
DA:370,0
DA:372,0
DA:383,0
DA:386,0
DA:396,0
DA:399,0
DA:401,0
DA:411,0
DA:420,0
DA:431,0
DA:440,0
DA:448,0
DA:457,0
DA:458,0
DA:459,0
DA:461,0
DA:462,0
DA:463,0
DA:467,0
DA:468,0
DA:469,0
DA:470,0
DA:474,0
DA:475,0
DA:476,0
DA:477,0
DA:481,0
DA:482,0
DA:483,0
DA:484,0
DA:485,0
DA:486,0
DA:490,0
DA:494,0
DA:495,0
DA:501,0
DA:508,0
DA:518,0
LF:133
LH:0
BRDA:8,0,0,0
BRDA:61,1,0,0
BRDA:61,1,1,0
BRDA:61,2,0,0
BRDA:61,2,1,0
BRDA:122,3,0,0
BRDA:122,3,1,0
BRDA:122,4,0,0
BRDA:122,4,1,0
BRDA:184,5,0,0
BRDA:184,5,1,0
BRDA:184,6,0,0
BRDA:184,6,1,0
BRDA:189,7,0,0
BRDA:189,7,1,0
BRDA:193,8,0,0
BRDA:193,8,1,0
BRDA:240,9,0,0
BRDA:240,9,1,0
BRDA:240,10,0,0
BRDA:240,10,1,0
BRDA:301,11,0,0
BRDA:301,11,1,0
BRDA:301,12,0,0
BRDA:301,12,1,0
BRDA:338,13,0,0
BRDA:338,13,1,0
BRDA:339,14,0,0
BRDA:339,14,1,0
BRDA:369,15,0,0
BRDA:369,15,1,0
BRDA:370,16,0,0
BRDA:370,16,1,0
BRDA:388,17,0,0
BRDA:388,17,1,0
BRDA:442,18,0,0
BRDA:442,18,1,0
BRDA:467,19,0,0
BRDA:467,19,1,0
BRDA:467,20,0,0
BRDA:467,20,1,0
BRDA:468,21,0,0
BRDA:468,21,1,0
BRDA:469,22,0,0
BRDA:469,22,1,0
BRDA:470,23,0,0
BRDA:470,23,1,0
BRDA:474,24,0,0
BRDA:474,24,1,0
BRDA:474,25,0,0
BRDA:474,25,1,0
BRDA:481,26,0,0
BRDA:481,26,1,0
BRDA:495,27,0,0
BRDA:495,27,1,0
BRF:55
BRH:0
end_of_record
TN:
SF:src/validation/AIStrategyValidator.js
FN:7,(anonymous_0)
FN:43,(anonymous_1)
FN:157,(anonymous_2)
FN:165,(anonymous_3)
FN:166,(anonymous_4)
FN:168,(anonymous_5)
FN:169,(anonymous_6)
FN:170,(anonymous_7)
FN:179,(anonymous_8)
FN:180,(anonymous_9)
FN:220,(anonymous_10)
FN:233,(anonymous_11)
FN:262,(anonymous_12)
FN:274,(anonymous_13)
FN:299,(anonymous_14)
FN:323,(anonymous_15)
FN:340,(anonymous_16)
FN:353,(anonymous_17)
FN:364,(anonymous_18)
FN:376,(anonymous_19)
FN:410,(anonymous_20)
FN:419,(anonymous_21)
FN:454,(anonymous_22)
FN:457,(anonymous_23)
FN:475,(anonymous_24)
FN:512,(anonymous_25)
FN:513,(anonymous_26)
FN:516,(anonymous_27)
FN:519,(anonymous_28)
FN:520,(anonymous_29)
FN:520,(anonymous_30)
FN:523,(anonymous_31)
FN:524,(anonymous_32)
FN:530,(anonymous_33)
FN:534,(anonymous_34)
FN:564,(anonymous_35)
FN:567,(anonymous_36)
FN:568,(anonymous_37)
FN:572,(anonymous_38)
FN:578,(anonymous_39)
FN:587,(anonymous_40)
FN:590,(anonymous_41)
FN:598,(anonymous_42)
FN:619,(anonymous_43)
FN:622,(anonymous_44)
FN:623,(anonymous_45)
FN:629,(anonymous_46)
FN:645,(anonymous_47)
FN:646,(anonymous_48)
FN:653,(anonymous_49)
FNF:50
FNH:0
FNDA:0,(anonymous_0)
FNDA:0,(anonymous_1)
FNDA:0,(anonymous_2)
FNDA:0,(anonymous_3)
FNDA:0,(anonymous_4)
FNDA:0,(anonymous_5)
FNDA:0,(anonymous_6)
FNDA:0,(anonymous_7)
FNDA:0,(anonymous_8)
FNDA:0,(anonymous_9)
FNDA:0,(anonymous_10)
FNDA:0,(anonymous_11)
FNDA:0,(anonymous_12)
FNDA:0,(anonymous_13)
FNDA:0,(anonymous_14)
FNDA:0,(anonymous_15)
FNDA:0,(anonymous_16)
FNDA:0,(anonymous_17)
FNDA:0,(anonymous_18)
FNDA:0,(anonymous_19)
FNDA:0,(anonymous_20)
FNDA:0,(anonymous_21)
FNDA:0,(anonymous_22)
FNDA:0,(anonymous_23)
FNDA:0,(anonymous_24)
FNDA:0,(anonymous_25)
FNDA:0,(anonymous_26)
FNDA:0,(anonymous_27)
FNDA:0,(anonymous_28)
FNDA:0,(anonymous_29)
FNDA:0,(anonymous_30)
FNDA:0,(anonymous_31)
FNDA:0,(anonymous_32)
FNDA:0,(anonymous_33)
FNDA:0,(anonymous_34)
FNDA:0,(anonymous_35)
FNDA:0,(anonymous_36)
FNDA:0,(anonymous_37)
FNDA:0,(anonymous_38)
FNDA:0,(anonymous_39)
FNDA:0,(anonymous_40)
FNDA:0,(anonymous_41)
FNDA:0,(anonymous_42)
FNDA:0,(anonymous_43)
FNDA:0,(anonymous_44)
FNDA:0,(anonymous_45)
FNDA:0,(anonymous_46)
FNDA:0,(anonymous_47)
FNDA:0,(anonymous_48)
FNDA:0,(anonymous_49)
DA:4,0
DA:8,0
DA:9,0
DA:10,0
DA:11,0
DA:12,0
DA:15,0
DA:16,0
DA:17,0
DA:20,0
DA:32,0
DA:44,0
DA:45,0
DA:47,0
DA:58,0
DA:59,0
DA:60,0
DA:64,0
DA:65,0
DA:66,0
DA:70,0
DA:71,0
DA:72,0
DA:76,0
DA:77,0
DA:78,0
DA:79,0
DA:83,0
DA:84,0
DA:85,0
DA:86,0
DA:90,0
DA:91,0
DA:92,0
DA:96,0
DA:97,0
DA:98,0
DA:102,0
DA:103,0
DA:104,0
DA:108,0
DA:109,0
DA:110,0
DA:114,0
DA:115,0
DA:116,0
DA:117,0
DA:118,0
DA:123,0
DA:124,0
DA:125,0
DA:126,0
DA:127,0
DA:132,0
DA:135,0
DA:138,0
DA:140,0
DA:143,0
DA:144,0
DA:158,0
DA:159,0
DA:161,0
DA:162,0
DA:165,0
DA:166,0
DA:168,0
DA:169,0
DA:170,0
DA:172,0
DA:173,0
DA:174,0
DA:175,0
DA:178,0
DA:179,0
DA:180,0
DA:181,0
DA:182,0
DA:185,0
DA:186,0
DA:187,0
DA:189,0
DA:212,0
DA:213,0
DA:221,0
DA:222,0
DA:224,0
DA:226,0
DA:227,0
DA:228,0
DA:232,0
DA:233,0
DA:234,0
DA:236,0
DA:237,0
DA:240,0
DA:241,0
DA:242,0
DA:244,0
DA:246,0
DA:247,0
DA:248,0
DA:251,0
DA:254,0
DA:255,0
DA:263,0
DA:264,0
DA:265,0
DA:268,0
DA:269,0
DA:270,0
DA:274,0
DA:275,0
DA:276,0
DA:277,0
DA:281,0
DA:282,0
DA:283,0
DA:284,0
DA:285,0
DA:289,0
DA:290,0
DA:291,0
DA:292,0
DA:293,0
DA:298,0
DA:299,0
DA:300,0
DA:301,0
DA:302,0
DA:306,0
DA:308,0
DA:315,0
DA:316,0
DA:324,0
DA:327,0
DA:328,0
DA:329,0
DA:333,0
DA:334,0
DA:335,0
DA:339,0
DA:340,0
DA:341,0
DA:342,0
DA:343,0
DA:347,0
DA:354,0
DA:357,0
DA:358,0
DA:359,0
DA:360,0
DA:364,0
DA:365,0
DA:366,0
DA:367,0
DA:370,0
DA:378,0
DA:379,0
DA:380,0
DA:387,0
DA:388,0
DA:391,0
DA:395,0
DA:396,0
DA:397,0
DA:403,0
DA:413,0
DA:420,0
DA:428,0
DA:429,0
DA:430,0
DA:432,0
DA:433,0
DA:434,0
DA:436,0
DA:440,0
DA:442,0
DA:454,0
DA:458,0
DA:459,0
DA:460,0
DA:462,0
DA:463,0
DA:464,0
DA:465,0
DA:467,0
DA:469,0
DA:476,0
DA:484,0
DA:488,0
DA:513,0
DA:514,0
DA:516,0
DA:520,0
DA:521,0
DA:523,0
DA:524,0
DA:525,0
DA:527,0
DA:532,0
DA:534,0
DA:535,0
DA:536,0
DA:537,0
DA:538,0
DA:540,0
DA:541,0
DA:542,0
DA:548,0
DA:549,0
DA:551,0
DA:552,0
DA:553,0
DA:554,0
DA:555,0
DA:556,0
DA:557,0
DA:561,0
DA:565,0
DA:567,0
DA:568,0
DA:570,0
DA:572,0
DA:573,0
DA:575,0
DA:579,0
DA:581,0
DA:582,0
DA:584,0
DA:588,0
DA:590,0
DA:591,0
DA:592,0
DA:595,0
DA:599,0
DA:600,0
DA:601,0
DA:603,0
DA:604,0
DA:606,0
DA:607,0
DA:610,0
DA:611,0
DA:612,0
DA:616,0
DA:620,0
DA:622,0
DA:623,0
DA:624,0
DA:626,0
DA:630,0
DA:631,0
DA:633,0
DA:634,0
DA:635,0
DA:636,0
DA:638,0
DA:642,0
DA:646,0
DA:647,0
DA:648,0
DA:649,0
DA:650,0
DA:651,0
DA:653,0
DA:657,0
LF:266
LH:0
BRDA:7,0,0,0
BRDA:9,1,0,0
BRDA:9,1,1,0
BRDA:10,2,0,0
BRDA:10,2,1,0
BRDA:11,3,0,0
BRDA:11,3,1,0
BRDA:43,4,0,0
BRDA:58,5,0,0
BRDA:58,5,1,0
BRDA:64,6,0,0
BRDA:64,6,1,0
BRDA:70,7,0,0
BRDA:70,7,1,0
BRDA:70,8,0,0
BRDA:70,8,1,0
BRDA:77,9,0,0
BRDA:77,9,1,0
BRDA:77,10,0,0
BRDA:77,10,1,0
BRDA:84,11,0,0
BRDA:84,11,1,0
BRDA:90,12,0,0
BRDA:90,12,1,0
BRDA:96,13,0,0
BRDA:96,13,1,0
BRDA:102,14,0,0
BRDA:102,14,1,0
BRDA:108,15,0,0
BRDA:108,15,1,0
BRDA:114,16,0,0
BRDA:114,16,1,0
BRDA:116,17,0,0
BRDA:116,17,1,0
BRDA:123,18,0,0
BRDA:123,18,1,0
BRDA:125,19,0,0
BRDA:125,19,1,0
BRDA:161,20,0,0
BRDA:161,20,1,0
BRDA:173,21,0,0
BRDA:173,21,1,0
BRDA:174,22,0,0
BRDA:174,22,1,0
BRDA:175,23,0,0
BRDA:175,23,1,0
BRDA:222,24,0,0
BRDA:222,24,1,0
BRDA:224,25,0,0
BRDA:224,25,1,0
BRDA:233,26,0,0
BRDA:233,26,1,0
BRDA:234,27,0,0
BRDA:234,27,1,0
BRDA:241,28,0,0
BRDA:241,28,1,0
BRDA:246,29,0,0
BRDA:246,29,1,0
BRDA:268,30,0,0
BRDA:268,30,1,0
BRDA:268,31,0,0
BRDA:268,31,1,0
BRDA:268,31,2,0
BRDA:274,32,0,0
BRDA:274,32,1,0
BRDA:274,33,0,0
BRDA:274,33,1,0
BRDA:275,34,0,0
BRDA:275,34,1,0
BRDA:281,35,0,0
BRDA:281,35,1,0
BRDA:283,36,0,0
BRDA:283,36,1,0
BRDA:289,37,0,0
BRDA:289,37,1,0
BRDA:289,38,0,0
BRDA:289,38,1,0
BRDA:291,39,0,0
BRDA:291,39,1,0
BRDA:298,40,0,0
BRDA:298,40,1,0
BRDA:300,41,0,0
BRDA:300,41,1,0
BRDA:327,42,0,0
BRDA:327,42,1,0
BRDA:333,43,0,0
BRDA:333,43,1,0
BRDA:339,44,0,0
BRDA:339,44,1,0
BRDA:341,45,0,0
BRDA:341,45,1,0
BRDA:358,46,0,0
BRDA:358,46,1,0
BRDA:365,47,0,0
BRDA:365,47,1,0
BRDA:378,48,0,0
BRDA:378,48,1,0
BRDA:379,49,0,0
BRDA:379,49,1,0
BRDA:387,50,0,0
BRDA:387,50,1,0
BRDA:395,51,0,0
BRDA:395,51,1,0
BRDA:396,52,0,0
BRDA:396,52,1,0
BRDA:428,53,0,0
BRDA:428,53,1,0
BRDA:436,54,0,0
BRDA:436,54,1,0
BRDA:484,55,0,0
BRDA:484,55,1,0
BRDA:513,56,0,0
BRDA:513,56,1,0
BRDA:514,57,0,0
BRDA:514,57,1,0
BRDA:521,58,0,0
BRDA:521,58,1,0
BRDA:535,59,0,0
BRDA:535,59,1,0
BRDA:537,60,0,0
BRDA:537,60,1,0
BRDA:541,61,0,0
BRDA:541,61,1,0
BRDA:552,62,0,0
BRDA:552,62,1,0
BRDA:561,63,0,0
BRDA:561,63,1,0
BRDA:565,64,0,0
BRDA:565,64,1,0
BRDA:570,65,0,0
BRDA:570,65,1,0
BRDA:575,66,0,0
BRDA:575,66,1,0
BRDA:579,67,0,0
BRDA:579,67,1,0
BRDA:584,68,0,0
BRDA:584,68,1,0
BRDA:588,69,0,0
BRDA:588,69,1,0
BRDA:591,70,0,0
BRDA:591,70,1,0
BRDA:606,71,0,0
BRDA:606,71,1,0
BRDA:611,72,0,0
BRDA:611,72,1,0
BRDA:620,73,0,0
BRDA:620,73,1,0
BRDA:626,74,0,0
BRDA:626,74,1,0
BRDA:634,75,0,0
BRDA:634,75,1,0
BRDA:653,76,0,0
BRDA:653,76,1,0
BRF:153
BRH:0
end_of_record
TN:
SF:src/validation/StrategyValidator.js
FN:7,(anonymous_0)
FN:32,(anonymous_1)
FN:110,(anonymous_2)
FN:118,(anonymous_3)
FN:119,(anonymous_4)
FN:121,(anonymous_5)
FN:122,(anonymous_6)
FN:123,(anonymous_7)
FN:134,(anonymous_8)
FN:165,(anonymous_9)
FN:170,(anonymous_10)
FN:176,(anonymous_11)
FN:180,(anonymous_12)
FN:187,(anonymous_13)
FN:227,(anonymous_14)
FN:234,(anonymous_15)
FN:258,(anonymous_16)
FN:261,(anonymous_17)
FN:262,(anonymous_18)
FN:271,(anonymous_19)
FN:290,(anonymous_20)
FN:307,(anonymous_21)
FN:339,(anonymous_22)
FN:368,(anonymous_23)
FN:381,(anonymous_24)
FNF:25
FNH:0
FNDA:0,(anonymous_0)
FNDA:0,(anonymous_1)
FNDA:0,(anonymous_2)
FNDA:0,(anonymous_3)
FNDA:0,(anonymous_4)
FNDA:0,(anonymous_5)
FNDA:0,(anonymous_6)
FNDA:0,(anonymous_7)
FNDA:0,(anonymous_8)
FNDA:0,(anonymous_9)
FNDA:0,(anonymous_10)
FNDA:0,(anonymous_11)
FNDA:0,(anonymous_12)
FNDA:0,(anonymous_13)
FNDA:0,(anonymous_14)
FNDA:0,(anonymous_15)
FNDA:0,(anonymous_16)
FNDA:0,(anonymous_17)
FNDA:0,(anonymous_18)
FNDA:0,(anonymous_19)
FNDA:0,(anonymous_20)
FNDA:0,(anonymous_21)
FNDA:0,(anonymous_22)
FNDA:0,(anonymous_23)
FNDA:0,(anonymous_24)
DA:4,0
DA:8,0
DA:9,0
DA:10,0
DA:11,0
DA:12,0
DA:15,0
DA:16,0
DA:17,0
DA:20,0
DA:33,0
DA:34,0
DA:37,0
DA:46,0
DA:47,0
DA:48,0
DA:52,0
DA:53,0
DA:54,0
DA:58,0
DA:59,0
DA:60,0
DA:64,0
DA:65,0
DA:66,0
DA:70,0
DA:71,0
DA:72,0
DA:76,0
DA:77,0
DA:78,0
DA:82,0
DA:83,0
DA:84,0
DA:85,0
DA:89,0
DA:92,0
DA:94,0
DA:97,0
DA:98,0
DA:111,0
DA:112,0
DA:114,0
DA:115,0
DA:118,0
DA:119,0
DA:121,0
DA:122,0
DA:123,0
DA:125,0
DA:126,0
DA:127,0
DA:128,0
DA:131,0
DA:134,0
DA:135,0
DA:138,0
DA:140,0
DA:157,0
DA:158,0
DA:166,0
DA:167,0
DA:169,0
DA:170,0
DA:172,0
DA:173,0
DA:176,0
DA:177,0
DA:180,0
DA:188,0
DA:189,0
DA:190,0
DA:193,0
DA:206,0
DA:209,0
DA:210,0
DA:211,0
DA:215,0
DA:217,0
DA:220,0
DA:228,0
DA:235,0
DA:236,0
DA:237,0
DA:239,0
DA:240,0
DA:242,0
DA:243,0
DA:246,0
DA:247,0
DA:248,0
DA:252,0
DA:259,0
DA:261,0
DA:262,0
DA:263,0
DA:265,0
DA:272,0
DA:273,0
DA:275,0
DA:276,0
DA:277,0
DA:278,0
DA:280,0
DA:284,0
DA:291,0
DA:292,0
DA:298,0
DA:309,0
DA:317,0
DA:319,0
DA:340,0
DA:343,0
DA:344,0
DA:348,0
DA:356,0
DA:357,0
DA:358,0
DA:362,0
DA:369,0
DA:371,0
DA:382,0
DA:384,0
DA:387,0
DA:390,0
DA:393,0
DA:396,0
DA:398,0
DA:402,0
LF:129
LH:0
BRDA:7,0,0,0
BRDA:9,1,0,0
BRDA:9,1,1,0
BRDA:10,2,0,0
BRDA:10,2,1,0
BRDA:11,3,0,0
BRDA:11,3,1,0
BRDA:46,4,0,0
BRDA:46,4,1,0
BRDA:52,5,0,0
BRDA:52,5,1,0
BRDA:58,6,0,0
BRDA:58,6,1,0
BRDA:64,7,0,0
BRDA:64,7,1,0
BRDA:70,8,0,0
BRDA:70,8,1,0
BRDA:76,9,0,0
BRDA:76,9,1,0
BRDA:83,10,0,0
BRDA:83,10,1,0
BRDA:114,11,0,0
BRDA:114,11,1,0
BRDA:126,12,0,0
BRDA:126,12,1,0
BRDA:127,13,0,0
BRDA:127,13,1,0
BRDA:128,14,0,0
BRDA:128,14,1,0
BRDA:165,15,0,0
BRDA:172,16,0,0
BRDA:172,16,1,0
BRDA:189,17,0,0
BRDA:189,17,1,0
BRDA:201,18,0,0
BRDA:201,18,1,0
BRDA:202,19,0,0
BRDA:202,19,1,0
BRDA:210,20,0,0
BRDA:210,20,1,0
BRDA:228,21,0,0
BRDA:228,21,1,0
BRDA:242,22,0,0
BRDA:242,22,1,0
BRDA:247,23,0,0
BRDA:247,23,1,0
BRDA:259,24,0,0
BRDA:259,24,1,0
BRDA:265,25,0,0
BRDA:265,25,1,0
BRDA:276,26,0,0
BRDA:276,26,1,0
BRDA:317,27,0,0
BRDA:317,27,1,0
BRDA:357,28,0,0
BRDA:357,28,1,0
BRDA:372,29,0,0
BRDA:372,29,1,0
BRDA:372,29,2,0
BRF:59
BRH:0
end_of_record
TN:
SF:src/validation/strategyValidation.js
FN:5,(anonymous_0)
FN:11,(anonymous_1)
FN:90,(anonymous_2)
FN:97,(anonymous_3)
FN:127,(anonymous_4)
FN:151,(anonymous_5)
FN:181,(anonymous_6)
FN:188,(anonymous_7)
FN:195,(anonymous_8)
FN:202,(anonymous_9)
FN:214,(anonymous_10)
FNF:11
FNH:0
FNDA:0,(anonymous_0)
FNDA:0,(anonymous_1)
FNDA:0,(anonymous_2)
FNDA:0,(anonymous_3)
FNDA:0,(anonymous_4)
FNDA:0,(anonymous_5)
FNDA:0,(anonymous_6)
FNDA:0,(anonymous_7)
FNDA:0,(anonymous_8)
FNDA:0,(anonymous_9)
FNDA:0,(anonymous_10)
DA:1,0
DA:2,0
DA:6,0
DA:7,0
DA:8,0
DA:13,0
DA:28,0
DA:64,0
DA:70,0
DA:76,0
DA:91,0
DA:96,0
DA:97,0
DA:103,0
DA:112,0
DA:117,0
DA:118,0
DA:121,0
DA:128,0
DA:130,0
DA:132,0
DA:133,0
DA:141,0
DA:142,0
DA:146,0
DA:150,0
DA:151,0
DA:157,0
DA:165,0
DA:168,0
DA:169,0
DA:182,0
DA:189,0
DA:196,0
DA:203,0
DA:204,0
DA:205,0
DA:208,0
DA:213,0
DA:214,0
DA:220,0
DA:228,0
DA:232,0
LF:43
LH:0
BRDA:5,0,0,0
BRDA:96,1,0,0
BRDA:96,1,1,0
BRDA:117,2,0,0
BRDA:117,2,1,0
BRDA:132,3,0,0
BRDA:132,3,1,0
BRDA:141,4,0,0
BRDA:141,4,1,0
BRDA:150,5,0,0
BRDA:150,5,1,0
BRDA:204,6,0,0
BRDA:204,6,1,0
BRDA:213,7,0,0
BRDA:213,7,1,0
BRF:15
BRH:0
end_of_record
